<?xml version="1.0" encoding="UTF-8"?>
<coverage generated="1502437673219" clover="3.2.0">
  <project timestamp="1502437673220" name="All files">
    <metrics statements="1083" coveredstatements="61" conditionals="5229" coveredconditionals="26" methods="1222" coveredmethods="22" elements="7534" coveredelements="109" complexity="0" loc="1083" ncloc="1083" packages="20" files="46" classes="46">
      <package name="app">
        <metrics statements="24" coveredstatements="23" conditionals="14" coveredconditionals="12" methods="5" coveredmethods="5"/>
        <file name="global-styles.js" path="/Users/hassankhokhar/Desktop/Expanse/app/global-styles.js">
          <metrics statements="1" coveredstatements="0" conditionals="0" coveredconditionals="0" methods="0" coveredmethods="0"/>
          <line num="1" count="0" type="stmt"/>
        </file>
        <file name="i18n.js" path="/Users/hassankhokhar/Desktop/Expanse/app/i18n.js">
          <metrics statements="11" coveredstatements="11" conditionals="6" coveredconditionals="6" methods="2" coveredmethods="2"/>
          <line num="16" count="2" type="stmt"/>
          <line num="17" count="2" type="stmt"/>
          <line num="19" count="2" type="stmt"/>
          <line num="26" count="2" type="stmt"/>
          <line num="27" count="11" type="cond" truecount="2" falsecount="0"/>
          <line num="30" count="11" type="stmt"/>
          <line num="31" count="155" type="stmt"/>
          <line num="32" count="155" type="cond" truecount="4" falsecount="0"/>
          <line num="33" count="5" type="stmt"/>
          <line num="35" count="155" type="stmt"/>
          <line num="39" count="2" type="stmt"/>
        </file>
        <file name="reducers.js" path="/Users/hassankhokhar/Desktop/Expanse/app/reducers.js">
          <metrics statements="4" coveredstatements="4" conditionals="2" coveredconditionals="2" methods="2" coveredmethods="2"/>
          <line num="21" count="3" type="stmt"/>
          <line num="29" count="8" type="cond" truecount="1" falsecount="0"/>
          <line num="36" count="8" type="stmt"/>
          <line num="44" count="6" type="stmt"/>
        </file>
        <file name="store.js" path="/Users/hassankhokhar/Desktop/Expanse/app/store.js">
          <metrics statements="8" coveredstatements="8" conditionals="6" coveredconditionals="4" methods="1" coveredmethods="1"/>
          <line num="11" count="3" type="stmt"/>
          <line num="17" count="4" type="stmt"/>
          <line num="22" count="4" type="stmt"/>
          <line num="29" count="4" type="cond" truecount="4" falsecount="1"/>
          <line num="35" count="4" type="stmt"/>
          <line num="42" count="4" type="stmt"/>
          <line num="43" count="4" type="stmt"/>
          <line num="58" count="4" type="stmt"/>
        </file>
      </package>
      <package name="app.components.About">
        <metrics statements="5" coveredstatements="0" conditionals="33" coveredconditionals="0" methods="10" coveredmethods="0"/>
        <file name="index.js" path="/Users/hassankhokhar/Desktop/Expanse/app/components/About/index.js">
          <metrics statements="5" coveredstatements="0" conditionals="33" coveredconditionals="0" methods="10" coveredmethods="0"/>
          <line num="1" count="0" type="cond" truecount="0" falsecount="8"/>
          <line num="11" count="0" type="cond" truecount="0" falsecount="23"/>
          <line num="15" count="0" type="cond" truecount="0" falsecount="2"/>
          <line num="23" count="0" type="stmt"/>
          <line num="116" count="0" type="stmt"/>
        </file>
      </package>
      <package name="app.components.Buy">
        <metrics statements="6" coveredstatements="0" conditionals="33" coveredconditionals="0" methods="10" coveredmethods="0"/>
        <file name="index.js" path="/Users/hassankhokhar/Desktop/Expanse/app/components/Buy/index.js">
          <metrics statements="6" coveredstatements="0" conditionals="33" coveredconditionals="0" methods="10" coveredmethods="0"/>
          <line num="1" count="0" type="cond" truecount="0" falsecount="8"/>
          <line num="13" count="0" type="cond" truecount="0" falsecount="23"/>
          <line num="18" count="0" type="cond" truecount="0" falsecount="2"/>
          <line num="19" count="0" type="stmt"/>
          <line num="104" count="0" type="stmt"/>
          <line num="107" count="0" type="stmt"/>
        </file>
      </package>
      <package name="app.components.ContactUs">
        <metrics statements="6" coveredstatements="0" conditionals="33" coveredconditionals="0" methods="10" coveredmethods="0"/>
        <file name="index.js" path="/Users/hassankhokhar/Desktop/Expanse/app/components/ContactUs/index.js">
          <metrics statements="6" coveredstatements="0" conditionals="33" coveredconditionals="0" methods="10" coveredmethods="0"/>
          <line num="1" count="0" type="cond" truecount="0" falsecount="8"/>
          <line num="9" count="0" type="cond" truecount="0" falsecount="23"/>
          <line num="14" count="0" type="cond" truecount="0" falsecount="2"/>
          <line num="15" count="0" type="stmt"/>
          <line num="166" count="0" type="stmt"/>
          <line num="169" count="0" type="stmt"/>
        </file>
      </package>
      <package name="app.components.Footer">
        <metrics statements="6" coveredstatements="0" conditionals="33" coveredconditionals="0" methods="10" coveredmethods="0"/>
        <file name="index.js" path="/Users/hassankhokhar/Desktop/Expanse/app/components/Footer/index.js">
          <metrics statements="6" coveredstatements="0" conditionals="33" coveredconditionals="0" methods="10" coveredmethods="0"/>
          <line num="1" count="0" type="cond" truecount="0" falsecount="8"/>
          <line num="7" count="0" type="cond" truecount="0" falsecount="23"/>
          <line num="12" count="0" type="cond" truecount="0" falsecount="2"/>
          <line num="13" count="0" type="stmt"/>
          <line num="29" count="0" type="stmt"/>
          <line num="32" count="0" type="stmt"/>
        </file>
      </package>
      <package name="app.components.Home">
        <metrics statements="7" coveredstatements="0" conditionals="33" coveredconditionals="0" methods="10" coveredmethods="0"/>
        <file name="index.js" path="/Users/hassankhokhar/Desktop/Expanse/app/components/Home/index.js">
          <metrics statements="7" coveredstatements="0" conditionals="33" coveredconditionals="0" methods="10" coveredmethods="0"/>
          <line num="1" count="0" type="cond" truecount="0" falsecount="8"/>
          <line num="5" count="0" type="cond" truecount="0" falsecount="23"/>
          <line num="7" count="0" type="stmt"/>
          <line num="8" count="0" type="cond" truecount="0" falsecount="2"/>
          <line num="13" count="0" type="stmt"/>
          <line num="15" count="0" type="stmt"/>
          <line num="28" count="0" type="stmt"/>
        </file>
      </package>
      <package name="app.components.Navigation">
        <metrics statements="4" coveredstatements="0" conditionals="27" coveredconditionals="0" methods="9" coveredmethods="0"/>
        <file name="index.js" path="/Users/hassankhokhar/Desktop/Expanse/app/components/Navigation/index.js">
          <metrics statements="3" coveredstatements="0" conditionals="27" coveredconditionals="0" methods="9" coveredmethods="0"/>
          <line num="1" count="0" type="cond" truecount="0" falsecount="8"/>
          <line num="220" count="0" type="cond" truecount="0" falsecount="19"/>
          <line num="221" count="0" type="stmt"/>
        </file>
        <file name="messages.js" path="/Users/hassankhokhar/Desktop/Expanse/app/components/Navigation/messages.js">
          <metrics statements="1" coveredstatements="0" conditionals="0" coveredconditionals="0" methods="0" coveredmethods="0"/>
          <line num="1" count="0" type="stmt"/>
        </file>
      </package>
      <package name="app.components.Services">
        <metrics statements="6" coveredstatements="0" conditionals="33" coveredconditionals="0" methods="10" coveredmethods="0"/>
        <file name="index.js" path="/Users/hassankhokhar/Desktop/Expanse/app/components/Services/index.js">
          <metrics statements="6" coveredstatements="0" conditionals="33" coveredconditionals="0" methods="10" coveredmethods="0"/>
          <line num="1" count="0" type="cond" truecount="0" falsecount="8"/>
          <line num="9" count="0" type="cond" truecount="0" falsecount="23"/>
          <line num="14" count="0" type="cond" truecount="0" falsecount="2"/>
          <line num="15" count="0" type="stmt"/>
          <line num="72" count="0" type="stmt"/>
          <line num="75" count="0" type="stmt"/>
        </file>
      </package>
      <package name="app.components.SkillArea">
        <metrics statements="6" coveredstatements="0" conditionals="33" coveredconditionals="0" methods="10" coveredmethods="0"/>
        <file name="index.js" path="/Users/hassankhokhar/Desktop/Expanse/app/components/SkillArea/index.js">
          <metrics statements="6" coveredstatements="0" conditionals="33" coveredconditionals="0" methods="10" coveredmethods="0"/>
          <line num="1" count="0" type="cond" truecount="0" falsecount="8"/>
          <line num="9" count="0" type="cond" truecount="0" falsecount="23"/>
          <line num="14" count="0" type="cond" truecount="0" falsecount="2"/>
          <line num="15" count="0" type="stmt"/>
          <line num="60" count="0" type="stmt"/>
          <line num="63" count="0" type="stmt"/>
        </file>
      </package>
      <package name="app.components.Team">
        <metrics statements="6" coveredstatements="0" conditionals="33" coveredconditionals="0" methods="10" coveredmethods="0"/>
        <file name="index.js" path="/Users/hassankhokhar/Desktop/Expanse/app/components/Team/index.js">
          <metrics statements="6" coveredstatements="0" conditionals="33" coveredconditionals="0" methods="10" coveredmethods="0"/>
          <line num="1" count="0" type="cond" truecount="0" falsecount="8"/>
          <line num="9" count="0" type="cond" truecount="0" falsecount="23"/>
          <line num="11" count="0" type="cond" truecount="0" falsecount="2"/>
          <line num="13" count="0" type="stmt"/>
          <line num="21" count="0" type="stmt"/>
          <line num="250" count="0" type="stmt"/>
        </file>
      </package>
      <package name="app.components.Toggle">
        <metrics statements="9" coveredstatements="0" conditionals="10" coveredconditionals="0" methods="5" coveredmethods="0"/>
        <file name="Select.js" path="/Users/hassankhokhar/Desktop/Expanse/app/components/Toggle/Select.js">
          <metrics statements="2" coveredstatements="0" conditionals="4" coveredconditionals="0" methods="2" coveredmethods="0"/>
          <line num="1" count="0" type="cond" truecount="0" falsecount="4"/>
          <line num="3" count="0" type="stmt"/>
        </file>
        <file name="index.js" path="/Users/hassankhokhar/Desktop/Expanse/app/components/Toggle/index.js">
          <metrics statements="7" coveredstatements="0" conditionals="6" coveredconditionals="0" methods="3" coveredmethods="0"/>
          <line num="1" count="0" type="stmt"/>
          <line num="10" count="0" type="cond" truecount="0" falsecount="4"/>
          <line num="13" count="0" type="stmt"/>
          <line num="16" count="0" type="cond" truecount="0" falsecount="2"/>
          <line num="17" count="0" type="stmt"/>
          <line num="22" count="0" type="stmt"/>
          <line num="31" count="0" type="stmt"/>
        </file>
      </package>
      <package name="app.components.ToggleOption">
        <metrics statements="3" coveredstatements="0" conditionals="0" coveredconditionals="0" methods="1" coveredmethods="0"/>
        <file name="index.js" path="/Users/hassankhokhar/Desktop/Expanse/app/components/ToggleOption/index.js">
          <metrics statements="3" coveredstatements="0" conditionals="0" coveredconditionals="0" methods="1" coveredmethods="0"/>
          <line num="1" count="0" type="stmt"/>
          <line num="12" count="0" type="stmt"/>
          <line num="18" count="0" type="stmt"/>
        </file>
      </package>
      <package name="app.containers.App">
        <metrics statements="9" coveredstatements="9" conditionals="2" coveredconditionals="2" methods="3" coveredmethods="3"/>
        <file name="constants.js" path="/Users/hassankhokhar/Desktop/Expanse/app/containers/App/constants.js">
          <metrics statements="1" coveredstatements="1" conditionals="0" coveredconditionals="0" methods="0" coveredmethods="0"/>
          <line num="12" count="5" type="stmt"/>
        </file>
        <file name="index.js" path="/Users/hassankhokhar/Desktop/Expanse/app/containers/App/index.js">
          <metrics statements="1" coveredstatements="1" conditionals="0" coveredconditionals="0" methods="1" coveredmethods="1"/>
          <line num="22" count="1" type="stmt"/>
        </file>
        <file name="selectors.js" path="/Users/hassankhokhar/Desktop/Expanse/app/containers/App/selectors.js">
          <metrics statements="7" coveredstatements="7" conditionals="2" coveredconditionals="2" methods="2" coveredmethods="2"/>
          <line num="2" count="1" type="stmt"/>
          <line num="6" count="2" type="stmt"/>
          <line num="7" count="3" type="stmt"/>
          <line num="9" count="3" type="cond" truecount="2" falsecount="0"/>
          <line num="10" count="2" type="stmt"/>
          <line num="11" count="2" type="stmt"/>
          <line num="14" count="3" type="stmt"/>
        </file>
      </package>
      <package name="app.containers.HomePage">
        <metrics statements="5" coveredstatements="0" conditionals="33" coveredconditionals="0" methods="10" coveredmethods="0"/>
        <file name="index.js" path="/Users/hassankhokhar/Desktop/Expanse/app/containers/HomePage/index.js">
          <metrics statements="4" coveredstatements="0" conditionals="33" coveredconditionals="0" methods="10" coveredmethods="0"/>
          <line num="1" count="0" type="cond" truecount="0" falsecount="8"/>
          <line num="15" count="0" type="cond" truecount="0" falsecount="23"/>
          <line num="24" count="0" type="cond" truecount="0" falsecount="2"/>
          <line num="25" count="0" type="stmt"/>
        </file>
        <file name="messages.js" path="/Users/hassankhokhar/Desktop/Expanse/app/containers/HomePage/messages.js">
          <metrics statements="1" coveredstatements="0" conditionals="0" coveredconditionals="0" methods="0" coveredmethods="0"/>
          <line num="1" count="0" type="stmt"/>
        </file>
      </package>
      <package name="app.containers.LanguageProvider">
        <metrics statements="13" coveredstatements="13" conditionals="3" coveredconditionals="3" methods="7" coveredmethods="7"/>
        <file name="actions.js" path="/Users/hassankhokhar/Desktop/Expanse/app/containers/LanguageProvider/actions.js">
          <metrics statements="1" coveredstatements="1" conditionals="0" coveredconditionals="0" methods="1" coveredmethods="1"/>
          <line num="12" count="1" type="stmt"/>
        </file>
        <file name="constants.js" path="/Users/hassankhokhar/Desktop/Expanse/app/containers/LanguageProvider/constants.js">
          <metrics statements="1" coveredstatements="1" conditionals="0" coveredconditionals="0" methods="0" coveredmethods="0"/>
          <line num="7" count="5" type="stmt"/>
        </file>
        <file name="index.js" path="/Users/hassankhokhar/Desktop/Expanse/app/containers/LanguageProvider/index.js">
          <metrics statements="4" coveredstatements="4" conditionals="0" coveredconditionals="0" methods="2" coveredmethods="2"/>
          <line num="18" count="2" type="stmt"/>
          <line num="26" count="1" type="stmt"/>
          <line num="33" count="1" type="stmt"/>
          <line num="35" count="1" type="stmt"/>
        </file>
        <file name="reducer.js" path="/Users/hassankhokhar/Desktop/Expanse/app/containers/LanguageProvider/reducer.js">
          <metrics statements="4" coveredstatements="4" conditionals="3" coveredconditionals="3" methods="1" coveredmethods="1"/>
          <line num="16" count="4" type="stmt"/>
          <line num="21" count="10" type="cond" truecount="2" falsecount="0"/>
          <line num="23" count="1" type="stmt"/>
          <line num="26" count="9" type="stmt"/>
        </file>
        <file name="selectors.js" path="/Users/hassankhokhar/Desktop/Expanse/app/containers/LanguageProvider/selectors.js">
          <metrics statements="3" coveredstatements="3" conditionals="0" coveredconditionals="0" methods="3" coveredmethods="3"/>
          <line num="6" count="2" type="stmt"/>
          <line num="12" count="2" type="stmt"/>
          <line num="14" count="1" type="stmt"/>
        </file>
      </package>
      <package name="app.containers.LocaleToggle">
        <metrics statements="7" coveredstatements="0" conditionals="39" coveredconditionals="0" methods="19" coveredmethods="0"/>
        <file name="Wrapper.js" path="/Users/hassankhokhar/Desktop/Expanse/app/containers/LocaleToggle/Wrapper.js">
          <metrics statements="2" coveredstatements="0" conditionals="4" coveredconditionals="0" methods="2" coveredmethods="0"/>
          <line num="1" count="0" type="cond" truecount="0" falsecount="4"/>
          <line num="3" count="0" type="stmt"/>
        </file>
        <file name="index.js" path="/Users/hassankhokhar/Desktop/Expanse/app/containers/LocaleToggle/index.js">
          <metrics statements="4" coveredstatements="0" conditionals="35" coveredconditionals="0" methods="17" coveredmethods="0"/>
          <line num="1" count="0" type="cond" truecount="0" falsecount="8"/>
          <line num="126" count="0" type="cond" truecount="0" falsecount="23"/>
          <line num="133" count="0" type="cond" truecount="0" falsecount="4"/>
          <line num="135" count="0" type="stmt"/>
        </file>
        <file name="messages.js" path="/Users/hassankhokhar/Desktop/Expanse/app/containers/LocaleToggle/messages.js">
          <metrics statements="1" coveredstatements="0" conditionals="0" coveredconditionals="0" methods="0" coveredmethods="0"/>
          <line num="1" count="0" type="stmt"/>
        </file>
      </package>
      <package name="app.containers.NotFoundPage">
        <metrics statements="1" coveredstatements="1" conditionals="0" coveredconditionals="0" methods="1" coveredmethods="1"/>
        <file name="index.js" path="/Users/hassankhokhar/Desktop/Expanse/app/containers/NotFoundPage/index.js">
          <metrics statements="1" coveredstatements="1" conditionals="0" coveredconditionals="0" methods="1" coveredmethods="1"/>
          <line num="19" count="1" type="stmt"/>
        </file>
        <file name="messages.js" path="/Users/hassankhokhar/Desktop/Expanse/app/containers/NotFoundPage/messages.js">
          <metrics statements="0" coveredstatements="0" conditionals="0" coveredconditionals="0" methods="0" coveredmethods="0"/>
        </file>
      </package>
      <package name="app.js">
        <metrics statements="940" coveredstatements="0" conditionals="1830" coveredconditionals="0" methods="468" coveredmethods="0"/>
        <file name="app.js" path="/Users/hassankhokhar/Desktop/Expanse/app/js/app.js">
          <metrics statements="2" coveredstatements="0" conditionals="0" coveredconditionals="0" methods="1" coveredmethods="0"/>
          <line num="14" count="0" type="stmt"/>
          <line num="15" count="0" type="stmt"/>
        </file>
        <file name="bootstrap.min.js" path="/Users/hassankhokhar/Desktop/Expanse/app/js/bootstrap.min.js">
          <metrics statements="3" coveredstatements="0" conditionals="744" coveredconditionals="0" methods="192" coveredmethods="0"/>
          <line num="1" count="0" type="cond" truecount="0" falsecount="10"/>
          <line num="6" count="0" type="cond" truecount="0" falsecount="643"/>
          <line num="7" count="0" type="cond" truecount="0" falsecount="91"/>
        </file>
        <file name="jquery.initialize.js" path="/Users/hassankhokhar/Desktop/Expanse/app/js/jquery.initialize.js">
          <metrics statements="21" coveredstatements="0" conditionals="2" coveredconditionals="0" methods="7" coveredmethods="0"/>
          <line num="9" count="0" type="stmt"/>
          <line num="14" count="0" type="stmt"/>
          <line num="15" count="0" type="stmt"/>
          <line num="16" count="0" type="stmt"/>
          <line num="20" count="0" type="stmt"/>
          <line num="21" count="0" type="stmt"/>
          <line num="25" count="0" type="stmt"/>
          <line num="26" count="0" type="stmt"/>
          <line num="27" count="0" type="cond" truecount="0" falsecount="2"/>
          <line num="28" count="0" type="stmt"/>
          <line num="29" count="0" type="stmt"/>
          <line num="34" count="0" type="stmt"/>
          <line num="37" count="0" type="stmt"/>
          <line num="41" count="0" type="stmt"/>
          <line num="44" count="0" type="stmt"/>
          <line num="45" count="0" type="stmt"/>
          <line num="50" count="0" type="stmt"/>
          <line num="53" count="0" type="stmt"/>
          <line num="54" count="0" type="stmt"/>
          <line num="56" count="0" type="stmt"/>
          <line num="57" count="0" type="stmt"/>
        </file>
        <file name="jquery.scrollUp.min.js" path="/Users/hassankhokhar/Desktop/Expanse/app/js/jquery.scrollUp.min.js">
          <metrics statements="1" coveredstatements="0" conditionals="30" coveredconditionals="0" methods="6" coveredmethods="0"/>
          <line num="7" count="0" type="cond" truecount="0" falsecount="30"/>
        </file>
        <file name="jquery.slicknav.min.js" path="/Users/hassankhokhar/Desktop/Expanse/app/js/jquery.slicknav.min.js">
          <metrics statements="2" coveredstatements="0" conditionals="143" coveredconditionals="0" methods="47" coveredmethods="0"/>
          <line num="1" count="0" type="cond" truecount="0" falsecount="10"/>
          <line num="6" count="0" type="cond" truecount="0" falsecount="133"/>
        </file>
        <file name="main.js" path="/Users/hassankhokhar/Desktop/Expanse/app/js/main.js">
          <metrics statements="5" coveredstatements="0" conditionals="2" coveredconditionals="0" methods="2" coveredmethods="0"/>
          <line num="1" count="0" type="stmt"/>
          <line num="11" count="0" type="stmt"/>
          <line num="12" count="0" type="cond" truecount="0" falsecount="2"/>
          <line num="13" count="0" type="stmt"/>
          <line num="16" count="0" type="stmt"/>
        </file>
        <file name="newScript.js" path="/Users/hassankhokhar/Desktop/Expanse/app/js/newScript.js">
          <metrics statements="4" coveredstatements="0" conditionals="2" coveredconditionals="0" methods="1" coveredmethods="0"/>
          <line num="5" count="0" type="stmt"/>
          <line num="6" count="0" type="cond" truecount="0" falsecount="2"/>
          <line num="7" count="0" type="stmt"/>
          <line num="10" count="0" type="stmt"/>
        </file>
        <file name="owl.carousel.min.js" path="/Users/hassankhokhar/Desktop/Expanse/app/js/owl.carousel.min.js">
          <metrics statements="46" coveredstatements="0" conditionals="376" coveredconditionals="0" methods="114" coveredmethods="0"/>
          <line num="1" count="0" type="cond" truecount="0" falsecount="2"/>
          <line num="2" count="0" type="cond" truecount="0" falsecount="6"/>
          <line num="3" count="0" type="cond" truecount="0" falsecount="2"/>
          <line num="4" count="0" type="cond" truecount="0" falsecount="4"/>
          <line num="5" count="0" type="cond" truecount="0" falsecount="10"/>
          <line num="6" count="0" type="cond" truecount="0" falsecount="6"/>
          <line num="7" count="0" type="cond" truecount="0" falsecount="2"/>
          <line num="8" count="0" type="cond" truecount="0" falsecount="8"/>
          <line num="9" count="0" type="cond" truecount="0" falsecount="9"/>
          <line num="10" count="0" type="cond" truecount="0" falsecount="15"/>
          <line num="11" count="0" type="cond" truecount="0" falsecount="8"/>
          <line num="12" count="0" type="cond" truecount="0" falsecount="6"/>
          <line num="13" count="0" type="cond" truecount="0" falsecount="2"/>
          <line num="14" count="0" type="cond" truecount="0" falsecount="8"/>
          <line num="15" count="0" type="cond" truecount="0" falsecount="6"/>
          <line num="16" count="0" type="cond" truecount="0" falsecount="4"/>
          <line num="17" count="0" type="cond" truecount="0" falsecount="4"/>
          <line num="18" count="0" type="cond" truecount="0" falsecount="14"/>
          <line num="19" count="0" type="cond" truecount="0" falsecount="11"/>
          <line num="20" count="0" type="cond" truecount="0" falsecount="17"/>
          <line num="21" count="0" type="cond" truecount="0" falsecount="18"/>
          <line num="22" count="0" type="cond" truecount="0" falsecount="8"/>
          <line num="23" count="0" type="cond" truecount="0" falsecount="14"/>
          <line num="24" count="0" type="cond" truecount="0" falsecount="7"/>
          <line num="25" count="0" type="cond" truecount="0" falsecount="10"/>
          <line num="26" count="0" type="stmt"/>
          <line num="27" count="0" type="cond" truecount="0" falsecount="2"/>
          <line num="28" count="0" type="cond" truecount="0" falsecount="12"/>
          <line num="29" count="0" type="cond" truecount="0" falsecount="7"/>
          <line num="30" count="0" type="cond" truecount="0" falsecount="15"/>
          <line num="31" count="0" type="cond" truecount="0" falsecount="16"/>
          <line num="32" count="0" type="cond" truecount="0" falsecount="14"/>
          <line num="33" count="0" type="cond" truecount="0" falsecount="13"/>
          <line num="34" count="0" type="cond" truecount="0" falsecount="11"/>
          <line num="35" count="0" type="cond" truecount="0" falsecount="19"/>
          <line num="36" count="0" type="cond" truecount="0" falsecount="2"/>
          <line num="37" count="0" type="cond" truecount="0" falsecount="8"/>
          <line num="38" count="0" type="cond" truecount="0" falsecount="4"/>
          <line num="39" count="0" type="cond" truecount="0" falsecount="14"/>
          <line num="40" count="0" type="cond" truecount="0" falsecount="9"/>
          <line num="41" count="0" type="stmt"/>
          <line num="42" count="0" type="stmt"/>
          <line num="43" count="0" type="cond" truecount="0" falsecount="3"/>
          <line num="44" count="0" type="cond" truecount="0" falsecount="6"/>
          <line num="45" count="0" type="cond" truecount="0" falsecount="20"/>
          <line num="46" count="0" type="stmt"/>
        </file>
        <file name="particles.js" path="/Users/hassankhokhar/Desktop/Expanse/app/js/particles.js">
          <metrics statements="578" coveredstatements="0" conditionals="391" coveredconditionals="0" methods="55" coveredmethods="0"/>
          <line num="1" count="0" type="cond" truecount="0" falsecount="10"/>
          <line num="10" count="0" type="stmt"/>
          <line num="12" count="0" type="stmt"/>
          <line num="15" count="0" type="stmt"/>
          <line num="137" count="0" type="stmt"/>
          <line num="140" count="0" type="cond" truecount="0" falsecount="2"/>
          <line num="141" count="0" type="stmt"/>
          <line num="144" count="0" type="stmt"/>
          <line num="157" count="0" type="stmt"/>
          <line num="159" count="0" type="cond" truecount="0" falsecount="4"/>
          <line num="160" count="0" type="stmt"/>
          <line num="161" count="0" type="stmt"/>
          <line num="164" count="0" type="stmt"/>
          <line num="165" count="0" type="stmt"/>
          <line num="168" count="0" type="stmt"/>
          <line num="169" count="0" type="stmt"/>
          <line num="171" count="0" type="stmt"/>
          <line num="172" count="0" type="stmt"/>
          <line num="173" count="0" type="stmt"/>
          <line num="174" count="0" type="stmt"/>
          <line num="175" count="0" type="stmt"/>
          <line num="176" count="0" type="stmt"/>
          <line num="177" count="0" type="stmt"/>
          <line num="178" count="0" type="stmt"/>
          <line num="179" count="0" type="stmt"/>
          <line num="187" count="0" type="stmt"/>
          <line num="188" count="0" type="stmt"/>
          <line num="191" count="0" type="stmt"/>
          <line num="193" count="0" type="stmt"/>
          <line num="194" count="0" type="stmt"/>
          <line num="196" count="0" type="cond" truecount="0" falsecount="4"/>
          <line num="198" count="0" type="stmt"/>
          <line num="200" count="0" type="stmt"/>
          <line num="201" count="0" type="stmt"/>
          <line num="204" count="0" type="cond" truecount="0" falsecount="2"/>
          <line num="205" count="0" type="stmt"/>
          <line num="206" count="0" type="stmt"/>
          <line num="209" count="0" type="stmt"/>
          <line num="210" count="0" type="stmt"/>
          <line num="213" count="0" type="cond" truecount="0" falsecount="2"/>
          <line num="214" count="0" type="stmt"/>
          <line num="215" count="0" type="stmt"/>
          <line num="216" count="0" type="stmt"/>
          <line num="217" count="0" type="stmt"/>
          <line num="221" count="0" type="stmt"/>
          <line num="230" count="0" type="stmt"/>
          <line num="231" count="0" type="stmt"/>
          <line num="234" count="0" type="stmt"/>
          <line num="235" count="0" type="stmt"/>
          <line num="241" count="0" type="stmt"/>
          <line num="244" count="0" type="cond" truecount="0" falsecount="2"/>
          <line num="245" count="0" type="cond" truecount="0" falsecount="2"/>
          <line num="246" count="0" type="stmt"/>
          <line num="247" count="0" type="stmt"/>
          <line num="248" count="0" type="cond" truecount="0" falsecount="2"/>
          <line num="249" count="0" type="stmt"/>
          <line num="254" count="0" type="cond" truecount="0" falsecount="2"/>
          <line num="255" count="0" type="cond" truecount="0" falsecount="2"/>
          <line num="258" count="0" type="cond" truecount="0" falsecount="2"/>
          <line num="259" count="0" type="cond" truecount="0" falsecount="2"/>
          <line num="260" count="0" type="cond" truecount="0" falsecount="2"/>
          <line num="261" count="0" type="cond" truecount="0" falsecount="2"/>
          <line num="264" count="0" type="cond" truecount="0" falsecount="2"/>
          <line num="265" count="0" type="stmt"/>
          <line num="269" count="0" type="stmt"/>
          <line num="270" count="0" type="cond" truecount="0" falsecount="2"/>
          <line num="272" count="0" type="cond" truecount="0" falsecount="2"/>
          <line num="273" count="0" type="stmt"/>
          <line num="274" count="0" type="stmt"/>
          <line num="276" count="0" type="cond" truecount="0" falsecount="5"/>
          <line num="277" count="0" type="stmt"/>
          <line num="283" count="0" type="cond" truecount="0" falsecount="5"/>
          <line num="284" count="0" type="stmt"/>
          <line num="293" count="0" type="cond" truecount="0" falsecount="2"/>
          <line num="294" count="0" type="stmt"/>
          <line num="300" count="0" type="cond" truecount="0" falsecount="2"/>
          <line num="301" count="0" type="stmt"/>
          <line num="302" count="0" type="stmt"/>
          <line num="306" count="0" type="cond" truecount="0" falsecount="2"/>
          <line num="307" count="0" type="cond" truecount="0" falsecount="2"/>
          <line num="308" count="0" type="stmt"/>
          <line num="309" count="0" type="stmt"/>
          <line num="310" count="0" type="cond" truecount="0" falsecount="2"/>
          <line num="311" count="0" type="stmt"/>
          <line num="316" count="0" type="stmt"/>
          <line num="317" count="0" type="cond" truecount="0" falsecount="9"/>
          <line num="319" count="0" type="stmt"/>
          <line num="320" count="0" type="stmt"/>
          <line num="322" count="0" type="stmt"/>
          <line num="323" count="0" type="stmt"/>
          <line num="325" count="0" type="stmt"/>
          <line num="326" count="0" type="stmt"/>
          <line num="328" count="0" type="stmt"/>
          <line num="329" count="0" type="stmt"/>
          <line num="331" count="0" type="stmt"/>
          <line num="332" count="0" type="stmt"/>
          <line num="334" count="0" type="stmt"/>
          <line num="335" count="0" type="stmt"/>
          <line num="337" count="0" type="stmt"/>
          <line num="338" count="0" type="stmt"/>
          <line num="340" count="0" type="stmt"/>
          <line num="341" count="0" type="stmt"/>
          <line num="343" count="0" type="stmt"/>
          <line num="344" count="0" type="stmt"/>
          <line num="347" count="0" type="cond" truecount="0" falsecount="2"/>
          <line num="348" count="0" type="stmt"/>
          <line num="349" count="0" type="stmt"/>
          <line num="350" count="0" type="cond" truecount="0" falsecount="2"/>
          <line num="351" count="0" type="stmt"/>
          <line num="352" count="0" type="stmt"/>
          <line num="355" count="0" type="stmt"/>
          <line num="356" count="0" type="stmt"/>
          <line num="363" count="0" type="stmt"/>
          <line num="364" count="0" type="stmt"/>
          <line num="370" count="0" type="stmt"/>
          <line num="371" count="0" type="cond" truecount="0" falsecount="4"/>
          <line num="372" count="0" type="cond" truecount="0" falsecount="2"/>
          <line num="373" count="0" type="stmt"/>
          <line num="374" count="0" type="stmt"/>
          <line num="377" count="0" type="stmt"/>
          <line num="380" count="0" type="cond" truecount="0" falsecount="2"/>
          <line num="381" count="0" type="stmt"/>
          <line num="382" count="0" type="stmt"/>
          <line num="386" count="0" type="cond" truecount="0" falsecount="2"/>
          <line num="387" count="0" type="cond" truecount="0" falsecount="4"/>
          <line num="388" count="0" type="stmt"/>
          <line num="389" count="0" type="cond" truecount="0" falsecount="2"/>
          <line num="390" count="0" type="stmt"/>
          <line num="400" count="0" type="stmt"/>
          <line num="402" count="0" type="stmt"/>
          <line num="404" count="0" type="cond" truecount="0" falsecount="2"/>
          <line num="405" count="0" type="stmt"/>
          <line num="407" count="0" type="stmt"/>
          <line num="410" count="0" type="cond" truecount="0" falsecount="2"/>
          <line num="411" count="0" type="stmt"/>
          <line num="413" count="0" type="stmt"/>
          <line num="416" count="0" type="cond" truecount="0" falsecount="2"/>
          <line num="417" count="0" type="stmt"/>
          <line num="419" count="0" type="stmt"/>
          <line num="422" count="0" type="stmt"/>
          <line num="423" count="0" type="stmt"/>
          <line num="425" count="0" type="cond" truecount="0" falsecount="6"/>
          <line num="428" count="0" type="stmt"/>
          <line num="429" count="0" type="stmt"/>
          <line num="432" count="0" type="stmt"/>
          <line num="433" count="0" type="stmt"/>
          <line num="436" count="0" type="stmt"/>
          <line num="437" count="0" type="stmt"/>
          <line num="440" count="0" type="stmt"/>
          <line num="448" count="0" type="stmt"/>
          <line num="451" count="0" type="stmt"/>
          <line num="459" count="0" type="stmt"/>
          <line num="473" count="0" type="cond" truecount="0" falsecount="2"/>
          <line num="474" count="0" type="stmt"/>
          <line num="476" count="0" type="stmt"/>
          <line num="479" count="0" type="cond" truecount="0" falsecount="2"/>
          <line num="480" count="0" type="stmt"/>
          <line num="483" count="0" type="stmt"/>
          <line num="487" count="0" type="stmt"/>
          <line num="489" count="0" type="cond" truecount="0" falsecount="2"/>
          <line num="490" count="0" type="stmt"/>
          <line num="491" count="0" type="stmt"/>
          <line num="492" count="0" type="stmt"/>
          <line num="495" count="0" type="stmt"/>
          <line num="500" count="0" type="stmt"/>
          <line num="501" count="0" type="stmt"/>
          <line num="502" count="0" type="stmt"/>
          <line num="506" count="0" type="stmt"/>
          <line num="508" count="0" type="stmt"/>
          <line num="511" count="0" type="stmt"/>
          <line num="522" count="0" type="cond" truecount="0" falsecount="2"/>
          <line num="523" count="0" type="stmt"/>
          <line num="524" count="0" type="stmt"/>
          <line num="525" count="0" type="stmt"/>
          <line num="529" count="0" type="cond" truecount="0" falsecount="2"/>
          <line num="530" count="0" type="cond" truecount="0" falsecount="2"/>
          <line num="531" count="0" type="cond" truecount="0" falsecount="2"/>
          <line num="532" count="0" type="stmt"/>
          <line num="534" count="0" type="cond" truecount="0" falsecount="2"/>
          <line num="535" count="0" type="stmt"/>
          <line num="537" count="0" type="cond" truecount="0" falsecount="2"/>
          <line num="541" count="0" type="cond" truecount="0" falsecount="2"/>
          <line num="542" count="0" type="cond" truecount="0" falsecount="2"/>
          <line num="543" count="0" type="cond" truecount="0" falsecount="2"/>
          <line num="544" count="0" type="stmt"/>
          <line num="546" count="0" type="cond" truecount="0" falsecount="2"/>
          <line num="547" count="0" type="stmt"/>
          <line num="549" count="0" type="cond" truecount="0" falsecount="2"/>
          <line num="553" count="0" type="cond" truecount="0" falsecount="2"/>
          <line num="554" count="0" type="stmt"/>
          <line num="561" count="0" type="stmt"/>
          <line num="569" count="0" type="cond" truecount="0" falsecount="2"/>
          <line num="570" count="0" type="stmt"/>
          <line num="571" count="0" type="stmt"/>
          <line num="573" count="0" type="cond" truecount="0" falsecount="2"/>
          <line num="574" count="0" type="stmt"/>
          <line num="575" count="0" type="stmt"/>
          <line num="577" count="0" type="cond" truecount="0" falsecount="2"/>
          <line num="578" count="0" type="stmt"/>
          <line num="579" count="0" type="stmt"/>
          <line num="581" count="0" type="cond" truecount="0" falsecount="2"/>
          <line num="582" count="0" type="stmt"/>
          <line num="583" count="0" type="stmt"/>
          <line num="587" count="0" type="cond" truecount="0" falsecount="1"/>
          <line num="589" count="0" type="cond" truecount="0" falsecount="2"/>
          <line num="590" count="0" type="cond" truecount="0" falsecount="2"/>
          <line num="591" count="0" type="cond" truecount="0" falsecount="2"/>
          <line num="592" count="0" type="cond" truecount="0" falsecount="2"/>
          <line num="593" count="0" type="stmt"/>
          <line num="597" count="0" type="cond" truecount="0" falsecount="2"/>
          <line num="598" count="0" type="stmt"/>
          <line num="601" count="0" type="cond" truecount="0" falsecount="4"/>
          <line num="602" count="0" type="stmt"/>
          <line num="605" count="0" type="cond" truecount="0" falsecount="4"/>
          <line num="606" count="0" type="stmt"/>
          <line num="610" count="0" type="cond" truecount="0" falsecount="4"/>
          <line num="611" count="0" type="stmt"/>
          <line num="612" count="0" type="stmt"/>
          <line num="615" count="0" type="cond" truecount="0" falsecount="2"/>
          <line num="616" count="0" type="stmt"/>
          <line num="620" count="0" type="cond" truecount="0" falsecount="2"/>
          <line num="621" count="0" type="stmt"/>
          <line num="625" count="0" type="cond" truecount="0" falsecount="2"/>
          <line num="626" count="0" type="stmt"/>
          <line num="637" count="0" type="stmt"/>
          <line num="640" count="0" type="stmt"/>
          <line num="643" count="0" type="stmt"/>
          <line num="646" count="0" type="stmt"/>
          <line num="647" count="0" type="stmt"/>
          <line num="648" count="0" type="stmt"/>
          <line num="653" count="0" type="stmt"/>
          <line num="654" count="0" type="stmt"/>
          <line num="657" count="0" type="stmt"/>
          <line num="660" count="0" type="stmt"/>
          <line num="661" count="0" type="stmt"/>
          <line num="662" count="0" type="stmt"/>
          <line num="663" count="0" type="stmt"/>
          <line num="664" count="0" type="stmt"/>
          <line num="665" count="0" type="stmt"/>
          <line num="666" count="0" type="stmt"/>
          <line num="669" count="0" type="stmt"/>
          <line num="676" count="0" type="stmt"/>
          <line num="678" count="0" type="stmt"/>
          <line num="679" count="0" type="stmt"/>
          <line num="680" count="0" type="stmt"/>
          <line num="683" count="0" type="cond" truecount="0" falsecount="2"/>
          <line num="685" count="0" type="stmt"/>
          <line num="687" count="0" type="cond" truecount="0" falsecount="2"/>
          <line num="690" count="0" type="stmt"/>
          <line num="691" count="0" type="stmt"/>
          <line num="692" count="0" type="stmt"/>
          <line num="696" count="0" type="stmt"/>
          <line num="697" count="0" type="stmt"/>
          <line num="698" count="0" type="stmt"/>
          <line num="699" count="0" type="stmt"/>
          <line num="700" count="0" type="stmt"/>
          <line num="709" count="0" type="stmt"/>
          <line num="712" count="0" type="stmt"/>
          <line num="713" count="0" type="stmt"/>
          <line num="714" count="0" type="stmt"/>
          <line num="716" count="0" type="cond" truecount="0" falsecount="2"/>
          <line num="718" count="0" type="stmt"/>
          <line num="719" count="0" type="stmt"/>
          <line num="721" count="0" type="stmt"/>
          <line num="722" count="0" type="stmt"/>
          <line num="724" count="0" type="stmt"/>
          <line num="725" count="0" type="stmt"/>
          <line num="733" count="0" type="stmt"/>
          <line num="735" count="0" type="stmt"/>
          <line num="736" count="0" type="stmt"/>
          <line num="737" count="0" type="stmt"/>
          <line num="738" count="0" type="stmt"/>
          <line num="740" count="0" type="cond" truecount="0" falsecount="2"/>
          <line num="741" count="0" type="stmt"/>
          <line num="742" count="0" type="stmt"/>
          <line num="744" count="0" type="stmt"/>
          <line num="745" count="0" type="stmt"/>
          <line num="753" count="0" type="stmt"/>
          <line num="755" count="0" type="stmt"/>
          <line num="757" count="0" type="stmt"/>
          <line num="758" count="0" type="stmt"/>
          <line num="768" count="0" type="cond" truecount="0" falsecount="2"/>
          <line num="769" count="0" type="cond" truecount="0" falsecount="2"/>
          <line num="770" count="0" type="stmt"/>
          <line num="772" count="0" type="stmt"/>
          <line num="779" count="0" type="stmt"/>
          <line num="781" count="0" type="stmt"/>
          <line num="782" count="0" type="cond" truecount="0" falsecount="2"/>
          <line num="783" count="0" type="stmt"/>
          <line num="789" count="0" type="stmt"/>
          <line num="792" count="0" type="cond" truecount="0" falsecount="4"/>
          <line num="804" count="0" type="stmt"/>
          <line num="805" count="0" type="cond" truecount="0" falsecount="2"/>
          <line num="807" count="0" type="cond" truecount="0" falsecount="4"/>
          <line num="810" count="0" type="cond" truecount="0" falsecount="2"/>
          <line num="812" count="0" type="cond" truecount="0" falsecount="2"/>
          <line num="813" count="0" type="stmt"/>
          <line num="814" count="0" type="cond" truecount="0" falsecount="2"/>
          <line num="815" count="0" type="stmt"/>
          <line num="818" count="0" type="stmt"/>
          <line num="819" count="0" type="stmt"/>
          <line num="820" count="0" type="cond" truecount="0" falsecount="2"/>
          <line num="821" count="0" type="stmt"/>
          <line num="823" count="0" type="stmt"/>
          <line num="830" count="0" type="cond" truecount="0" falsecount="2"/>
          <line num="832" count="0" type="cond" truecount="0" falsecount="2"/>
          <line num="833" count="0" type="stmt"/>
          <line num="834" count="0" type="cond" truecount="0" falsecount="4"/>
          <line num="835" count="0" type="stmt"/>
          <line num="838" count="0" type="stmt"/>
          <line num="839" count="0" type="cond" truecount="0" falsecount="4"/>
          <line num="840" count="0" type="stmt"/>
          <line num="849" count="0" type="stmt"/>
          <line num="854" count="0" type="cond" truecount="0" falsecount="2"/>
          <line num="855" count="0" type="stmt"/>
          <line num="861" count="0" type="cond" truecount="0" falsecount="4"/>
          <line num="910" count="0" type="cond" truecount="0" falsecount="6"/>
          <line num="912" count="0" type="cond" truecount="0" falsecount="2"/>
          <line num="914" count="0" type="stmt"/>
          <line num="916" count="0" type="stmt"/>
          <line num="924" count="0" type="stmt"/>
          <line num="926" count="0" type="cond" truecount="0" falsecount="5"/>
          <line num="928" count="0" type="stmt"/>
          <line num="929" count="0" type="stmt"/>
          <line num="930" count="0" type="stmt"/>
          <line num="932" count="0" type="stmt"/>
          <line num="933" count="0" type="stmt"/>
          <line num="934" count="0" type="stmt"/>
          <line num="935" count="0" type="stmt"/>
          <line num="937" count="0" type="stmt"/>
          <line num="942" count="0" type="cond" truecount="0" falsecount="2"/>
          <line num="943" count="0" type="cond" truecount="0" falsecount="4"/>
          <line num="944" count="0" type="cond" truecount="0" falsecount="4"/>
          <line num="946" count="0" type="stmt"/>
          <line num="947" count="0" type="stmt"/>
          <line num="953" count="0" type="cond" truecount="0" falsecount="4"/>
          <line num="955" count="0" type="cond" truecount="0" falsecount="2"/>
          <line num="956" count="0" type="stmt"/>
          <line num="957" count="0" type="cond" truecount="0" falsecount="2"/>
          <line num="958" count="0" type="stmt"/>
          <line num="962" count="0" type="cond" truecount="0" falsecount="2"/>
          <line num="992" count="0" type="cond" truecount="0" falsecount="2"/>
          <line num="993" count="0" type="stmt"/>
          <line num="1008" count="0" type="cond" truecount="0" falsecount="2"/>
          <line num="1010" count="0" type="stmt"/>
          <line num="1011" count="0" type="stmt"/>
          <line num="1022" count="0" type="stmt"/>
          <line num="1024" count="0" type="cond" truecount="0" falsecount="4"/>
          <line num="1026" count="0" type="stmt"/>
          <line num="1027" count="0" type="stmt"/>
          <line num="1028" count="0" type="stmt"/>
          <line num="1031" count="0" type="cond" truecount="0" falsecount="2"/>
          <line num="1033" count="0" type="stmt"/>
          <line num="1035" count="0" type="cond" truecount="0" falsecount="2"/>
          <line num="1038" count="0" type="stmt"/>
          <line num="1039" count="0" type="stmt"/>
          <line num="1040" count="0" type="stmt"/>
          <line num="1044" count="0" type="stmt"/>
          <line num="1045" count="0" type="stmt"/>
          <line num="1046" count="0" type="stmt"/>
          <line num="1047" count="0" type="stmt"/>
          <line num="1048" count="0" type="stmt"/>
          <line num="1062" count="0" type="stmt"/>
          <line num="1065" count="0" type="cond" truecount="0" falsecount="2"/>
          <line num="1066" count="0" type="stmt"/>
          <line num="1068" count="0" type="stmt"/>
          <line num="1073" count="0" type="cond" truecount="0" falsecount="4"/>
          <line num="1076" count="0" type="stmt"/>
          <line num="1078" count="0" type="cond" truecount="0" falsecount="2"/>
          <line num="1079" count="0" type="stmt"/>
          <line num="1080" count="0" type="stmt"/>
          <line num="1083" count="0" type="cond" truecount="0" falsecount="2"/>
          <line num="1084" count="0" type="cond" truecount="0" falsecount="2"/>
          <line num="1087" count="0" type="stmt"/>
          <line num="1088" count="0" type="stmt"/>
          <line num="1090" count="0" type="cond" truecount="0" falsecount="2"/>
          <line num="1091" count="0" type="stmt"/>
          <line num="1092" count="0" type="stmt"/>
          <line num="1095" count="0" type="stmt"/>
          <line num="1100" count="0" type="stmt"/>
          <line num="1102" count="0" type="stmt"/>
          <line num="1103" count="0" type="stmt"/>
          <line num="1104" count="0" type="stmt"/>
          <line num="1111" count="0" type="cond" truecount="0" falsecount="2"/>
          <line num="1113" count="0" type="stmt"/>
          <line num="1115" count="0" type="stmt"/>
          <line num="1116" count="0" type="stmt"/>
          <line num="1117" count="0" type="stmt"/>
          <line num="1119" count="0" type="cond" truecount="0" falsecount="2"/>
          <line num="1121" count="0" type="cond" truecount="0" falsecount="4"/>
          <line num="1124" count="0" type="cond" truecount="0" falsecount="2"/>
          <line num="1125" count="0" type="stmt"/>
          <line num="1127" count="0" type="cond" truecount="0" falsecount="2"/>
          <line num="1128" count="0" type="stmt"/>
          <line num="1130" count="0" type="cond" truecount="0" falsecount="2"/>
          <line num="1131" count="0" type="stmt"/>
          <line num="1134" count="0" type="stmt"/>
          <line num="1137" count="0" type="stmt"/>
          <line num="1138" count="0" type="stmt"/>
          <line num="1141" count="0" type="stmt"/>
          <line num="1142" count="0" type="stmt"/>
          <line num="1145" count="0" type="stmt"/>
          <line num="1146" count="0" type="stmt"/>
          <line num="1147" count="0" type="stmt"/>
          <line num="1148" count="0" type="stmt"/>
          <line num="1149" count="0" type="stmt"/>
          <line num="1151" count="0" type="stmt"/>
          <line num="1164" count="0" type="stmt"/>
          <line num="1166" count="0" type="cond" truecount="0" falsecount="2"/>
          <line num="1169" count="0" type="stmt"/>
          <line num="1170" count="0" type="cond" truecount="0" falsecount="2"/>
          <line num="1171" count="0" type="stmt"/>
          <line num="1175" count="0" type="stmt"/>
          <line num="1178" count="0" type="stmt"/>
          <line num="1179" count="0" type="cond" truecount="0" falsecount="2"/>
          <line num="1180" count="0" type="stmt"/>
          <line num="1187" count="0" type="stmt"/>
          <line num="1188" count="0" type="stmt"/>
          <line num="1189" count="0" type="stmt"/>
          <line num="1191" count="0" type="stmt"/>
          <line num="1192" count="0" type="stmt"/>
          <line num="1193" count="0" type="stmt"/>
          <line num="1195" count="0" type="cond" truecount="0" falsecount="2"/>
          <line num="1196" count="0" type="cond" truecount="0" falsecount="2"/>
          <line num="1197" count="0" type="cond" truecount="0" falsecount="2"/>
          <line num="1198" count="0" type="stmt"/>
          <line num="1204" count="0" type="stmt"/>
          <line num="1207" count="0" type="stmt"/>
          <line num="1208" count="0" type="stmt"/>
          <line num="1209" count="0" type="stmt"/>
          <line num="1210" count="0" type="cond" truecount="0" falsecount="2"/>
          <line num="1211" count="0" type="stmt"/>
          <line num="1213" count="0" type="stmt"/>
          <line num="1215" count="0" type="stmt"/>
          <line num="1219" count="0" type="stmt"/>
          <line num="1220" count="0" type="cond" truecount="0" falsecount="3"/>
          <line num="1221" count="0" type="stmt"/>
          <line num="1224" count="0" type="stmt"/>
          <line num="1225" count="0" type="stmt"/>
          <line num="1226" count="0" type="stmt"/>
          <line num="1227" count="0" type="stmt"/>
          <line num="1228" count="0" type="stmt"/>
          <line num="1229" count="0" type="stmt"/>
          <line num="1231" count="0" type="stmt"/>
          <line num="1236" count="0" type="stmt"/>
          <line num="1237" count="0" type="stmt"/>
          <line num="1238" count="0" type="stmt"/>
          <line num="1239" count="0" type="stmt"/>
          <line num="1243" count="0" type="stmt"/>
          <line num="1246" count="0" type="stmt"/>
          <line num="1247" count="0" type="stmt"/>
          <line num="1248" count="0" type="stmt"/>
          <line num="1249" count="0" type="stmt"/>
          <line num="1250" count="0" type="stmt"/>
          <line num="1251" count="0" type="stmt"/>
          <line num="1252" count="0" type="stmt"/>
          <line num="1253" count="0" type="stmt"/>
          <line num="1254" count="0" type="stmt"/>
          <line num="1255" count="0" type="stmt"/>
          <line num="1256" count="0" type="stmt"/>
          <line num="1257" count="0" type="stmt"/>
          <line num="1260" count="0" type="stmt"/>
          <line num="1261" count="0" type="stmt"/>
          <line num="1265" count="0" type="stmt"/>
          <line num="1266" count="0" type="stmt"/>
          <line num="1270" count="0" type="stmt"/>
          <line num="1272" count="0" type="stmt"/>
          <line num="1274" count="0" type="cond" truecount="0" falsecount="2"/>
          <line num="1276" count="0" type="cond" truecount="0" falsecount="2"/>
          <line num="1278" count="0" type="stmt"/>
          <line num="1279" count="0" type="stmt"/>
          <line num="1280" count="0" type="stmt"/>
          <line num="1281" count="0" type="cond" truecount="0" falsecount="2"/>
          <line num="1282" count="0" type="cond" truecount="0" falsecount="2"/>
          <line num="1283" count="0" type="stmt"/>
          <line num="1284" count="0" type="stmt"/>
          <line num="1286" count="0" type="stmt"/>
          <line num="1287" count="0" type="stmt"/>
          <line num="1291" count="0" type="stmt"/>
          <line num="1295" count="0" type="stmt"/>
          <line num="1296" count="0" type="stmt"/>
          <line num="1297" count="0" type="stmt"/>
          <line num="1298" count="0" type="stmt"/>
          <line num="1300" count="0" type="stmt"/>
          <line num="1305" count="0" type="stmt"/>
          <line num="1306" count="0" type="stmt"/>
          <line num="1312" count="0" type="stmt"/>
          <line num="1314" count="0" type="cond" truecount="0" falsecount="2"/>
          <line num="1316" count="0" type="cond" truecount="0" falsecount="2"/>
          <line num="1318" count="0" type="cond" truecount="0" falsecount="2"/>
          <line num="1319" count="0" type="stmt"/>
          <line num="1320" count="0" type="cond" truecount="0" falsecount="2"/>
          <line num="1321" count="0" type="stmt"/>
          <line num="1324" count="0" type="cond" truecount="0" falsecount="2"/>
          <line num="1329" count="0" type="cond" truecount="0" falsecount="2"/>
          <line num="1330" count="0" type="stmt"/>
          <line num="1331" count="0" type="cond" truecount="0" falsecount="2"/>
          <line num="1332" count="0" type="stmt"/>
          <line num="1334" count="0" type="cond" truecount="0" falsecount="2"/>
          <line num="1340" count="0" type="stmt"/>
          <line num="1341" count="0" type="cond" truecount="0" falsecount="2"/>
          <line num="1342" count="0" type="stmt"/>
          <line num="1348" count="0" type="stmt"/>
          <line num="1351" count="0" type="cond" truecount="0" falsecount="2"/>
          <line num="1353" count="0" type="cond" truecount="0" falsecount="4"/>
          <line num="1354" count="0" type="stmt"/>
          <line num="1357" count="0" type="stmt"/>
          <line num="1358" count="0" type="cond" truecount="0" falsecount="2"/>
          <line num="1359" count="0" type="stmt"/>
          <line num="1360" count="0" type="stmt"/>
          <line num="1366" count="0" type="stmt"/>
          <line num="1367" count="0" type="stmt"/>
          <line num="1373" count="0" type="stmt"/>
          <line num="1376" count="0" type="stmt"/>
          <line num="1377" count="0" type="stmt"/>
          <line num="1378" count="0" type="stmt"/>
          <line num="1379" count="0" type="stmt"/>
          <line num="1380" count="0" type="stmt"/>
          <line num="1381" count="0" type="stmt"/>
          <line num="1384" count="0" type="stmt"/>
          <line num="1389" count="0" type="stmt"/>
          <line num="1391" count="0" type="cond" truecount="0" falsecount="2"/>
          <line num="1392" count="0" type="stmt"/>
          <line num="1393" count="0" type="stmt"/>
          <line num="1395" count="0" type="stmt"/>
          <line num="1406" count="0" type="stmt"/>
          <line num="1408" count="0" type="stmt"/>
          <line num="1416" count="0" type="stmt"/>
          <line num="1417" count="0" type="stmt"/>
          <line num="1418" count="0" type="cond" truecount="0" falsecount="5"/>
          <line num="1420" count="0" type="cond" truecount="0" falsecount="2"/>
          <line num="1421" count="0" type="stmt"/>
          <line num="1423" count="0" type="stmt"/>
          <line num="1426" count="0" type="stmt"/>
          <line num="1429" count="0" type="stmt"/>
          <line num="1430" count="0" type="cond" truecount="0" falsecount="6"/>
          <line num="1436" count="0" type="stmt"/>
          <line num="1440" count="0" type="stmt"/>
          <line num="1441" count="0" type="cond" truecount="0" falsecount="6"/>
          <line num="1452" count="0" type="stmt"/>
          <line num="1453" count="0" type="stmt"/>
          <line num="1454" count="0" type="stmt"/>
          <line num="1456" count="0" type="stmt"/>
          <line num="1457" count="0" type="cond" truecount="0" falsecount="2"/>
          <line num="1465" count="0" type="stmt"/>
          <line num="1469" count="0" type="stmt"/>
          <line num="1475" count="0" type="stmt"/>
          <line num="1477" count="0" type="stmt"/>
          <line num="1482" count="0" type="cond" truecount="0" falsecount="2"/>
          <line num="1483" count="0" type="stmt"/>
          <line num="1484" count="0" type="stmt"/>
          <line num="1488" count="0" type="cond" truecount="0" falsecount="2"/>
          <line num="1489" count="0" type="stmt"/>
          <line num="1493" count="0" type="stmt"/>
          <line num="1494" count="0" type="stmt"/>
          <line num="1495" count="0" type="stmt"/>
          <line num="1498" count="0" type="cond" truecount="0" falsecount="2"/>
          <line num="1499" count="0" type="stmt"/>
          <line num="1500" count="0" type="stmt"/>
          <line num="1505" count="0" type="stmt"/>
          <line num="1506" count="0" type="stmt"/>
          <line num="1509" count="0" type="stmt"/>
          <line num="1510" count="0" type="stmt"/>
          <line num="1513" count="0" type="stmt"/>
          <line num="1516" count="0" type="cond" truecount="0" falsecount="2"/>
          <line num="1517" count="0" type="stmt"/>
          <line num="1522" count="0" type="stmt"/>
          <line num="1525" count="0" type="stmt"/>
          <line num="1526" count="0" type="stmt"/>
          <line num="1527" count="0" type="stmt"/>
          <line num="1528" count="0" type="cond" truecount="0" falsecount="2"/>
          <line num="1529" count="0" type="cond" truecount="0" falsecount="2"/>
          <line num="1530" count="0" type="stmt"/>
          <line num="1531" count="0" type="stmt"/>
          <line num="1532" count="0" type="cond" truecount="0" falsecount="2"/>
          <line num="1534" count="0" type="stmt"/>
          <line num="1535" count="0" type="stmt"/>
          <line num="1539" count="0" type="stmt"/>
        </file>
        <file name="plugins.js" path="/Users/hassankhokhar/Desktop/Expanse/app/js/plugins.js">
          <metrics statements="9" coveredstatements="0" conditionals="4" coveredconditionals="0" methods="2" coveredmethods="0"/>
          <line num="3" count="0" type="stmt"/>
          <line num="5" count="0" type="stmt"/>
          <line num="6" count="0" type="stmt"/>
          <line num="12" count="0" type="stmt"/>
          <line num="13" count="0" type="cond" truecount="0" falsecount="2"/>
          <line num="15" count="0" type="stmt"/>
          <line num="16" count="0" type="stmt"/>
          <line num="19" count="0" type="cond" truecount="0" falsecount="2"/>
          <line num="20" count="0" type="stmt"/>
        </file>
        <file name="typed.js" path="/Users/hassankhokhar/Desktop/Expanse/app/js/typed.js">
          <metrics statements="188" coveredstatements="0" conditionals="110" coveredconditionals="0" methods="29" coveredmethods="0"/>
          <line num="1" count="0" type="cond" truecount="0" falsecount="10"/>
          <line num="27" count="0" type="stmt"/>
          <line num="31" count="0" type="stmt"/>
          <line num="32" count="0" type="stmt"/>
          <line num="35" count="0" type="stmt"/>
          <line num="38" count="0" type="stmt"/>
          <line num="39" count="0" type="stmt"/>
          <line num="40" count="0" type="stmt"/>
          <line num="42" count="0" type="stmt"/>
          <line num="43" count="0" type="stmt"/>
          <line num="47" count="0" type="stmt"/>
          <line num="48" count="0" type="stmt"/>
          <line num="51" count="0" type="cond" truecount="0" falsecount="2"/>
          <line num="54" count="0" type="cond" truecount="0" falsecount="2"/>
          <line num="57" count="0" type="stmt"/>
          <line num="60" count="0" type="stmt"/>
          <line num="63" count="0" type="stmt"/>
          <line num="66" count="0" type="stmt"/>
          <line num="69" count="0" type="stmt"/>
          <line num="72" count="0" type="stmt"/>
          <line num="73" count="0" type="stmt"/>
          <line num="74" count="0" type="stmt"/>
          <line num="77" count="0" type="cond" truecount="0" falsecount="4"/>
          <line num="78" count="0" type="stmt"/>
          <line num="80" count="0" type="stmt"/>
          <line num="84" count="0" type="stmt"/>
          <line num="87" count="0" type="stmt"/>
          <line num="90" count="0" type="stmt"/>
          <line num="95" count="0" type="stmt"/>
          <line num="98" count="0" type="stmt"/>
          <line num="99" count="0" type="stmt"/>
          <line num="100" count="0" type="stmt"/>
          <line num="103" count="0" type="stmt"/>
          <line num="106" count="0" type="stmt"/>
          <line num="109" count="0" type="stmt"/>
          <line num="111" count="0" type="stmt"/>
          <line num="114" count="0" type="stmt"/>
          <line num="117" count="0" type="stmt"/>
          <line num="124" count="0" type="stmt"/>
          <line num="125" count="0" type="stmt"/>
          <line num="126" count="0" type="stmt"/>
          <line num="129" count="0" type="cond" truecount="0" falsecount="2"/>
          <line num="132" count="0" type="stmt"/>
          <line num="137" count="0" type="stmt"/>
          <line num="139" count="0" type="cond" truecount="0" falsecount="2"/>
          <line num="140" count="0" type="stmt"/>
          <line num="141" count="0" type="stmt"/>
          <line num="142" count="0" type="stmt"/>
          <line num="143" count="0" type="cond" truecount="0" falsecount="2"/>
          <line num="145" count="0" type="cond" truecount="0" falsecount="2"/>
          <line num="146" count="0" type="stmt"/>
          <line num="147" count="0" type="stmt"/>
          <line num="148" count="0" type="stmt"/>
          <line num="149" count="0" type="stmt"/>
          <line num="150" count="0" type="stmt"/>
          <line num="153" count="0" type="stmt"/>
          <line num="159" count="0" type="cond" truecount="0" falsecount="2"/>
          <line num="160" count="0" type="stmt"/>
          <line num="163" count="0" type="cond" truecount="0" falsecount="4"/>
          <line num="164" count="0" type="stmt"/>
          <line num="165" count="0" type="stmt"/>
          <line num="170" count="0" type="stmt"/>
          <line num="171" count="0" type="stmt"/>
          <line num="182" count="0" type="stmt"/>
          <line num="186" count="0" type="stmt"/>
          <line num="187" count="0" type="stmt"/>
          <line num="188" count="0" type="cond" truecount="0" falsecount="2"/>
          <line num="189" count="0" type="stmt"/>
          <line num="190" count="0" type="cond" truecount="0" falsecount="2"/>
          <line num="191" count="0" type="stmt"/>
          <line num="192" count="0" type="stmt"/>
          <line num="193" count="0" type="stmt"/>
          <line num="197" count="0" type="stmt"/>
          <line num="200" count="0" type="cond" truecount="0" falsecount="2"/>
          <line num="202" count="0" type="stmt"/>
          <line num="203" count="0" type="cond" truecount="0" falsecount="4"/>
          <line num="204" count="0" type="stmt"/>
          <line num="205" count="0" type="stmt"/>
          <line num="206" count="0" type="cond" truecount="0" falsecount="2"/>
          <line num="207" count="0" type="stmt"/>
          <line num="210" count="0" type="stmt"/>
          <line num="212" count="0" type="stmt"/>
          <line num="213" count="0" type="stmt"/>
          <line num="214" count="0" type="stmt"/>
          <line num="215" count="0" type="cond" truecount="0" falsecount="2"/>
          <line num="217" count="0" type="stmt"/>
          <line num="218" count="0" type="stmt"/>
          <line num="223" count="0" type="stmt"/>
          <line num="224" count="0" type="cond" truecount="0" falsecount="2"/>
          <line num="226" count="0" type="stmt"/>
          <line num="229" count="0" type="cond" truecount="0" falsecount="2"/>
          <line num="231" count="0" type="stmt"/>
          <line num="233" count="0" type="stmt"/>
          <line num="236" count="0" type="cond" truecount="0" falsecount="4"/>
          <line num="237" count="0" type="stmt"/>
          <line num="240" count="0" type="stmt"/>
          <line num="241" count="0" type="stmt"/>
          <line num="247" count="0" type="cond" truecount="0" falsecount="2"/>
          <line num="248" count="0" type="stmt"/>
          <line num="253" count="0" type="stmt"/>
          <line num="254" count="0" type="cond" truecount="0" falsecount="2"/>
          <line num="255" count="0" type="stmt"/>
          <line num="257" count="0" type="cond" truecount="0" falsecount="2"/>
          <line num="258" count="0" type="stmt"/>
          <line num="259" count="0" type="cond" truecount="0" falsecount="2"/>
          <line num="260" count="0" type="stmt"/>
          <line num="262" count="0" type="stmt"/>
          <line num="267" count="0" type="stmt"/>
          <line num="269" count="0" type="stmt"/>
          <line num="280" count="0" type="stmt"/>
          <line num="282" count="0" type="cond" truecount="0" falsecount="2"/>
          <line num="283" count="0" type="stmt"/>
          <line num="286" count="0" type="cond" truecount="0" falsecount="2"/>
          <line num="287" count="0" type="stmt"/>
          <line num="288" count="0" type="stmt"/>
          <line num="293" count="0" type="stmt"/>
          <line num="295" count="0" type="stmt"/>
          <line num="310" count="0" type="cond" truecount="0" falsecount="2"/>
          <line num="312" count="0" type="cond" truecount="0" falsecount="2"/>
          <line num="313" count="0" type="stmt"/>
          <line num="314" count="0" type="stmt"/>
          <line num="315" count="0" type="stmt"/>
          <line num="316" count="0" type="stmt"/>
          <line num="317" count="0" type="cond" truecount="0" falsecount="2"/>
          <line num="319" count="0" type="stmt"/>
          <line num="320" count="0" type="stmt"/>
          <line num="326" count="0" type="stmt"/>
          <line num="327" count="0" type="stmt"/>
          <line num="331" count="0" type="cond" truecount="0" falsecount="2"/>
          <line num="333" count="0" type="stmt"/>
          <line num="335" count="0" type="stmt"/>
          <line num="339" count="0" type="cond" truecount="0" falsecount="2"/>
          <line num="340" count="0" type="stmt"/>
          <line num="342" count="0" type="cond" truecount="0" falsecount="2"/>
          <line num="343" count="0" type="stmt"/>
          <line num="346" count="0" type="cond" truecount="0" falsecount="2"/>
          <line num="348" count="0" type="stmt"/>
          <line num="350" count="0" type="stmt"/>
          <line num="360" count="0" type="stmt"/>
          <line num="361" count="0" type="stmt"/>
          <line num="362" count="0" type="stmt"/>
          <line num="363" count="0" type="stmt"/>
          <line num="364" count="0" type="stmt"/>
          <line num="365" count="0" type="stmt"/>
          <line num="366" count="0" type="stmt"/>
          <line num="372" count="0" type="cond" truecount="0" falsecount="2"/>
          <line num="373" count="0" type="stmt"/>
          <line num="375" count="0" type="cond" truecount="0" falsecount="2"/>
          <line num="376" count="0" type="stmt"/>
          <line num="377" count="0" type="cond" truecount="0" falsecount="2"/>
          <line num="378" count="0" type="stmt"/>
          <line num="380" count="0" type="stmt"/>
          <line num="387" count="0" type="stmt"/>
          <line num="388" count="0" type="cond" truecount="0" falsecount="2"/>
          <line num="389" count="0" type="stmt"/>
          <line num="390" count="0" type="stmt"/>
          <line num="391" count="0" type="stmt"/>
          <line num="392" count="0" type="stmt"/>
          <line num="394" count="0" type="stmt"/>
          <line num="417" count="0" type="stmt"/>
          <line num="418" count="0" type="stmt"/>
          <line num="419" count="0" type="stmt"/>
          <line num="420" count="0" type="stmt"/>
          <line num="421" count="0" type="cond" truecount="0" falsecount="4"/>
          <line num="422" count="0" type="stmt"/>
          <line num="424" count="0" type="stmt"/>
          <line num="425" count="0" type="stmt"/>
          <line num="426" count="0" type="stmt"/>
          <line num="428" count="0" type="stmt"/>
          <line num="433" count="0" type="stmt"/>
          <line num="434" count="0" type="stmt"/>
          <line num="435" count="0" type="stmt"/>
          <line num="436" count="0" type="stmt"/>
          <line num="437" count="0" type="cond" truecount="0" falsecount="4"/>
          <line num="438" count="0" type="cond" truecount="0" falsecount="2"/>
          <line num="439" count="0" type="stmt"/>
          <line num="440" count="0" type="cond" truecount="0" falsecount="2"/>
          <line num="444" count="0" type="cond" truecount="0" falsecount="2"/>
          <line num="445" count="0" type="stmt"/>
          <line num="446" count="0" type="stmt"/>
          <line num="447" count="0" type="stmt"/>
          <line num="448" count="0" type="stmt"/>
          <line num="449" count="0" type="cond" truecount="0" falsecount="4"/>
          <line num="450" count="0" type="cond" truecount="0" falsecount="2"/>
          <line num="451" count="0" type="stmt"/>
          <line num="452" count="0" type="cond" truecount="0" falsecount="2"/>
          <line num="457" count="0" type="stmt"/>
          <line num="459" count="0" type="stmt"/>
        </file>
        <file name="waterbubble.js" path="/Users/hassankhokhar/Desktop/Expanse/app/js/waterbubble.js">
          <metrics statements="81" coveredstatements="0" conditionals="26" coveredconditionals="0" methods="12" coveredmethods="0"/>
          <line num="12" count="0" type="stmt"/>
          <line num="13" count="0" type="stmt"/>
          <line num="14" count="0" type="stmt"/>
          <line num="26" count="0" type="stmt"/>
          <line num="27" count="0" type="cond" truecount="0" falsecount="2"/>
          <line num="29" count="0" type="stmt"/>
          <line num="31" count="0" type="stmt"/>
          <line num="36" count="0" type="stmt"/>
          <line num="39" count="0" type="stmt"/>
          <line num="41" count="0" type="stmt"/>
          <line num="42" count="0" type="stmt"/>
          <line num="46" count="0" type="stmt"/>
          <line num="47" count="0" type="stmt"/>
          <line num="49" count="0" type="stmt"/>
          <line num="50" count="0" type="stmt"/>
          <line num="52" count="0" type="stmt"/>
          <line num="57" count="0" type="stmt"/>
          <line num="59" count="0" type="stmt"/>
          <line num="61" count="0" type="stmt"/>
          <line num="62" count="0" type="stmt"/>
          <line num="63" count="0" type="stmt"/>
          <line num="65" count="0" type="stmt"/>
          <line num="66" count="0" type="stmt"/>
          <line num="67" count="0" type="stmt"/>
          <line num="69" count="0" type="stmt"/>
          <line num="72" count="0" type="stmt"/>
          <line num="73" count="0" type="stmt"/>
          <line num="75" count="0" type="stmt"/>
          <line num="77" count="0" type="stmt"/>
          <line num="78" count="0" type="stmt"/>
          <line num="79" count="0" type="stmt"/>
          <line num="80" count="0" type="stmt"/>
          <line num="81" count="0" type="cond" truecount="0" falsecount="2"/>
          <line num="82" count="0" type="stmt"/>
          <line num="85" count="0" type="cond" truecount="0" falsecount="2"/>
          <line num="86" count="0" type="stmt"/>
          <line num="88" count="0" type="stmt"/>
          <line num="91" count="0" type="stmt"/>
          <line num="96" count="0" type="stmt"/>
          <line num="98" count="0" type="stmt"/>
          <line num="101" count="0" type="stmt"/>
          <line num="102" count="0" type="stmt"/>
          <line num="104" count="0" type="stmt"/>
          <line num="105" count="0" type="stmt"/>
          <line num="107" count="0" type="stmt"/>
          <line num="108" count="0" type="stmt"/>
          <line num="112" count="0" type="cond" truecount="0" falsecount="5"/>
          <line num="113" count="0" type="stmt"/>
          <line num="115" count="0" type="stmt"/>
          <line num="118" count="0" type="stmt"/>
          <line num="120" count="0" type="stmt"/>
          <line num="121" count="0" type="stmt"/>
          <line num="122" count="0" type="stmt"/>
          <line num="124" count="0" type="stmt"/>
          <line num="125" count="0" type="stmt"/>
          <line num="127" count="0" type="stmt"/>
          <line num="129" count="0" type="stmt"/>
          <line num="130" count="0" type="stmt"/>
          <line num="134" count="0" type="stmt"/>
          <line num="136" count="0" type="cond" truecount="0" falsecount="2"/>
          <line num="137" count="0" type="cond" truecount="0" falsecount="2"/>
          <line num="139" count="0" type="cond" truecount="0" falsecount="2"/>
          <line num="141" count="0" type="stmt"/>
          <line num="142" count="0" type="stmt"/>
          <line num="144" count="0" type="stmt"/>
          <line num="145" count="0" type="stmt"/>
          <line num="149" count="0" type="stmt"/>
          <line num="152" count="0" type="cond" truecount="0" falsecount="5"/>
          <line num="153" count="0" type="stmt"/>
          <line num="155" count="0" type="stmt"/>
          <line num="156" count="0" type="stmt"/>
          <line num="157" count="0" type="cond" truecount="0" falsecount="2"/>
          <line num="158" count="0" type="stmt"/>
          <line num="159" count="0" type="stmt"/>
          <line num="161" count="0" type="stmt"/>
          <line num="164" count="0" type="stmt"/>
          <line num="165" count="0" type="stmt"/>
          <line num="166" count="0" type="stmt"/>
          <line num="167" count="0" type="cond" truecount="0" falsecount="2"/>
          <line num="168" count="0" type="stmt"/>
          <line num="171" count="0" type="stmt"/>
        </file>
      </package>
      <package name="app.js.vendor">
        <metrics statements="5" coveredstatements="0" conditionals="2998" coveredconditionals="0" methods="608" coveredmethods="0"/>
        <file name="jquery-1.12.4.min.js" path="/Users/hassankhokhar/Desktop/Expanse/app/js/vendor/jquery-1.12.4.min.js">
          <metrics statements="5" coveredstatements="0" conditionals="2998" coveredconditionals="0" methods="608" coveredmethods="0"/>
          <line num="1" count="0" type="cond" truecount="0" falsecount="10"/>
          <line num="2" count="0" type="cond" truecount="0" falsecount="1062"/>
          <line num="3" count="0" type="cond" truecount="0" falsecount="933"/>
          <line num="4" count="0" type="cond" truecount="0" falsecount="962"/>
          <line num="5" count="0" type="cond" truecount="0" falsecount="31"/>
        </file>
      </package>
      <package name="app.utils">
        <metrics statements="15" coveredstatements="15" conditionals="9" coveredconditionals="9" methods="6" coveredmethods="6"/>
        <file name="asyncInjectors.js" path="/Users/hassankhokhar/Desktop/Expanse/app/utils/asyncInjectors.js">
          <metrics statements="15" coveredstatements="15" conditionals="9" coveredconditionals="9" methods="6" coveredmethods="6"/>
          <line num="14" count="12" type="stmt"/>
          <line num="22" count="12" type="stmt"/>
          <line num="32" count="5" type="stmt"/>
          <line num="33" count="8" type="cond" truecount="2" falsecount="0"/>
          <line num="35" count="8" type="stmt"/>
          <line num="40" count="4" type="cond" truecount="2" falsecount="0"/>
          <line num="42" count="2" type="stmt"/>
          <line num="43" count="2" type="stmt"/>
          <line num="51" count="3" type="stmt"/>
          <line num="52" count="4" type="cond" truecount="2" falsecount="0"/>
          <line num="54" count="4" type="stmt"/>
          <line num="59" count="2" type="stmt"/>
          <line num="64" count="2" type="stmt"/>
          <line num="72" count="2" type="stmt"/>
          <line num="74" count="1" type="stmt"/>
        </file>
      </package>
    </metrics>
  </project>
</coverage>
