TN:
SF:/Users/hassankhokhar/Desktop/Expanse/app/global-styles.js
FNF:0
FNH:0
DA:1,0
LF:1
LH:0
BRF:0
BRH:0
end_of_record
TN:
SF:/Users/hassankhokhar/Desktop/Expanse/app/i18n.js
FN:26,(anonymous_0)
FN:30,(anonymous_1)
FNF:2
FNH:2
FNDA:11,(anonymous_0)
FNDA:155,(anonymous_1)
DA:16,2
DA:17,2
DA:19,2
DA:26,2
DA:27,11
DA:30,11
DA:31,155
DA:32,155
DA:33,5
DA:35,155
DA:39,2
LF:11
LH:11
BRDA:27,0,0,5
BRDA:27,0,1,6
BRDA:32,1,0,5
BRDA:32,1,1,150
BRDA:32,2,0,155
BRDA:32,2,1,5
BRF:6
BRH:6
end_of_record
TN:
SF:/Users/hassankhokhar/Desktop/Expanse/app/reducers.js
FN:28,routeReducer
FN:43,createReducer
FNF:2
FNH:2
FNDA:8,routeReducer
FNDA:6,createReducer
DA:21,3
DA:29,8
DA:36,8
DA:44,6
LF:4
LH:4
BRDA:28,0,0,4
BRDA:29,1,0,8
BRF:2
BRH:2
end_of_record
TN:
SF:/Users/hassankhokhar/Desktop/Expanse/app/store.js
FN:13,configureStore
FNF:1
FNH:1
FNDA:4,configureStore
DA:11,3
DA:17,4
DA:22,4
DA:29,4
DA:35,4
DA:42,4
DA:43,4
DA:58,4
LF:8
LH:8
BRDA:13,0,0,0
BRDA:29,1,0,0
BRDA:29,1,1,4
BRDA:29,2,0,4
BRDA:29,2,1,4
BRDA:29,2,2,4
BRF:6
BRH:4
end_of_record
TN:
SF:/Users/hassankhokhar/Desktop/Expanse/app/components/About/index.js
FN:1,(anonymous_0)
FN:1,defineProperties
FN:1,(anonymous_2)
FN:11,_interopRequireDefault
FN:11,_classCallCheck
FN:11,_possibleConstructorReturn
FN:11,_inherits
FN:15,(anonymous_7)
FN:15,About
FN:15,render
FNF:10
FNH:0
FNDA:0,(anonymous_0)
FNDA:0,defineProperties
FNDA:0,(anonymous_2)
FNDA:0,_interopRequireDefault
FNDA:0,_classCallCheck
FNDA:0,_possibleConstructorReturn
FNDA:0,_inherits
FNDA:0,(anonymous_7)
FNDA:0,About
FNDA:0,render
DA:1,0
DA:11,0
DA:15,0
DA:23,0
DA:116,0
LF:5
LH:0
BRDA:1,0,0,0
BRDA:1,0,1,0
BRDA:1,1,0,0
BRDA:1,1,1,0
BRDA:1,2,0,0
BRDA:1,2,1,0
BRDA:1,3,0,0
BRDA:1,3,1,0
BRDA:11,4,0,0
BRDA:11,4,1,0
BRDA:11,5,0,0
BRDA:11,5,1,0
BRDA:11,6,0,0
BRDA:11,6,1,0
BRDA:11,7,0,0
BRDA:11,7,1,0
BRDA:11,8,0,0
BRDA:11,8,1,0
BRDA:11,9,0,0
BRDA:11,9,1,0
BRDA:11,9,2,0
BRDA:11,10,0,0
BRDA:11,10,1,0
BRDA:11,11,0,0
BRDA:11,11,1,0
BRDA:11,12,0,0
BRDA:11,12,1,0
BRDA:11,13,0,0
BRDA:11,13,1,0
BRDA:11,14,0,0
BRDA:11,14,1,0
BRDA:15,15,0,0
BRDA:15,15,1,0
BRF:33
BRH:0
end_of_record
TN:
SF:/Users/hassankhokhar/Desktop/Expanse/app/components/Buy/index.js
FN:1,(anonymous_0)
FN:1,defineProperties
FN:1,(anonymous_2)
FN:13,_interopRequireDefault
FN:13,_classCallCheck
FN:13,_possibleConstructorReturn
FN:13,_inherits
FN:18,(anonymous_7)
FN:18,Buy
FN:19,render
FNF:10
FNH:0
FNDA:0,(anonymous_0)
FNDA:0,defineProperties
FNDA:0,(anonymous_2)
FNDA:0,_interopRequireDefault
FNDA:0,_classCallCheck
FNDA:0,_possibleConstructorReturn
FNDA:0,_inherits
FNDA:0,(anonymous_7)
FNDA:0,Buy
FNDA:0,render
DA:1,0
DA:13,0
DA:18,0
DA:19,0
DA:104,0
DA:107,0
LF:6
LH:0
BRDA:1,0,0,0
BRDA:1,0,1,0
BRDA:1,1,0,0
BRDA:1,1,1,0
BRDA:1,2,0,0
BRDA:1,2,1,0
BRDA:1,3,0,0
BRDA:1,3,1,0
BRDA:13,4,0,0
BRDA:13,4,1,0
BRDA:13,5,0,0
BRDA:13,5,1,0
BRDA:13,6,0,0
BRDA:13,6,1,0
BRDA:13,7,0,0
BRDA:13,7,1,0
BRDA:13,8,0,0
BRDA:13,8,1,0
BRDA:13,9,0,0
BRDA:13,9,1,0
BRDA:13,9,2,0
BRDA:13,10,0,0
BRDA:13,10,1,0
BRDA:13,11,0,0
BRDA:13,11,1,0
BRDA:13,12,0,0
BRDA:13,12,1,0
BRDA:13,13,0,0
BRDA:13,13,1,0
BRDA:13,14,0,0
BRDA:13,14,1,0
BRDA:18,15,0,0
BRDA:18,15,1,0
BRF:33
BRH:0
end_of_record
TN:
SF:/Users/hassankhokhar/Desktop/Expanse/app/components/ContactUs/index.js
FN:1,(anonymous_0)
FN:1,defineProperties
FN:1,(anonymous_2)
FN:9,_interopRequireDefault
FN:9,_classCallCheck
FN:9,_possibleConstructorReturn
FN:9,_inherits
FN:14,(anonymous_7)
FN:14,ContactUs
FN:15,render
FNF:10
FNH:0
FNDA:0,(anonymous_0)
FNDA:0,defineProperties
FNDA:0,(anonymous_2)
FNDA:0,_interopRequireDefault
FNDA:0,_classCallCheck
FNDA:0,_possibleConstructorReturn
FNDA:0,_inherits
FNDA:0,(anonymous_7)
FNDA:0,ContactUs
FNDA:0,render
DA:1,0
DA:9,0
DA:14,0
DA:15,0
DA:166,0
DA:169,0
LF:6
LH:0
BRDA:1,0,0,0
BRDA:1,0,1,0
BRDA:1,1,0,0
BRDA:1,1,1,0
BRDA:1,2,0,0
BRDA:1,2,1,0
BRDA:1,3,0,0
BRDA:1,3,1,0
BRDA:9,4,0,0
BRDA:9,4,1,0
BRDA:9,5,0,0
BRDA:9,5,1,0
BRDA:9,6,0,0
BRDA:9,6,1,0
BRDA:9,7,0,0
BRDA:9,7,1,0
BRDA:9,8,0,0
BRDA:9,8,1,0
BRDA:9,9,0,0
BRDA:9,9,1,0
BRDA:9,9,2,0
BRDA:9,10,0,0
BRDA:9,10,1,0
BRDA:9,11,0,0
BRDA:9,11,1,0
BRDA:9,12,0,0
BRDA:9,12,1,0
BRDA:9,13,0,0
BRDA:9,13,1,0
BRDA:9,14,0,0
BRDA:9,14,1,0
BRDA:14,15,0,0
BRDA:14,15,1,0
BRF:33
BRH:0
end_of_record
TN:
SF:/Users/hassankhokhar/Desktop/Expanse/app/components/Footer/index.js
FN:1,(anonymous_0)
FN:1,defineProperties
FN:1,(anonymous_2)
FN:7,_interopRequireDefault
FN:7,_classCallCheck
FN:7,_possibleConstructorReturn
FN:7,_inherits
FN:12,(anonymous_7)
FN:12,Footer
FN:13,render
FNF:10
FNH:0
FNDA:0,(anonymous_0)
FNDA:0,defineProperties
FNDA:0,(anonymous_2)
FNDA:0,_interopRequireDefault
FNDA:0,_classCallCheck
FNDA:0,_possibleConstructorReturn
FNDA:0,_inherits
FNDA:0,(anonymous_7)
FNDA:0,Footer
FNDA:0,render
DA:1,0
DA:7,0
DA:12,0
DA:13,0
DA:29,0
DA:32,0
LF:6
LH:0
BRDA:1,0,0,0
BRDA:1,0,1,0
BRDA:1,1,0,0
BRDA:1,1,1,0
BRDA:1,2,0,0
BRDA:1,2,1,0
BRDA:1,3,0,0
BRDA:1,3,1,0
BRDA:7,4,0,0
BRDA:7,4,1,0
BRDA:7,5,0,0
BRDA:7,5,1,0
BRDA:7,6,0,0
BRDA:7,6,1,0
BRDA:7,7,0,0
BRDA:7,7,1,0
BRDA:7,8,0,0
BRDA:7,8,1,0
BRDA:7,9,0,0
BRDA:7,9,1,0
BRDA:7,9,2,0
BRDA:7,10,0,0
BRDA:7,10,1,0
BRDA:7,11,0,0
BRDA:7,11,1,0
BRDA:7,12,0,0
BRDA:7,12,1,0
BRDA:7,13,0,0
BRDA:7,13,1,0
BRDA:7,14,0,0
BRDA:7,14,1,0
BRDA:12,15,0,0
BRDA:12,15,1,0
BRF:33
BRH:0
end_of_record
TN:
SF:/Users/hassankhokhar/Desktop/Expanse/app/components/Home/index.js
FN:1,(anonymous_0)
FN:1,defineProperties
FN:1,(anonymous_2)
FN:5,_interopRequireDefault
FN:5,_classCallCheck
FN:5,_possibleConstructorReturn
FN:5,_inherits
FN:7,(anonymous_7)
FN:8,_class
FN:13,render
FNF:10
FNH:0
FNDA:0,(anonymous_0)
FNDA:0,defineProperties
FNDA:0,(anonymous_2)
FNDA:0,_interopRequireDefault
FNDA:0,_classCallCheck
FNDA:0,_possibleConstructorReturn
FNDA:0,_inherits
FNDA:0,(anonymous_7)
FNDA:0,_class
FNDA:0,render
DA:1,0
DA:5,0
DA:7,0
DA:8,0
DA:13,0
DA:15,0
DA:28,0
LF:7
LH:0
BRDA:1,0,0,0
BRDA:1,0,1,0
BRDA:1,1,0,0
BRDA:1,1,1,0
BRDA:1,2,0,0
BRDA:1,2,1,0
BRDA:1,3,0,0
BRDA:1,3,1,0
BRDA:5,4,0,0
BRDA:5,4,1,0
BRDA:5,5,0,0
BRDA:5,5,1,0
BRDA:5,6,0,0
BRDA:5,6,1,0
BRDA:5,7,0,0
BRDA:5,7,1,0
BRDA:5,8,0,0
BRDA:5,8,1,0
BRDA:5,9,0,0
BRDA:5,9,1,0
BRDA:5,9,2,0
BRDA:5,10,0,0
BRDA:5,10,1,0
BRDA:5,11,0,0
BRDA:5,11,1,0
BRDA:5,12,0,0
BRDA:5,12,1,0
BRDA:5,13,0,0
BRDA:5,13,1,0
BRDA:5,14,0,0
BRDA:5,14,1,0
BRDA:8,15,0,0
BRDA:8,15,1,0
BRF:33
BRH:0
end_of_record
TN:
SF:/Users/hassankhokhar/Desktop/Expanse/app/components/Navigation/index.js
FN:1,(anonymous_0)
FN:1,defineProperties
FN:1,(anonymous_2)
FN:220,_classCallCheck
FN:220,_possibleConstructorReturn
FN:220,_inherits
FN:220,(anonymous_6)
FN:220,mapDispatchToProps
FN:222,onLocaleToggle
FNF:9
FNH:0
FNDA:0,(anonymous_0)
FNDA:0,defineProperties
FNDA:0,(anonymous_2)
FNDA:0,_classCallCheck
FNDA:0,_possibleConstructorReturn
FNDA:0,_inherits
FNDA:0,(anonymous_6)
FNDA:0,mapDispatchToProps
FNDA:0,onLocaleToggle
DA:1,0
DA:220,0
DA:221,0
LF:3
LH:0
BRDA:1,0,0,0
BRDA:1,0,1,0
BRDA:1,1,0,0
BRDA:1,1,1,0
BRDA:1,2,0,0
BRDA:1,2,1,0
BRDA:1,3,0,0
BRDA:1,3,1,0
BRDA:220,4,0,0
BRDA:220,4,1,0
BRDA:220,5,0,0
BRDA:220,5,1,0
BRDA:220,6,0,0
BRDA:220,6,1,0
BRDA:220,7,0,0
BRDA:220,7,1,0
BRDA:220,7,2,0
BRDA:220,8,0,0
BRDA:220,8,1,0
BRDA:220,9,0,0
BRDA:220,9,1,0
BRDA:220,10,0,0
BRDA:220,10,1,0
BRDA:220,11,0,0
BRDA:220,11,1,0
BRDA:220,12,0,0
BRDA:220,12,1,0
BRF:27
BRH:0
end_of_record
TN:
SF:/Users/hassankhokhar/Desktop/Expanse/app/components/Navigation/messages.js
FNF:0
FNH:0
DA:1,0
LF:1
LH:0
BRF:0
BRH:0
end_of_record
TN:
SF:/Users/hassankhokhar/Desktop/Expanse/app/components/Services/index.js
FN:1,(anonymous_0)
FN:1,defineProperties
FN:1,(anonymous_2)
FN:9,_interopRequireDefault
FN:9,_classCallCheck
FN:9,_possibleConstructorReturn
FN:9,_inherits
FN:14,(anonymous_7)
FN:14,Services
FN:15,render
FNF:10
FNH:0
FNDA:0,(anonymous_0)
FNDA:0,defineProperties
FNDA:0,(anonymous_2)
FNDA:0,_interopRequireDefault
FNDA:0,_classCallCheck
FNDA:0,_possibleConstructorReturn
FNDA:0,_inherits
FNDA:0,(anonymous_7)
FNDA:0,Services
FNDA:0,render
DA:1,0
DA:9,0
DA:14,0
DA:15,0
DA:72,0
DA:75,0
LF:6
LH:0
BRDA:1,0,0,0
BRDA:1,0,1,0
BRDA:1,1,0,0
BRDA:1,1,1,0
BRDA:1,2,0,0
BRDA:1,2,1,0
BRDA:1,3,0,0
BRDA:1,3,1,0
BRDA:9,4,0,0
BRDA:9,4,1,0
BRDA:9,5,0,0
BRDA:9,5,1,0
BRDA:9,6,0,0
BRDA:9,6,1,0
BRDA:9,7,0,0
BRDA:9,7,1,0
BRDA:9,8,0,0
BRDA:9,8,1,0
BRDA:9,9,0,0
BRDA:9,9,1,0
BRDA:9,9,2,0
BRDA:9,10,0,0
BRDA:9,10,1,0
BRDA:9,11,0,0
BRDA:9,11,1,0
BRDA:9,12,0,0
BRDA:9,12,1,0
BRDA:9,13,0,0
BRDA:9,13,1,0
BRDA:9,14,0,0
BRDA:9,14,1,0
BRDA:14,15,0,0
BRDA:14,15,1,0
BRF:33
BRH:0
end_of_record
TN:
SF:/Users/hassankhokhar/Desktop/Expanse/app/components/SkillArea/index.js
FN:1,(anonymous_0)
FN:1,defineProperties
FN:1,(anonymous_2)
FN:9,_interopRequireDefault
FN:9,_classCallCheck
FN:9,_possibleConstructorReturn
FN:9,_inherits
FN:14,(anonymous_7)
FN:14,SkillArea
FN:15,render
FNF:10
FNH:0
FNDA:0,(anonymous_0)
FNDA:0,defineProperties
FNDA:0,(anonymous_2)
FNDA:0,_interopRequireDefault
FNDA:0,_classCallCheck
FNDA:0,_possibleConstructorReturn
FNDA:0,_inherits
FNDA:0,(anonymous_7)
FNDA:0,SkillArea
FNDA:0,render
DA:1,0
DA:9,0
DA:14,0
DA:15,0
DA:60,0
DA:63,0
LF:6
LH:0
BRDA:1,0,0,0
BRDA:1,0,1,0
BRDA:1,1,0,0
BRDA:1,1,1,0
BRDA:1,2,0,0
BRDA:1,2,1,0
BRDA:1,3,0,0
BRDA:1,3,1,0
BRDA:9,4,0,0
BRDA:9,4,1,0
BRDA:9,5,0,0
BRDA:9,5,1,0
BRDA:9,6,0,0
BRDA:9,6,1,0
BRDA:9,7,0,0
BRDA:9,7,1,0
BRDA:9,8,0,0
BRDA:9,8,1,0
BRDA:9,9,0,0
BRDA:9,9,1,0
BRDA:9,9,2,0
BRDA:9,10,0,0
BRDA:9,10,1,0
BRDA:9,11,0,0
BRDA:9,11,1,0
BRDA:9,12,0,0
BRDA:9,12,1,0
BRDA:9,13,0,0
BRDA:9,13,1,0
BRDA:9,14,0,0
BRDA:9,14,1,0
BRDA:14,15,0,0
BRDA:14,15,1,0
BRF:33
BRH:0
end_of_record
TN:
SF:/Users/hassankhokhar/Desktop/Expanse/app/components/Team/index.js
FN:1,(anonymous_0)
FN:1,defineProperties
FN:1,(anonymous_2)
FN:9,_interopRequireDefault
FN:9,_classCallCheck
FN:9,_possibleConstructorReturn
FN:9,_inherits
FN:11,(anonymous_7)
FN:11,Team
FN:11,render
FNF:10
FNH:0
FNDA:0,(anonymous_0)
FNDA:0,defineProperties
FNDA:0,(anonymous_2)
FNDA:0,_interopRequireDefault
FNDA:0,_classCallCheck
FNDA:0,_possibleConstructorReturn
FNDA:0,_inherits
FNDA:0,(anonymous_7)
FNDA:0,Team
FNDA:0,render
DA:1,0
DA:9,0
DA:11,0
DA:13,0
DA:21,0
DA:250,0
LF:6
LH:0
BRDA:1,0,0,0
BRDA:1,0,1,0
BRDA:1,1,0,0
BRDA:1,1,1,0
BRDA:1,2,0,0
BRDA:1,2,1,0
BRDA:1,3,0,0
BRDA:1,3,1,0
BRDA:9,4,0,0
BRDA:9,4,1,0
BRDA:9,5,0,0
BRDA:9,5,1,0
BRDA:9,6,0,0
BRDA:9,6,1,0
BRDA:9,7,0,0
BRDA:9,7,1,0
BRDA:9,8,0,0
BRDA:9,8,1,0
BRDA:9,9,0,0
BRDA:9,9,1,0
BRDA:9,9,2,0
BRDA:9,10,0,0
BRDA:9,10,1,0
BRDA:9,11,0,0
BRDA:9,11,1,0
BRDA:9,12,0,0
BRDA:9,12,1,0
BRDA:9,13,0,0
BRDA:9,13,1,0
BRDA:9,14,0,0
BRDA:9,14,1,0
BRDA:11,15,0,0
BRDA:11,15,1,0
BRF:33
BRH:0
end_of_record
TN:
SF:/Users/hassankhokhar/Desktop/Expanse/app/components/Toggle/Select.js
FN:1,_interopRequireDefault
FN:1,_taggedTemplateLiteral
FNF:2
FNH:0
FNDA:0,_interopRequireDefault
FNDA:0,_taggedTemplateLiteral
DA:1,0
DA:3,0
LF:2
LH:0
BRDA:1,0,0,0
BRDA:1,0,1,0
BRDA:1,1,0,0
BRDA:1,1,1,0
BRF:4
BRH:0
end_of_record
TN:
SF:/Users/hassankhokhar/Desktop/Expanse/app/components/Toggle/index.js
FN:10,_interopRequireDefault
FN:12,Toggle
FN:17,(anonymous_2)
FNF:3
FNH:0
FNDA:0,_interopRequireDefault
FNDA:0,Toggle
FNDA:0,(anonymous_2)
DA:1,0
DA:10,0
DA:13,0
DA:16,0
DA:17,0
DA:22,0
DA:31,0
LF:7
LH:0
BRDA:10,0,0,0
BRDA:10,0,1,0
BRDA:10,1,0,0
BRDA:10,1,1,0
BRDA:16,2,0,0
BRDA:16,2,1,0
BRF:6
BRH:0
end_of_record
TN:
SF:/Users/hassankhokhar/Desktop/Expanse/app/components/ToggleOption/index.js
FN:12,ToggleOption
FNF:1
FNH:0
FNDA:0,ToggleOption
DA:1,0
DA:12,0
DA:18,0
LF:3
LH:0
BRF:0
BRH:0
end_of_record
TN:
SF:/Users/hassankhokhar/Desktop/Expanse/app/containers/App/constants.js
FNF:0
FNH:0
DA:12,5
LF:1
LH:1
BRF:0
BRH:0
end_of_record
TN:
SF:/Users/hassankhokhar/Desktop/Expanse/app/containers/App/index.js
FN:21,(anonymous_0)
FNF:1
FNH:1
FNDA:1,(anonymous_0)
DA:22,1
LF:1
LH:1
BRF:0
BRH:0
end_of_record
TN:
SF:/Users/hassankhokhar/Desktop/Expanse/app/containers/App/selectors.js
FN:2,(anonymous_0)
FN:6,(anonymous_1)
FNF:2
FNH:2
FNDA:2,(anonymous_0)
FNDA:3,(anonymous_1)
DA:2,1
DA:6,2
DA:7,3
DA:9,3
DA:10,2
DA:11,2
DA:14,3
LF:7
LH:7
BRDA:9,0,0,2
BRDA:9,0,1,1
BRF:2
BRH:2
end_of_record
TN:
SF:/Users/hassankhokhar/Desktop/Expanse/app/containers/HomePage/index.js
FN:1,(anonymous_0)
FN:1,defineProperties
FN:1,(anonymous_2)
FN:15,_interopRequireDefault
FN:15,_classCallCheck
FN:15,_possibleConstructorReturn
FN:15,_inherits
FN:24,(anonymous_7)
FN:24,HomePage
FN:25,render
FNF:10
FNH:0
FNDA:0,(anonymous_0)
FNDA:0,defineProperties
FNDA:0,(anonymous_2)
FNDA:0,_interopRequireDefault
FNDA:0,_classCallCheck
FNDA:0,_possibleConstructorReturn
FNDA:0,_inherits
FNDA:0,(anonymous_7)
FNDA:0,HomePage
FNDA:0,render
DA:1,0
DA:15,0
DA:24,0
DA:25,0
LF:4
LH:0
BRDA:1,0,0,0
BRDA:1,0,1,0
BRDA:1,1,0,0
BRDA:1,1,1,0
BRDA:1,2,0,0
BRDA:1,2,1,0
BRDA:1,3,0,0
BRDA:1,3,1,0
BRDA:15,4,0,0
BRDA:15,4,1,0
BRDA:15,5,0,0
BRDA:15,5,1,0
BRDA:15,6,0,0
BRDA:15,6,1,0
BRDA:15,7,0,0
BRDA:15,7,1,0
BRDA:15,8,0,0
BRDA:15,8,1,0
BRDA:15,9,0,0
BRDA:15,9,1,0
BRDA:15,9,2,0
BRDA:15,10,0,0
BRDA:15,10,1,0
BRDA:15,11,0,0
BRDA:15,11,1,0
BRDA:15,12,0,0
BRDA:15,12,1,0
BRDA:15,13,0,0
BRDA:15,13,1,0
BRDA:15,14,0,0
BRDA:15,14,1,0
BRDA:24,15,0,0
BRDA:24,15,1,0
BRF:33
BRH:0
end_of_record
TN:
SF:/Users/hassankhokhar/Desktop/Expanse/app/containers/HomePage/messages.js
FNF:0
FNH:0
DA:1,0
LF:1
LH:0
BRF:0
BRH:0
end_of_record
TN:
SF:/Users/hassankhokhar/Desktop/Expanse/app/containers/LanguageProvider/actions.js
FN:11,changeLocale
FNF:1
FNH:1
FNDA:1,changeLocale
DA:12,1
LF:1
LH:1
BRF:0
BRH:0
end_of_record
TN:
SF:/Users/hassankhokhar/Desktop/Expanse/app/containers/LanguageProvider/constants.js
FNF:0
FNH:0
DA:7,5
LF:1
LH:1
BRF:0
BRH:0
end_of_record
TN:
SF:/Users/hassankhokhar/Desktop/Expanse/app/containers/LanguageProvider/index.js
FN:17,(anonymous_0)
FN:35,(anonymous_1)
FNF:2
FNH:2
FNDA:2,(anonymous_0)
FNDA:1,(anonymous_1)
DA:18,2
DA:26,1
DA:33,1
DA:35,1
LF:4
LH:4
BRF:0
BRH:0
end_of_record
TN:
SF:/Users/hassankhokhar/Desktop/Expanse/app/containers/LanguageProvider/reducer.js
FN:20,languageProviderReducer
FNF:1
FNH:1
FNDA:10,languageProviderReducer
DA:16,4
DA:21,10
DA:23,1
DA:26,9
LF:4
LH:4
BRDA:20,0,0,6
BRDA:21,1,0,1
BRDA:21,1,1,9
BRF:3
BRH:3
end_of_record
TN:
SF:/Users/hassankhokhar/Desktop/Expanse/app/containers/LanguageProvider/selectors.js
FN:6,(anonymous_0)
FN:12,(anonymous_1)
FN:14,(anonymous_2)
FNF:3
FNH:3
FNDA:2,(anonymous_0)
FNDA:1,(anonymous_1)
FNDA:1,(anonymous_2)
DA:6,2
DA:12,2
DA:14,1
LF:3
LH:3
BRF:0
BRH:0
end_of_record
TN:
SF:/Users/hassankhokhar/Desktop/Expanse/app/containers/LocaleToggle/Wrapper.js
FN:1,_interopRequireDefault
FN:1,_taggedTemplateLiteral
FNF:2
FNH:0
FNDA:0,_interopRequireDefault
FNDA:0,_taggedTemplateLiteral
DA:1,0
DA:3,0
LF:2
LH:0
BRDA:1,0,0,0
BRDA:1,0,1,0
BRDA:1,1,0,0
BRDA:1,1,1,0
BRF:4
BRH:0
end_of_record
TN:
SF:/Users/hassankhokhar/Desktop/Expanse/app/containers/LocaleToggle/index.js
FN:1,(anonymous_0)
FN:1,defineProperties
FN:1,(anonymous_2)
FN:126,_interopRequireDefault
FN:126,_classCallCheck
FN:126,_possibleConstructorReturn
FN:126,_inherits
FN:133,(anonymous_7)
FN:133,LocaleToggle
FN:133,handleChange
FN:133,handleCountry
FN:133,render
FN:133,onClick
FN:133,onClick
FN:135,(anonymous_14)
FN:135,mapDispatchToProps
FN:135,changeLocale
FNF:17
FNH:0
FNDA:0,(anonymous_0)
FNDA:0,defineProperties
FNDA:0,(anonymous_2)
FNDA:0,_interopRequireDefault
FNDA:0,_classCallCheck
FNDA:0,_possibleConstructorReturn
FNDA:0,_inherits
FNDA:0,(anonymous_7)
FNDA:0,LocaleToggle
FNDA:0,handleChange
FNDA:0,handleCountry
FNDA:0,render
FNDA:0,onClick
FNDA:0,onClick
FNDA:0,(anonymous_14)
FNDA:0,mapDispatchToProps
FNDA:0,changeLocale
DA:1,0
DA:126,0
DA:133,0
DA:135,0
LF:4
LH:0
BRDA:1,0,0,0
BRDA:1,0,1,0
BRDA:1,1,0,0
BRDA:1,1,1,0
BRDA:1,2,0,0
BRDA:1,2,1,0
BRDA:1,3,0,0
BRDA:1,3,1,0
BRDA:126,4,0,0
BRDA:126,4,1,0
BRDA:126,5,0,0
BRDA:126,5,1,0
BRDA:126,6,0,0
BRDA:126,6,1,0
BRDA:126,7,0,0
BRDA:126,7,1,0
BRDA:126,8,0,0
BRDA:126,8,1,0
BRDA:126,9,0,0
BRDA:126,9,1,0
BRDA:126,9,2,0
BRDA:126,10,0,0
BRDA:126,10,1,0
BRDA:126,11,0,0
BRDA:126,11,1,0
BRDA:126,12,0,0
BRDA:126,12,1,0
BRDA:126,13,0,0
BRDA:126,13,1,0
BRDA:126,14,0,0
BRDA:126,14,1,0
BRDA:133,15,0,0
BRDA:133,15,1,0
BRDA:133,16,0,0
BRDA:133,16,1,0
BRF:35
BRH:0
end_of_record
TN:
SF:/Users/hassankhokhar/Desktop/Expanse/app/containers/LocaleToggle/messages.js
FNF:0
FNH:0
DA:1,0
LF:1
LH:0
BRF:0
BRH:0
end_of_record
TN:
SF:/Users/hassankhokhar/Desktop/Expanse/app/containers/NotFoundPage/index.js
FN:18,(anonymous_0)
FNF:1
FNH:1
FNDA:1,(anonymous_0)
DA:19,1
LF:1
LH:1
BRF:0
BRH:0
end_of_record
TN:
SF:/Users/hassankhokhar/Desktop/Expanse/app/containers/NotFoundPage/messages.js
FNF:0
FNH:0
LF:0
LH:0
BRF:0
BRH:0
end_of_record
TN:
SF:/Users/hassankhokhar/Desktop/Expanse/app/js/app.js
FN:14,(anonymous_0)
FNF:1
FNH:0
FNDA:0,(anonymous_0)
DA:14,0
DA:15,0
LF:2
LH:0
BRF:0
BRH:0
end_of_record
TN:
SF:/Users/hassankhokhar/Desktop/Expanse/app/js/bootstrap.min.js
FN:1,(anonymous_0)
FN:1,(anonymous_1)
FN:6,(anonymous_2)
FN:6,(anonymous_3)
FN:6,b
FN:6,(anonymous_5)
FN:6,(anonymous_6)
FN:6,e
FN:6,(anonymous_8)
FN:6,handle
FN:6,(anonymous_10)
FN:6,b
FN:6,(anonymous_12)
FN:6,d
FN:6,(anonymous_14)
FN:6,c
FN:6,(anonymous_16)
FN:6,(anonymous_17)
FN:6,b
FN:6,(anonymous_19)
FN:6,c
FN:6,(anonymous_21)
FN:6,(anonymous_22)
FN:6,(anonymous_23)
FN:6,(anonymous_24)
FN:6,(anonymous_25)
FN:6,(anonymous_26)
FN:6,(anonymous_27)
FN:6,b
FN:6,(anonymous_29)
FN:6,c
FN:6,(anonymous_31)
FN:6,(anonymous_32)
FN:6,(anonymous_33)
FN:6,(anonymous_34)
FN:6,(anonymous_35)
FN:6,(anonymous_36)
FN:6,(anonymous_37)
FN:6,(anonymous_38)
FN:6,(anonymous_39)
FN:6,(anonymous_40)
FN:6,(anonymous_41)
FN:6,(anonymous_42)
FN:6,(anonymous_43)
FN:6,e
FN:6,(anonymous_45)
FN:6,(anonymous_46)
FN:6,(anonymous_47)
FN:6,b
FN:6,c
FN:6,(anonymous_50)
FN:6,d
FN:6,(anonymous_52)
FN:6,(anonymous_53)
FN:6,h
FN:6,(anonymous_55)
FN:6,e
FN:6,(anonymous_57)
FN:6,(anonymous_58)
FN:6,(anonymous_59)
FN:6,(anonymous_60)
FN:6,(anonymous_61)
FN:6,(anonymous_62)
FN:6,(anonymous_63)
FN:6,b
FN:6,c
FN:6,(anonymous_66)
FN:6,d
FN:6,(anonymous_68)
FN:6,g
FN:6,(anonymous_70)
FN:6,(anonymous_71)
FN:6,(anonymous_72)
FN:6,(anonymous_73)
FN:6,(anonymous_74)
FN:6,b
FN:6,(anonymous_76)
FN:6,c
FN:6,(anonymous_78)
FN:6,(anonymous_79)
FN:6,(anonymous_80)
FN:6,(anonymous_81)
FN:6,(anonymous_82)
FN:6,(anonymous_83)
FN:6,(anonymous_84)
FN:6,(anonymous_85)
FN:6,(anonymous_86)
FN:6,(anonymous_87)
FN:6,(anonymous_88)
FN:6,(anonymous_89)
FN:6,(anonymous_90)
FN:6,(anonymous_91)
FN:6,(anonymous_92)
FN:6,(anonymous_93)
FN:6,(anonymous_94)
FN:6,(anonymous_95)
FN:6,g
FN:6,(anonymous_97)
FN:6,(anonymous_98)
FN:6,(anonymous_99)
FN:6,(anonymous_100)
FN:6,(anonymous_101)
FN:6,(anonymous_102)
FN:6,(anonymous_103)
FN:6,(anonymous_104)
FN:6,(anonymous_105)
FN:6,(anonymous_106)
FN:6,(anonymous_107)
FN:6,(anonymous_108)
FN:6,b
FN:6,(anonymous_110)
FN:6,c
FN:6,(anonymous_112)
FN:6,(anonymous_113)
FN:6,(anonymous_114)
FN:6,(anonymous_115)
FN:6,(anonymous_116)
FN:6,(anonymous_117)
FN:6,(anonymous_118)
FN:6,(anonymous_119)
FN:6,(anonymous_120)
FN:6,(anonymous_121)
FN:6,(anonymous_122)
FN:6,q
FN:6,(anonymous_124)
FN:6,using
FN:6,(anonymous_126)
FN:6,(anonymous_127)
FN:6,(anonymous_128)
FN:6,d
FN:6,(anonymous_130)
FN:6,(anonymous_131)
FN:6,(anonymous_132)
FN:6,(anonymous_133)
FN:6,(anonymous_134)
FN:6,(anonymous_135)
FN:6,(anonymous_136)
FN:6,(anonymous_137)
FN:6,(anonymous_138)
FN:6,(anonymous_139)
FN:6,(anonymous_140)
FN:6,(anonymous_141)
FN:6,(anonymous_142)
FN:6,(anonymous_143)
FN:6,(anonymous_144)
FN:6,(anonymous_145)
FN:6,(anonymous_146)
FN:6,b
FN:6,(anonymous_148)
FN:6,c
FN:6,(anonymous_150)
FN:6,(anonymous_151)
FN:6,(anonymous_152)
FN:6,(anonymous_153)
FN:6,(anonymous_154)
FN:6,(anonymous_155)
FN:6,(anonymous_156)
FN:6,b
FN:6,c
FN:6,(anonymous_159)
FN:6,(anonymous_160)
FN:6,(anonymous_161)
FN:6,(anonymous_162)
FN:6,(anonymous_163)
FN:6,(anonymous_164)
FN:6,(anonymous_165)
FN:6,(anonymous_166)
FN:7,(anonymous_167)
FN:7,(anonymous_168)
FN:7,(anonymous_169)
FN:7,(anonymous_170)
FN:7,(anonymous_171)
FN:7,b
FN:7,(anonymous_173)
FN:7,c
FN:7,(anonymous_175)
FN:7,(anonymous_176)
FN:7,(anonymous_177)
FN:7,f
FN:7,(anonymous_179)
FN:7,e
FN:7,(anonymous_181)
FN:7,b
FN:7,(anonymous_183)
FN:7,c
FN:7,(anonymous_185)
FN:7,(anonymous_186)
FN:7,(anonymous_187)
FN:7,(anonymous_188)
FN:7,(anonymous_189)
FN:7,(anonymous_190)
FN:7,(anonymous_191)
FNF:192
FNH:0
FNDA:0,(anonymous_0)
FNDA:0,(anonymous_1)
FNDA:0,(anonymous_2)
FNDA:0,(anonymous_3)
FNDA:0,b
FNDA:0,(anonymous_5)
FNDA:0,(anonymous_6)
FNDA:0,e
FNDA:0,(anonymous_8)
FNDA:0,handle
FNDA:0,(anonymous_10)
FNDA:0,b
FNDA:0,(anonymous_12)
FNDA:0,d
FNDA:0,(anonymous_14)
FNDA:0,c
FNDA:0,(anonymous_16)
FNDA:0,(anonymous_17)
FNDA:0,b
FNDA:0,(anonymous_19)
FNDA:0,c
FNDA:0,(anonymous_21)
FNDA:0,(anonymous_22)
FNDA:0,(anonymous_23)
FNDA:0,(anonymous_24)
FNDA:0,(anonymous_25)
FNDA:0,(anonymous_26)
FNDA:0,(anonymous_27)
FNDA:0,b
FNDA:0,(anonymous_29)
FNDA:0,c
FNDA:0,(anonymous_31)
FNDA:0,(anonymous_32)
FNDA:0,(anonymous_33)
FNDA:0,(anonymous_34)
FNDA:0,(anonymous_35)
FNDA:0,(anonymous_36)
FNDA:0,(anonymous_37)
FNDA:0,(anonymous_38)
FNDA:0,(anonymous_39)
FNDA:0,(anonymous_40)
FNDA:0,(anonymous_41)
FNDA:0,(anonymous_42)
FNDA:0,(anonymous_43)
FNDA:0,e
FNDA:0,(anonymous_45)
FNDA:0,(anonymous_46)
FNDA:0,(anonymous_47)
FNDA:0,b
FNDA:0,c
FNDA:0,(anonymous_50)
FNDA:0,d
FNDA:0,(anonymous_52)
FNDA:0,(anonymous_53)
FNDA:0,h
FNDA:0,(anonymous_55)
FNDA:0,e
FNDA:0,(anonymous_57)
FNDA:0,(anonymous_58)
FNDA:0,(anonymous_59)
FNDA:0,(anonymous_60)
FNDA:0,(anonymous_61)
FNDA:0,(anonymous_62)
FNDA:0,(anonymous_63)
FNDA:0,b
FNDA:0,c
FNDA:0,(anonymous_66)
FNDA:0,d
FNDA:0,(anonymous_68)
FNDA:0,g
FNDA:0,(anonymous_70)
FNDA:0,(anonymous_71)
FNDA:0,(anonymous_72)
FNDA:0,(anonymous_73)
FNDA:0,(anonymous_74)
FNDA:0,b
FNDA:0,(anonymous_76)
FNDA:0,c
FNDA:0,(anonymous_78)
FNDA:0,(anonymous_79)
FNDA:0,(anonymous_80)
FNDA:0,(anonymous_81)
FNDA:0,(anonymous_82)
FNDA:0,(anonymous_83)
FNDA:0,(anonymous_84)
FNDA:0,(anonymous_85)
FNDA:0,(anonymous_86)
FNDA:0,(anonymous_87)
FNDA:0,(anonymous_88)
FNDA:0,(anonymous_89)
FNDA:0,(anonymous_90)
FNDA:0,(anonymous_91)
FNDA:0,(anonymous_92)
FNDA:0,(anonymous_93)
FNDA:0,(anonymous_94)
FNDA:0,(anonymous_95)
FNDA:0,g
FNDA:0,(anonymous_97)
FNDA:0,(anonymous_98)
FNDA:0,(anonymous_99)
FNDA:0,(anonymous_100)
FNDA:0,(anonymous_101)
FNDA:0,(anonymous_102)
FNDA:0,(anonymous_103)
FNDA:0,(anonymous_104)
FNDA:0,(anonymous_105)
FNDA:0,(anonymous_106)
FNDA:0,(anonymous_107)
FNDA:0,(anonymous_108)
FNDA:0,b
FNDA:0,(anonymous_110)
FNDA:0,c
FNDA:0,(anonymous_112)
FNDA:0,(anonymous_113)
FNDA:0,(anonymous_114)
FNDA:0,(anonymous_115)
FNDA:0,(anonymous_116)
FNDA:0,(anonymous_117)
FNDA:0,(anonymous_118)
FNDA:0,(anonymous_119)
FNDA:0,(anonymous_120)
FNDA:0,(anonymous_121)
FNDA:0,(anonymous_122)
FNDA:0,q
FNDA:0,(anonymous_124)
FNDA:0,using
FNDA:0,(anonymous_126)
FNDA:0,(anonymous_127)
FNDA:0,(anonymous_128)
FNDA:0,d
FNDA:0,(anonymous_130)
FNDA:0,(anonymous_131)
FNDA:0,(anonymous_132)
FNDA:0,(anonymous_133)
FNDA:0,(anonymous_134)
FNDA:0,(anonymous_135)
FNDA:0,(anonymous_136)
FNDA:0,(anonymous_137)
FNDA:0,(anonymous_138)
FNDA:0,(anonymous_139)
FNDA:0,(anonymous_140)
FNDA:0,(anonymous_141)
FNDA:0,(anonymous_142)
FNDA:0,(anonymous_143)
FNDA:0,(anonymous_144)
FNDA:0,(anonymous_145)
FNDA:0,(anonymous_146)
FNDA:0,b
FNDA:0,(anonymous_148)
FNDA:0,c
FNDA:0,(anonymous_150)
FNDA:0,(anonymous_151)
FNDA:0,(anonymous_152)
FNDA:0,(anonymous_153)
FNDA:0,(anonymous_154)
FNDA:0,(anonymous_155)
FNDA:0,(anonymous_156)
FNDA:0,b
FNDA:0,c
FNDA:0,(anonymous_159)
FNDA:0,(anonymous_160)
FNDA:0,(anonymous_161)
FNDA:0,(anonymous_162)
FNDA:0,(anonymous_163)
FNDA:0,(anonymous_164)
FNDA:0,(anonymous_165)
FNDA:0,(anonymous_166)
FNDA:0,(anonymous_167)
FNDA:0,(anonymous_168)
FNDA:0,(anonymous_169)
FNDA:0,(anonymous_170)
FNDA:0,(anonymous_171)
FNDA:0,b
FNDA:0,(anonymous_173)
FNDA:0,c
FNDA:0,(anonymous_175)
FNDA:0,(anonymous_176)
FNDA:0,(anonymous_177)
FNDA:0,f
FNDA:0,(anonymous_179)
FNDA:0,e
FNDA:0,(anonymous_181)
FNDA:0,b
FNDA:0,(anonymous_183)
FNDA:0,c
FNDA:0,(anonymous_185)
FNDA:0,(anonymous_186)
FNDA:0,(anonymous_187)
FNDA:0,(anonymous_188)
FNDA:0,(anonymous_189)
FNDA:0,(anonymous_190)
FNDA:0,(anonymous_191)
DA:1,0
DA:6,0
DA:7,0
LF:3
LH:0
BRDA:1,0,0,0
BRDA:1,0,1,0
BRDA:1,1,0,0
BRDA:1,1,1,0
BRDA:1,2,0,0
BRDA:1,2,1,0
BRDA:1,3,0,0
BRDA:1,3,1,0
BRDA:1,3,2,0
BRDA:1,3,3,0
BRDA:6,4,0,0
BRDA:6,4,1,0
BRDA:6,5,0,0
BRDA:6,5,1,0
BRDA:6,6,0,0
BRDA:6,6,1,0
BRDA:6,6,2,0
BRDA:6,6,3,0
BRDA:6,6,4,0
BRDA:6,6,5,0
BRDA:6,7,0,0
BRDA:6,7,1,0
BRDA:6,8,0,0
BRDA:6,8,1,0
BRDA:6,9,0,0
BRDA:6,9,1,0
BRDA:6,10,0,0
BRDA:6,10,1,0
BRDA:6,11,0,0
BRDA:6,11,1,0
BRDA:6,12,0,0
BRDA:6,12,1,0
BRDA:6,13,0,0
BRDA:6,13,1,0
BRDA:6,14,0,0
BRDA:6,14,1,0
BRDA:6,15,0,0
BRDA:6,15,1,0
BRDA:6,16,0,0
BRDA:6,16,1,0
BRDA:6,17,0,0
BRDA:6,17,1,0
BRDA:6,18,0,0
BRDA:6,18,1,0
BRDA:6,19,0,0
BRDA:6,19,1,0
BRDA:6,20,0,0
BRDA:6,20,1,0
BRDA:6,21,0,0
BRDA:6,21,1,0
BRDA:6,22,0,0
BRDA:6,22,1,0
BRDA:6,23,0,0
BRDA:6,23,1,0
BRDA:6,24,0,0
BRDA:6,24,1,0
BRDA:6,25,0,0
BRDA:6,25,1,0
BRDA:6,26,0,0
BRDA:6,26,1,0
BRDA:6,27,0,0
BRDA:6,27,1,0
BRDA:6,28,0,0
BRDA:6,28,1,0
BRDA:6,29,0,0
BRDA:6,29,1,0
BRDA:6,30,0,0
BRDA:6,30,1,0
BRDA:6,31,0,0
BRDA:6,31,1,0
BRDA:6,32,0,0
BRDA:6,32,1,0
BRDA:6,33,0,0
BRDA:6,33,1,0
BRDA:6,34,0,0
BRDA:6,34,1,0
BRDA:6,35,0,0
BRDA:6,35,1,0
BRDA:6,35,2,0
BRDA:6,36,0,0
BRDA:6,36,1,0
BRDA:6,37,0,0
BRDA:6,37,1,0
BRDA:6,38,0,0
BRDA:6,38,1,0
BRDA:6,39,0,0
BRDA:6,39,1,0
BRDA:6,40,0,0
BRDA:6,40,1,0
BRDA:6,41,0,0
BRDA:6,41,1,0
BRDA:6,42,0,0
BRDA:6,42,1,0
BRDA:6,43,0,0
BRDA:6,43,1,0
BRDA:6,43,2,0
BRDA:6,44,0,0
BRDA:6,44,1,0
BRDA:6,45,0,0
BRDA:6,45,1,0
BRDA:6,45,2,0
BRDA:6,46,0,0
BRDA:6,46,1,0
BRDA:6,47,0,0
BRDA:6,47,1,0
BRDA:6,48,0,0
BRDA:6,48,1,0
BRDA:6,48,2,0
BRDA:6,49,0,0
BRDA:6,49,1,0
BRDA:6,50,0,0
BRDA:6,50,1,0
BRDA:6,50,2,0
BRDA:6,50,3,0
BRDA:6,51,0,0
BRDA:6,51,1,0
BRDA:6,52,0,0
BRDA:6,52,1,0
BRDA:6,53,0,0
BRDA:6,53,1,0
BRDA:6,54,0,0
BRDA:6,54,1,0
BRDA:6,55,0,0
BRDA:6,55,1,0
BRDA:6,56,0,0
BRDA:6,56,1,0
BRDA:6,57,0,0
BRDA:6,57,1,0
BRDA:6,58,0,0
BRDA:6,58,1,0
BRDA:6,59,0,0
BRDA:6,59,1,0
BRDA:6,60,0,0
BRDA:6,60,1,0
BRDA:6,60,2,0
BRDA:6,61,0,0
BRDA:6,61,1,0
BRDA:6,62,0,0
BRDA:6,62,1,0
BRDA:6,63,0,0
BRDA:6,63,1,0
BRDA:6,64,0,0
BRDA:6,64,1,0
BRDA:6,65,0,0
BRDA:6,65,1,0
BRDA:6,66,0,0
BRDA:6,66,1,0
BRDA:6,67,0,0
BRDA:6,67,1,0
BRDA:6,68,0,0
BRDA:6,68,1,0
BRDA:6,69,0,0
BRDA:6,69,1,0
BRDA:6,70,0,0
BRDA:6,70,1,0
BRDA:6,71,0,0
BRDA:6,71,1,0
BRDA:6,72,0,0
BRDA:6,72,1,0
BRDA:6,73,0,0
BRDA:6,73,1,0
BRDA:6,73,2,0
BRDA:6,74,0,0
BRDA:6,74,1,0
BRDA:6,75,0,0
BRDA:6,75,1,0
BRDA:6,76,0,0
BRDA:6,76,1,0
BRDA:6,77,0,0
BRDA:6,77,1,0
BRDA:6,77,2,0
BRDA:6,78,0,0
BRDA:6,78,1,0
BRDA:6,79,0,0
BRDA:6,79,1,0
BRDA:6,79,2,0
BRDA:6,79,3,0
BRDA:6,80,0,0
BRDA:6,80,1,0
BRDA:6,81,0,0
BRDA:6,81,1,0
BRDA:6,82,0,0
BRDA:6,82,1,0
BRDA:6,83,0,0
BRDA:6,83,1,0
BRDA:6,84,0,0
BRDA:6,84,1,0
BRDA:6,85,0,0
BRDA:6,85,1,0
BRDA:6,86,0,0
BRDA:6,86,1,0
BRDA:6,87,0,0
BRDA:6,87,1,0
BRDA:6,88,0,0
BRDA:6,88,1,0
BRDA:6,89,0,0
BRDA:6,89,1,0
BRDA:6,89,2,0
BRDA:6,90,0,0
BRDA:6,90,1,0
BRDA:6,91,0,0
BRDA:6,91,1,0
BRDA:6,92,0,0
BRDA:6,92,1,0
BRDA:6,92,2,0
BRDA:6,93,0,0
BRDA:6,93,1,0
BRDA:6,94,0,0
BRDA:6,94,1,0
BRDA:6,95,0,0
BRDA:6,95,1,0
BRDA:6,96,0,0
BRDA:6,96,1,0
BRDA:6,97,0,0
BRDA:6,97,1,0
BRDA:6,98,0,0
BRDA:6,98,1,0
BRDA:6,99,0,0
BRDA:6,99,1,0
BRDA:6,100,0,0
BRDA:6,100,1,0
BRDA:6,101,0,0
BRDA:6,101,1,0
BRDA:6,102,0,0
BRDA:6,102,1,0
BRDA:6,103,0,0
BRDA:6,103,1,0
BRDA:6,103,2,0
BRDA:6,104,0,0
BRDA:6,104,1,0
BRDA:6,105,0,0
BRDA:6,105,1,0
BRDA:6,106,0,0
BRDA:6,106,1,0
BRDA:6,107,0,0
BRDA:6,107,1,0
BRDA:6,107,2,0
BRDA:6,108,0,0
BRDA:6,108,1,0
BRDA:6,108,2,0
BRDA:6,108,3,0
BRDA:6,108,4,0
BRDA:6,108,5,0
BRDA:6,109,0,0
BRDA:6,109,1,0
BRDA:6,110,0,0
BRDA:6,110,1,0
BRDA:6,111,0,0
BRDA:6,111,1,0
BRDA:6,112,0,0
BRDA:6,112,1,0
BRDA:6,113,0,0
BRDA:6,113,1,0
BRDA:6,114,0,0
BRDA:6,114,1,0
BRDA:6,114,2,0
BRDA:6,115,0,0
BRDA:6,115,1,0
BRDA:6,116,0,0
BRDA:6,116,1,0
BRDA:6,117,0,0
BRDA:6,117,1,0
BRDA:6,118,0,0
BRDA:6,118,1,0
BRDA:6,119,0,0
BRDA:6,119,1,0
BRDA:6,120,0,0
BRDA:6,120,1,0
BRDA:6,120,2,0
BRDA:6,120,3,0
BRDA:6,121,0,0
BRDA:6,121,1,0
BRDA:6,122,0,0
BRDA:6,122,1,0
BRDA:6,123,0,0
BRDA:6,123,1,0
BRDA:6,123,2,0
BRDA:6,124,0,0
BRDA:6,124,1,0
BRDA:6,124,2,0
BRDA:6,125,0,0
BRDA:6,125,1,0
BRDA:6,126,0,0
BRDA:6,126,1,0
BRDA:6,127,0,0
BRDA:6,127,1,0
BRDA:6,128,0,0
BRDA:6,128,1,0
BRDA:6,129,0,0
BRDA:6,129,1,0
BRDA:6,130,0,0
BRDA:6,130,1,0
BRDA:6,131,0,0
BRDA:6,131,1,0
BRDA:6,132,0,0
BRDA:6,132,1,0
BRDA:6,132,2,0
BRDA:6,133,0,0
BRDA:6,133,1,0
BRDA:6,134,0,0
BRDA:6,134,1,0
BRDA:6,135,0,0
BRDA:6,135,1,0
BRDA:6,136,0,0
BRDA:6,136,1,0
BRDA:6,137,0,0
BRDA:6,137,1,0
BRDA:6,138,0,0
BRDA:6,138,1,0
BRDA:6,139,0,0
BRDA:6,139,1,0
BRDA:6,139,2,0
BRDA:6,140,0,0
BRDA:6,140,1,0
BRDA:6,141,0,0
BRDA:6,141,1,0
BRDA:6,142,0,0
BRDA:6,142,1,0
BRDA:6,142,2,0
BRDA:6,143,0,0
BRDA:6,143,1,0
BRDA:6,144,0,0
BRDA:6,144,1,0
BRDA:6,145,0,0
BRDA:6,145,1,0
BRDA:6,146,0,0
BRDA:6,146,1,0
BRDA:6,147,0,0
BRDA:6,147,1,0
BRDA:6,148,0,0
BRDA:6,148,1,0
BRDA:6,149,0,0
BRDA:6,149,1,0
BRDA:6,150,0,0
BRDA:6,150,1,0
BRDA:6,151,0,0
BRDA:6,151,1,0
BRDA:6,152,0,0
BRDA:6,152,1,0
BRDA:6,153,0,0
BRDA:6,153,1,0
BRDA:6,154,0,0
BRDA:6,154,1,0
BRDA:6,155,0,0
BRDA:6,155,1,0
BRDA:6,156,0,0
BRDA:6,156,1,0
BRDA:6,157,0,0
BRDA:6,157,1,0
BRDA:6,158,0,0
BRDA:6,158,1,0
BRDA:6,159,0,0
BRDA:6,159,1,0
BRDA:6,160,0,0
BRDA:6,160,1,0
BRDA:6,161,0,0
BRDA:6,161,1,0
BRDA:6,162,0,0
BRDA:6,162,1,0
BRDA:6,163,0,0
BRDA:6,163,1,0
BRDA:6,164,0,0
BRDA:6,164,1,0
BRDA:6,165,0,0
BRDA:6,165,1,0
BRDA:6,166,0,0
BRDA:6,166,1,0
BRDA:6,167,0,0
BRDA:6,167,1,0
BRDA:6,168,0,0
BRDA:6,168,1,0
BRDA:6,169,0,0
BRDA:6,169,1,0
BRDA:6,170,0,0
BRDA:6,170,1,0
BRDA:6,171,0,0
BRDA:6,171,1,0
BRDA:6,172,0,0
BRDA:6,172,1,0
BRDA:6,173,0,0
BRDA:6,173,1,0
BRDA:6,173,2,0
BRDA:6,174,0,0
BRDA:6,174,1,0
BRDA:6,175,0,0
BRDA:6,175,1,0
BRDA:6,176,0,0
BRDA:6,176,1,0
BRDA:6,177,0,0
BRDA:6,177,1,0
BRDA:6,178,0,0
BRDA:6,178,1,0
BRDA:6,179,0,0
BRDA:6,179,1,0
BRDA:6,180,0,0
BRDA:6,180,1,0
BRDA:6,180,2,0
BRDA:6,181,0,0
BRDA:6,181,1,0
BRDA:6,182,0,0
BRDA:6,182,1,0
BRDA:6,183,0,0
BRDA:6,183,1,0
BRDA:6,184,0,0
BRDA:6,184,1,0
BRDA:6,185,0,0
BRDA:6,185,1,0
BRDA:6,186,0,0
BRDA:6,186,1,0
BRDA:6,187,0,0
BRDA:6,187,1,0
BRDA:6,188,0,0
BRDA:6,188,1,0
BRDA:6,189,0,0
BRDA:6,189,1,0
BRDA:6,190,0,0
BRDA:6,190,1,0
BRDA:6,191,0,0
BRDA:6,191,1,0
BRDA:6,192,0,0
BRDA:6,192,1,0
BRDA:6,193,0,0
BRDA:6,193,1,0
BRDA:6,193,2,0
BRDA:6,194,0,0
BRDA:6,194,1,0
BRDA:6,195,0,0
BRDA:6,195,1,0
BRDA:6,196,0,0
BRDA:6,196,1,0
BRDA:6,197,0,0
BRDA:6,197,1,0
BRDA:6,198,0,0
BRDA:6,198,1,0
BRDA:6,199,0,0
BRDA:6,199,1,0
BRDA:6,200,0,0
BRDA:6,200,1,0
BRDA:6,201,0,0
BRDA:6,201,1,0
BRDA:6,202,0,0
BRDA:6,202,1,0
BRDA:6,203,0,0
BRDA:6,203,1,0
BRDA:6,204,0,0
BRDA:6,204,1,0
BRDA:6,205,0,0
BRDA:6,205,1,0
BRDA:6,206,0,0
BRDA:6,206,1,0
BRDA:6,207,0,0
BRDA:6,207,1,0
BRDA:6,208,0,0
BRDA:6,208,1,0
BRDA:6,209,0,0
BRDA:6,209,1,0
BRDA:6,210,0,0
BRDA:6,210,1,0
BRDA:6,211,0,0
BRDA:6,211,1,0
BRDA:6,212,0,0
BRDA:6,212,1,0
BRDA:6,213,0,0
BRDA:6,213,1,0
BRDA:6,214,0,0
BRDA:6,214,1,0
BRDA:6,215,0,0
BRDA:6,215,1,0
BRDA:6,216,0,0
BRDA:6,216,1,0
BRDA:6,217,0,0
BRDA:6,217,1,0
BRDA:6,218,0,0
BRDA:6,218,1,0
BRDA:6,219,0,0
BRDA:6,219,1,0
BRDA:6,220,0,0
BRDA:6,220,1,0
BRDA:6,221,0,0
BRDA:6,221,1,0
BRDA:6,222,0,0
BRDA:6,222,1,0
BRDA:6,223,0,0
BRDA:6,223,1,0
BRDA:6,224,0,0
BRDA:6,224,1,0
BRDA:6,225,0,0
BRDA:6,225,1,0
BRDA:6,226,0,0
BRDA:6,226,1,0
BRDA:6,227,0,0
BRDA:6,227,1,0
BRDA:6,228,0,0
BRDA:6,228,1,0
BRDA:6,229,0,0
BRDA:6,229,1,0
BRDA:6,230,0,0
BRDA:6,230,1,0
BRDA:6,231,0,0
BRDA:6,231,1,0
BRDA:6,232,0,0
BRDA:6,232,1,0
BRDA:6,233,0,0
BRDA:6,233,1,0
BRDA:6,234,0,0
BRDA:6,234,1,0
BRDA:6,235,0,0
BRDA:6,235,1,0
BRDA:6,236,0,0
BRDA:6,236,1,0
BRDA:6,236,2,0
BRDA:6,237,0,0
BRDA:6,237,1,0
BRDA:6,238,0,0
BRDA:6,238,1,0
BRDA:6,239,0,0
BRDA:6,239,1,0
BRDA:6,240,0,0
BRDA:6,240,1,0
BRDA:6,241,0,0
BRDA:6,241,1,0
BRDA:6,242,0,0
BRDA:6,242,1,0
BRDA:6,243,0,0
BRDA:6,243,1,0
BRDA:6,244,0,0
BRDA:6,244,1,0
BRDA:6,245,0,0
BRDA:6,245,1,0
BRDA:6,246,0,0
BRDA:6,246,1,0
BRDA:6,247,0,0
BRDA:6,247,1,0
BRDA:6,248,0,0
BRDA:6,248,1,0
BRDA:6,248,2,0
BRDA:6,249,0,0
BRDA:6,249,1,0
BRDA:6,250,0,0
BRDA:6,250,1,0
BRDA:6,251,0,0
BRDA:6,251,1,0
BRDA:6,252,0,0
BRDA:6,252,1,0
BRDA:6,253,0,0
BRDA:6,253,1,0
BRDA:6,254,0,0
BRDA:6,254,1,0
BRDA:6,255,0,0
BRDA:6,255,1,0
BRDA:6,256,0,0
BRDA:6,256,1,0
BRDA:6,257,0,0
BRDA:6,257,1,0
BRDA:6,258,0,0
BRDA:6,258,1,0
BRDA:6,259,0,0
BRDA:6,259,1,0
BRDA:6,260,0,0
BRDA:6,260,1,0
BRDA:6,260,2,0
BRDA:6,261,0,0
BRDA:6,261,1,0
BRDA:6,262,0,0
BRDA:6,262,1,0
BRDA:6,263,0,0
BRDA:6,263,1,0
BRDA:6,264,0,0
BRDA:6,264,1,0
BRDA:6,265,0,0
BRDA:6,265,1,0
BRDA:6,266,0,0
BRDA:6,266,1,0
BRDA:6,267,0,0
BRDA:6,267,1,0
BRDA:6,268,0,0
BRDA:6,268,1,0
BRDA:6,269,0,0
BRDA:6,269,1,0
BRDA:6,270,0,0
BRDA:6,270,1,0
BRDA:6,271,0,0
BRDA:6,271,1,0
BRDA:6,272,0,0
BRDA:6,272,1,0
BRDA:6,273,0,0
BRDA:6,273,1,0
BRDA:6,274,0,0
BRDA:6,274,1,0
BRDA:6,275,0,0
BRDA:6,275,1,0
BRDA:6,276,0,0
BRDA:6,276,1,0
BRDA:6,277,0,0
BRDA:6,277,1,0
BRDA:6,278,0,0
BRDA:6,278,1,0
BRDA:6,278,2,0
BRDA:6,279,0,0
BRDA:6,279,1,0
BRDA:6,280,0,0
BRDA:6,280,1,0
BRDA:6,281,0,0
BRDA:6,281,1,0
BRDA:6,282,0,0
BRDA:6,282,1,0
BRDA:6,283,0,0
BRDA:6,283,1,0
BRDA:6,284,0,0
BRDA:6,284,1,0
BRDA:6,285,0,0
BRDA:6,285,1,0
BRDA:6,286,0,0
BRDA:6,286,1,0
BRDA:6,287,0,0
BRDA:6,287,1,0
BRDA:6,288,0,0
BRDA:6,288,1,0
BRDA:6,289,0,0
BRDA:6,289,1,0
BRDA:6,290,0,0
BRDA:6,290,1,0
BRDA:6,291,0,0
BRDA:6,291,1,0
BRDA:6,292,0,0
BRDA:6,292,1,0
BRDA:6,293,0,0
BRDA:6,293,1,0
BRDA:6,294,0,0
BRDA:6,294,1,0
BRDA:6,295,0,0
BRDA:6,295,1,0
BRDA:6,296,0,0
BRDA:6,296,1,0
BRDA:6,297,0,0
BRDA:6,297,1,0
BRDA:6,298,0,0
BRDA:6,298,1,0
BRDA:6,299,0,0
BRDA:6,299,1,0
BRDA:6,299,2,0
BRDA:6,299,3,0
BRDA:6,299,4,0
BRDA:6,300,0,0
BRDA:6,300,1,0
BRDA:6,301,0,0
BRDA:6,301,1,0
BRDA:6,302,0,0
BRDA:6,302,1,0
BRDA:6,303,0,0
BRDA:6,303,1,0
BRDA:6,304,0,0
BRDA:6,304,1,0
BRDA:7,305,0,0
BRDA:7,305,1,0
BRDA:7,306,0,0
BRDA:7,306,1,0
BRDA:7,307,0,0
BRDA:7,307,1,0
BRDA:7,308,0,0
BRDA:7,308,1,0
BRDA:7,309,0,0
BRDA:7,309,1,0
BRDA:7,310,0,0
BRDA:7,310,1,0
BRDA:7,311,0,0
BRDA:7,311,1,0
BRDA:7,312,0,0
BRDA:7,312,1,0
BRDA:7,313,0,0
BRDA:7,313,1,0
BRDA:7,314,0,0
BRDA:7,314,1,0
BRDA:7,315,0,0
BRDA:7,315,1,0
BRDA:7,316,0,0
BRDA:7,316,1,0
BRDA:7,316,2,0
BRDA:7,316,3,0
BRDA:7,316,4,0
BRDA:7,317,0,0
BRDA:7,317,1,0
BRDA:7,318,0,0
BRDA:7,318,1,0
BRDA:7,319,0,0
BRDA:7,319,1,0
BRDA:7,320,0,0
BRDA:7,320,1,0
BRDA:7,321,0,0
BRDA:7,321,1,0
BRDA:7,322,0,0
BRDA:7,322,1,0
BRDA:7,323,0,0
BRDA:7,323,1,0
BRDA:7,324,0,0
BRDA:7,324,1,0
BRDA:7,325,0,0
BRDA:7,325,1,0
BRDA:7,326,0,0
BRDA:7,326,1,0
BRDA:7,327,0,0
BRDA:7,327,1,0
BRDA:7,328,0,0
BRDA:7,328,1,0
BRDA:7,329,0,0
BRDA:7,329,1,0
BRDA:7,330,0,0
BRDA:7,330,1,0
BRDA:7,331,0,0
BRDA:7,331,1,0
BRDA:7,332,0,0
BRDA:7,332,1,0
BRDA:7,333,0,0
BRDA:7,333,1,0
BRDA:7,334,0,0
BRDA:7,334,1,0
BRDA:7,335,0,0
BRDA:7,335,1,0
BRDA:7,336,0,0
BRDA:7,336,1,0
BRDA:7,337,0,0
BRDA:7,337,1,0
BRDA:7,338,0,0
BRDA:7,338,1,0
BRDA:7,339,0,0
BRDA:7,339,1,0
BRDA:7,340,0,0
BRDA:7,340,1,0
BRDA:7,341,0,0
BRDA:7,341,1,0
BRDA:7,342,0,0
BRDA:7,342,1,0
BRDA:7,343,0,0
BRDA:7,343,1,0
BRDA:7,344,0,0
BRDA:7,344,1,0
BRDA:7,345,0,0
BRDA:7,345,1,0
BRDA:7,346,0,0
BRDA:7,346,1,0
BRDA:7,347,0,0
BRDA:7,347,1,0
BRDA:7,348,0,0
BRDA:7,348,1,0
BRF:744
BRH:0
end_of_record
TN:
SF:/Users/hassankhokhar/Desktop/Expanse/app/js/jquery.initialize.js
FN:9,(anonymous_0)
FN:14,MutationSelectorObserver
FN:21,(anonymous_2)
FN:26,callbackOnce
FN:41,(anonymous_4)
FN:53,(anonymous_5)
FN:56,(anonymous_6)
FNF:7
FNH:0
FNDA:0,(anonymous_0)
FNDA:0,MutationSelectorObserver
FNDA:0,(anonymous_2)
FNDA:0,callbackOnce
FNDA:0,(anonymous_4)
FNDA:0,(anonymous_5)
FNDA:0,(anonymous_6)
DA:9,0
DA:14,0
DA:15,0
DA:16,0
DA:20,0
DA:21,0
DA:25,0
DA:26,0
DA:27,0
DA:28,0
DA:29,0
DA:34,0
DA:37,0
DA:41,0
DA:44,0
DA:45,0
DA:50,0
DA:53,0
DA:54,0
DA:56,0
DA:57,0
LF:21
LH:0
BRDA:27,0,0,0
BRDA:27,0,1,0
BRF:2
BRH:0
end_of_record
TN:
SF:/Users/hassankhokhar/Desktop/Expanse/app/js/jquery.scrollUp.min.js
FN:7,(anonymous_0)
FN:7,(anonymous_1)
FN:7,(anonymous_2)
FN:7,(anonymous_3)
FN:7,(anonymous_4)
FN:7,(anonymous_5)
FNF:6
FNH:0
FNDA:0,(anonymous_0)
FNDA:0,(anonymous_1)
FNDA:0,(anonymous_2)
FNDA:0,(anonymous_3)
FNDA:0,(anonymous_4)
FNDA:0,(anonymous_5)
DA:7,0
LF:1
LH:0
BRDA:7,0,0,0
BRDA:7,0,1,0
BRDA:7,1,0,0
BRDA:7,1,1,0
BRDA:7,1,2,0
BRDA:7,2,0,0
BRDA:7,2,1,0
BRDA:7,3,0,0
BRDA:7,3,1,0
BRDA:7,4,0,0
BRDA:7,4,1,0
BRDA:7,4,2,0
BRDA:7,5,0,0
BRDA:7,5,1,0
BRDA:7,6,0,0
BRDA:7,6,1,0
BRDA:7,7,0,0
BRDA:7,7,1,0
BRDA:7,8,0,0
BRDA:7,8,1,0
BRDA:7,9,0,0
BRDA:7,9,1,0
BRDA:7,10,0,0
BRDA:7,10,1,0
BRDA:7,11,0,0
BRDA:7,11,1,0
BRDA:7,12,0,0
BRDA:7,12,1,0
BRDA:7,13,0,0
BRDA:7,13,1,0
BRF:30
BRH:0
end_of_record
TN:
SF:/Users/hassankhokhar/Desktop/Expanse/app/js/jquery.slicknav.min.js
FN:1,(anonymous_0)
FN:1,(anonymous_1)
FN:6,(anonymous_2)
FN:6,a
FN:6,init
FN:6,beforeOpen
FN:6,beforeClose
FN:6,afterOpen
FN:6,afterClose
FN:6,(anonymous_9)
FN:6,(anonymous_10)
FN:6,(anonymous_11)
FN:6,(anonymous_12)
FN:6,(anonymous_13)
FN:6,(anonymous_14)
FN:6,(anonymous_15)
FN:6,(anonymous_16)
FN:6,(anonymous_17)
FN:6,(anonymous_18)
FN:6,(anonymous_19)
FN:6,(anonymous_20)
FN:6,(anonymous_21)
FN:6,(anonymous_22)
FN:6,(anonymous_23)
FN:6,(anonymous_24)
FN:6,(anonymous_25)
FN:6,(anonymous_26)
FN:6,(anonymous_27)
FN:6,(anonymous_28)
FN:6,(anonymous_29)
FN:6,l
FN:6,r
FN:6,(anonymous_32)
FN:6,complete
FN:6,(anonymous_34)
FN:6,complete
FN:6,(anonymous_36)
FN:6,(anonymous_37)
FN:6,(anonymous_38)
FN:6,(anonymous_39)
FN:6,(anonymous_40)
FN:6,(anonymous_41)
FN:6,(anonymous_42)
FN:6,(anonymous_43)
FN:6,(anonymous_44)
FN:6,(anonymous_45)
FN:6,(anonymous_46)
FNF:47
FNH:0
FNDA:0,(anonymous_0)
FNDA:0,(anonymous_1)
FNDA:0,(anonymous_2)
FNDA:0,a
FNDA:0,init
FNDA:0,beforeOpen
FNDA:0,beforeClose
FNDA:0,afterOpen
FNDA:0,afterClose
FNDA:0,(anonymous_9)
FNDA:0,(anonymous_10)
FNDA:0,(anonymous_11)
FNDA:0,(anonymous_12)
FNDA:0,(anonymous_13)
FNDA:0,(anonymous_14)
FNDA:0,(anonymous_15)
FNDA:0,(anonymous_16)
FNDA:0,(anonymous_17)
FNDA:0,(anonymous_18)
FNDA:0,(anonymous_19)
FNDA:0,(anonymous_20)
FNDA:0,(anonymous_21)
FNDA:0,(anonymous_22)
FNDA:0,(anonymous_23)
FNDA:0,(anonymous_24)
FNDA:0,(anonymous_25)
FNDA:0,(anonymous_26)
FNDA:0,(anonymous_27)
FNDA:0,(anonymous_28)
FNDA:0,(anonymous_29)
FNDA:0,l
FNDA:0,r
FNDA:0,(anonymous_32)
FNDA:0,complete
FNDA:0,(anonymous_34)
FNDA:0,complete
FNDA:0,(anonymous_36)
FNDA:0,(anonymous_37)
FNDA:0,(anonymous_38)
FNDA:0,(anonymous_39)
FNDA:0,(anonymous_40)
FNDA:0,(anonymous_41)
FNDA:0,(anonymous_42)
FNDA:0,(anonymous_43)
FNDA:0,(anonymous_44)
FNDA:0,(anonymous_45)
FNDA:0,(anonymous_46)
DA:1,0
DA:6,0
LF:2
LH:0
BRDA:1,0,0,0
BRDA:1,0,1,0
BRDA:1,1,0,0
BRDA:1,1,1,0
BRDA:1,2,0,0
BRDA:1,2,1,0
BRDA:1,3,0,0
BRDA:1,3,1,0
BRDA:1,3,2,0
BRDA:1,3,3,0
BRDA:6,4,0,0
BRDA:6,4,1,0
BRDA:6,4,2,0
BRDA:6,5,0,0
BRDA:6,5,1,0
BRDA:6,6,0,0
BRDA:6,6,1,0
BRDA:6,7,0,0
BRDA:6,7,1,0
BRDA:6,8,0,0
BRDA:6,8,1,0
BRDA:6,9,0,0
BRDA:6,9,1,0
BRDA:6,10,0,0
BRDA:6,10,1,0
BRDA:6,11,0,0
BRDA:6,11,1,0
BRDA:6,12,0,0
BRDA:6,12,1,0
BRDA:6,13,0,0
BRDA:6,13,1,0
BRDA:6,14,0,0
BRDA:6,14,1,0
BRDA:6,15,0,0
BRDA:6,15,1,0
BRDA:6,16,0,0
BRDA:6,16,1,0
BRDA:6,17,0,0
BRDA:6,17,1,0
BRDA:6,17,2,0
BRDA:6,18,0,0
BRDA:6,18,1,0
BRDA:6,19,0,0
BRDA:6,19,1,0
BRDA:6,20,0,0
BRDA:6,20,1,0
BRDA:6,20,2,0
BRDA:6,20,3,0
BRDA:6,21,0,0
BRDA:6,21,1,0
BRDA:6,22,0,0
BRDA:6,22,1,0
BRDA:6,22,2,0
BRDA:6,23,0,0
BRDA:6,23,1,0
BRDA:6,23,2,0
BRDA:6,24,0,0
BRDA:6,24,1,0
BRDA:6,25,0,0
BRDA:6,25,1,0
BRDA:6,26,0,0
BRDA:6,26,1,0
BRDA:6,26,2,0
BRDA:6,27,0,0
BRDA:6,27,1,0
BRDA:6,27,2,0
BRDA:6,28,0,0
BRDA:6,28,1,0
BRDA:6,29,0,0
BRDA:6,29,1,0
BRDA:6,30,0,0
BRDA:6,30,1,0
BRDA:6,31,0,0
BRDA:6,31,1,0
BRDA:6,32,0,0
BRDA:6,32,1,0
BRDA:6,32,2,0
BRDA:6,32,3,0
BRDA:6,33,0,0
BRDA:6,33,1,0
BRDA:6,34,0,0
BRDA:6,34,1,0
BRDA:6,35,0,0
BRDA:6,35,1,0
BRDA:6,36,0,0
BRDA:6,36,1,0
BRDA:6,36,2,0
BRDA:6,37,0,0
BRDA:6,37,1,0
BRDA:6,38,0,0
BRDA:6,38,1,0
BRDA:6,39,0,0
BRDA:6,39,1,0
BRDA:6,40,0,0
BRDA:6,40,1,0
BRDA:6,41,0,0
BRDA:6,41,1,0
BRDA:6,42,0,0
BRDA:6,42,1,0
BRDA:6,43,0,0
BRDA:6,43,1,0
BRDA:6,44,0,0
BRDA:6,44,1,0
BRDA:6,45,0,0
BRDA:6,45,1,0
BRDA:6,46,0,0
BRDA:6,46,1,0
BRDA:6,47,0,0
BRDA:6,47,1,0
BRDA:6,48,0,0
BRDA:6,48,1,0
BRDA:6,49,0,0
BRDA:6,49,1,0
BRDA:6,50,0,0
BRDA:6,50,1,0
BRDA:6,51,0,0
BRDA:6,51,1,0
BRDA:6,52,0,0
BRDA:6,52,1,0
BRDA:6,53,0,0
BRDA:6,53,1,0
BRDA:6,54,0,0
BRDA:6,54,1,0
BRDA:6,55,0,0
BRDA:6,55,1,0
BRDA:6,56,0,0
BRDA:6,56,1,0
BRDA:6,57,0,0
BRDA:6,57,1,0
BRDA:6,58,0,0
BRDA:6,58,1,0
BRDA:6,59,0,0
BRDA:6,59,1,0
BRDA:6,60,0,0
BRDA:6,60,1,0
BRDA:6,61,0,0
BRDA:6,61,1,0
BRDA:6,61,2,0
BRDA:6,62,0,0
BRDA:6,62,1,0
BRDA:6,62,2,0
BRDA:6,63,0,0
BRDA:6,63,1,0
BRF:143
BRH:0
end_of_record
TN:
SF:/Users/hassankhokhar/Desktop/Expanse/app/js/main.js
FN:1,(anonymous_0)
FN:11,(anonymous_1)
FNF:2
FNH:0
FNDA:0,(anonymous_0)
FNDA:0,(anonymous_1)
DA:1,0
DA:11,0
DA:12,0
DA:13,0
DA:16,0
LF:5
LH:0
BRDA:12,0,0,0
BRDA:12,0,1,0
BRF:2
BRH:0
end_of_record
TN:
SF:/Users/hassankhokhar/Desktop/Expanse/app/js/newScript.js
FN:5,(anonymous_0)
FNF:1
FNH:0
FNDA:0,(anonymous_0)
DA:5,0
DA:6,0
DA:7,0
DA:10,0
LF:4
LH:0
BRDA:6,0,0,0
BRDA:6,0,1,0
BRF:2
BRH:0
end_of_record
TN:
SF:/Users/hassankhokhar/Desktop/Expanse/app/js/owl.carousel.min.js
FN:1,(anonymous_0)
FN:1,g
FN:2,(anonymous_2)
FN:2,init
FN:2,loadContent
FN:2,a
FN:3,logIn
FN:3,setVars
FN:4,onStartup
FN:5,eachMoveUpdate
FN:6,updateVars
FN:6,reload
FN:6,(anonymous_12)
FN:6,watchVisibility
FN:7,(anonymous_14)
FN:7,wrapItems
FN:8,baseClass
FN:8,updateItems
FN:9,(anonymous_18)
FN:11,response
FN:11,(anonymous_20)
FN:11,(anonymous_21)
FN:11,updatePosition
FN:11,appendItemsSizes
FN:12,(anonymous_24)
FN:12,appendWrapperSizes
FN:12,calculateAll
FN:12,calculateWidth
FN:13,max
FN:13,min
FN:13,loops
FN:14,buildControls
FN:14,buildButtons
FN:15,(anonymous_33)
FN:15,(anonymous_34)
FN:15,buildPagination
FN:16,(anonymous_36)
FN:16,updatePagination
FN:17,checkPagination
FN:17,(anonymous_39)
FN:18,checkNavigation
FN:19,updateControls
FN:19,destroyControls
FN:19,next
FN:20,prev
FN:21,goTo
FN:22,(anonymous_46)
FN:22,(anonymous_47)
FN:22,(anonymous_48)
FN:23,jumpTo
FN:24,afterGo
FN:24,stop
FN:25,checkAp
FN:25,play
FN:25,(anonymous_54)
FN:25,swapSpeed
FN:26,addCssSpeed
FN:26,removeTransition
FN:26,doTranslate
FN:27,transition3d
FN:27,css2move
FN:27,css2slide
FN:27,complete
FN:27,checkBrowser
FN:28,moveEvents
FN:28,eventTypes
FN:29,disabledEvents
FN:29,(anonymous_67)
FN:29,(anonymous_68)
FN:30,gestures
FN:30,a
FN:30,b
FN:30,e
FN:32,c
FN:32,(anonymous_74)
FN:33,(anonymous_75)
FN:34,getNewPosition
FN:35,closestItem
FN:35,(anonymous_78)
FN:36,moveDirection
FN:36,customEvents
FN:36,(anonymous_81)
FN:36,(anonymous_82)
FN:36,(anonymous_83)
FN:36,(anonymous_84)
FN:36,(anonymous_85)
FN:37,(anonymous_86)
FN:37,stopOnHover
FN:37,(anonymous_88)
FN:37,(anonymous_89)
FN:37,lazyLoad
FN:38,lazyPreload
FN:38,e
FN:39,c
FN:39,autoHeight
FN:39,a
FN:39,(anonymous_96)
FN:39,b
FN:40,completeImg
FN:40,onVisibleItems
FN:41,transitionTypes
FN:41,singleItemTransition
FN:42,(anonymous_102)
FN:42,(anonymous_103)
FN:42,clearTransStyle
FN:43,owlStatus
FN:43,clearEvents
FN:44,unWrap
FN:44,destroy
FN:44,reinit
FN:45,addItem
FN:45,removeItem
FN:45,(anonymous_112)
FN:45,(anonymous_113)
FNF:114
FNH:0
FNDA:0,(anonymous_0)
FNDA:0,g
FNDA:0,(anonymous_2)
FNDA:0,init
FNDA:0,loadContent
FNDA:0,a
FNDA:0,logIn
FNDA:0,setVars
FNDA:0,onStartup
FNDA:0,eachMoveUpdate
FNDA:0,updateVars
FNDA:0,reload
FNDA:0,(anonymous_12)
FNDA:0,watchVisibility
FNDA:0,(anonymous_14)
FNDA:0,wrapItems
FNDA:0,baseClass
FNDA:0,updateItems
FNDA:0,(anonymous_18)
FNDA:0,response
FNDA:0,(anonymous_20)
FNDA:0,(anonymous_21)
FNDA:0,updatePosition
FNDA:0,appendItemsSizes
FNDA:0,(anonymous_24)
FNDA:0,appendWrapperSizes
FNDA:0,calculateAll
FNDA:0,calculateWidth
FNDA:0,max
FNDA:0,min
FNDA:0,loops
FNDA:0,buildControls
FNDA:0,buildButtons
FNDA:0,(anonymous_33)
FNDA:0,(anonymous_34)
FNDA:0,buildPagination
FNDA:0,(anonymous_36)
FNDA:0,updatePagination
FNDA:0,checkPagination
FNDA:0,(anonymous_39)
FNDA:0,checkNavigation
FNDA:0,updateControls
FNDA:0,destroyControls
FNDA:0,next
FNDA:0,prev
FNDA:0,goTo
FNDA:0,(anonymous_46)
FNDA:0,(anonymous_47)
FNDA:0,(anonymous_48)
FNDA:0,jumpTo
FNDA:0,afterGo
FNDA:0,stop
FNDA:0,checkAp
FNDA:0,play
FNDA:0,(anonymous_54)
FNDA:0,swapSpeed
FNDA:0,addCssSpeed
FNDA:0,removeTransition
FNDA:0,doTranslate
FNDA:0,transition3d
FNDA:0,css2move
FNDA:0,css2slide
FNDA:0,complete
FNDA:0,checkBrowser
FNDA:0,moveEvents
FNDA:0,eventTypes
FNDA:0,disabledEvents
FNDA:0,(anonymous_67)
FNDA:0,(anonymous_68)
FNDA:0,gestures
FNDA:0,a
FNDA:0,b
FNDA:0,e
FNDA:0,c
FNDA:0,(anonymous_74)
FNDA:0,(anonymous_75)
FNDA:0,getNewPosition
FNDA:0,closestItem
FNDA:0,(anonymous_78)
FNDA:0,moveDirection
FNDA:0,customEvents
FNDA:0,(anonymous_81)
FNDA:0,(anonymous_82)
FNDA:0,(anonymous_83)
FNDA:0,(anonymous_84)
FNDA:0,(anonymous_85)
FNDA:0,(anonymous_86)
FNDA:0,stopOnHover
FNDA:0,(anonymous_88)
FNDA:0,(anonymous_89)
FNDA:0,lazyLoad
FNDA:0,lazyPreload
FNDA:0,e
FNDA:0,c
FNDA:0,autoHeight
FNDA:0,a
FNDA:0,(anonymous_96)
FNDA:0,b
FNDA:0,completeImg
FNDA:0,onVisibleItems
FNDA:0,transitionTypes
FNDA:0,singleItemTransition
FNDA:0,(anonymous_102)
FNDA:0,(anonymous_103)
FNDA:0,clearTransStyle
FNDA:0,owlStatus
FNDA:0,clearEvents
FNDA:0,unWrap
FNDA:0,destroy
FNDA:0,reinit
FNDA:0,addItem
FNDA:0,removeItem
FNDA:0,(anonymous_112)
FNDA:0,(anonymous_113)
DA:1,0
DA:2,0
DA:3,0
DA:4,0
DA:5,0
DA:6,0
DA:7,0
DA:8,0
DA:9,0
DA:10,0
DA:11,0
DA:12,0
DA:13,0
DA:14,0
DA:15,0
DA:16,0
DA:17,0
DA:18,0
DA:19,0
DA:20,0
DA:21,0
DA:22,0
DA:23,0
DA:24,0
DA:25,0
DA:26,0
DA:27,0
DA:28,0
DA:29,0
DA:30,0
DA:31,0
DA:32,0
DA:33,0
DA:34,0
DA:35,0
DA:36,0
DA:37,0
DA:38,0
DA:39,0
DA:40,0
DA:41,0
DA:42,0
DA:43,0
DA:44,0
DA:45,0
DA:46,0
LF:46
LH:0
BRDA:1,0,0,0
BRDA:1,0,1,0
BRDA:2,1,0,0
BRDA:2,1,1,0
BRDA:2,2,0,0
BRDA:2,2,1,0
BRDA:2,3,0,0
BRDA:2,3,1,0
BRDA:3,4,0,0
BRDA:3,4,1,0
BRDA:4,5,0,0
BRDA:4,5,1,0
BRDA:4,6,0,0
BRDA:4,6,1,0
BRDA:5,7,0,0
BRDA:5,7,1,0
BRDA:5,8,0,0
BRDA:5,8,1,0
BRDA:5,9,0,0
BRDA:5,9,1,0
BRDA:5,10,0,0
BRDA:5,10,1,0
BRDA:5,11,0,0
BRDA:5,11,1,0
BRDA:6,12,0,0
BRDA:6,12,1,0
BRDA:6,13,0,0
BRDA:6,13,1,0
BRDA:6,14,0,0
BRDA:6,14,1,0
BRDA:7,15,0,0
BRDA:7,15,1,0
BRDA:8,16,0,0
BRDA:8,16,1,0
BRDA:8,17,0,0
BRDA:8,17,1,0
BRDA:8,18,0,0
BRDA:8,18,1,0
BRDA:8,19,0,0
BRDA:8,19,1,0
BRDA:9,20,0,0
BRDA:9,20,1,0
BRDA:9,21,0,0
BRDA:9,21,1,0
BRDA:9,22,0,0
BRDA:9,22,1,0
BRDA:9,23,0,0
BRDA:9,23,1,0
BRDA:9,23,2,0
BRDA:10,24,0,0
BRDA:10,24,1,0
BRDA:10,24,2,0
BRDA:10,25,0,0
BRDA:10,25,1,0
BRDA:10,25,2,0
BRDA:10,26,0,0
BRDA:10,26,1,0
BRDA:10,26,2,0
BRDA:10,27,0,0
BRDA:10,27,1,0
BRDA:10,27,2,0
BRDA:10,28,0,0
BRDA:10,28,1,0
BRDA:10,28,2,0
BRDA:11,29,0,0
BRDA:11,29,1,0
BRDA:11,30,0,0
BRDA:11,30,1,0
BRDA:11,31,0,0
BRDA:11,31,1,0
BRDA:11,32,0,0
BRDA:11,32,1,0
BRDA:12,33,0,0
BRDA:12,33,1,0
BRDA:12,34,0,0
BRDA:12,34,1,0
BRDA:12,35,0,0
BRDA:12,35,1,0
BRDA:13,36,0,0
BRDA:13,36,1,0
BRDA:14,37,0,0
BRDA:14,37,1,0
BRDA:14,38,0,0
BRDA:14,38,1,0
BRDA:14,39,0,0
BRDA:14,39,1,0
BRDA:14,40,0,0
BRDA:14,40,1,0
BRDA:15,41,0,0
BRDA:15,41,1,0
BRDA:15,42,0,0
BRDA:15,42,1,0
BRDA:15,43,0,0
BRDA:15,43,1,0
BRDA:16,44,0,0
BRDA:16,44,1,0
BRDA:16,45,0,0
BRDA:16,45,1,0
BRDA:17,46,0,0
BRDA:17,46,1,0
BRDA:17,47,0,0
BRDA:17,47,1,0
BRDA:18,48,0,0
BRDA:18,48,1,0
BRDA:18,49,0,0
BRDA:18,49,1,0
BRDA:18,50,0,0
BRDA:18,50,1,0
BRDA:18,51,0,0
BRDA:18,51,1,0
BRDA:18,52,0,0
BRDA:18,52,1,0
BRDA:18,53,0,0
BRDA:18,53,1,0
BRDA:18,54,0,0
BRDA:18,54,1,0
BRDA:19,55,0,0
BRDA:19,55,1,0
BRDA:19,55,2,0
BRDA:19,56,0,0
BRDA:19,56,1,0
BRDA:19,57,0,0
BRDA:19,57,1,0
BRDA:19,58,0,0
BRDA:19,58,1,0
BRDA:19,59,0,0
BRDA:19,59,1,0
BRDA:20,60,0,0
BRDA:20,60,1,0
BRDA:20,61,0,0
BRDA:20,61,1,0
BRDA:20,62,0,0
BRDA:20,62,1,0
BRDA:20,63,0,0
BRDA:20,63,1,0
BRDA:20,64,0,0
BRDA:20,64,1,0
BRDA:20,65,0,0
BRDA:20,65,1,0
BRDA:20,66,0,0
BRDA:20,66,1,0
BRDA:20,66,2,0
BRDA:20,67,0,0
BRDA:20,67,1,0
BRDA:21,68,0,0
BRDA:21,68,1,0
BRDA:21,69,0,0
BRDA:21,69,1,0
BRDA:21,70,0,0
BRDA:21,70,1,0
BRDA:21,71,0,0
BRDA:21,71,1,0
BRDA:21,72,0,0
BRDA:21,72,1,0
BRDA:21,73,0,0
BRDA:21,73,1,0
BRDA:21,74,0,0
BRDA:21,74,1,0
BRDA:21,75,0,0
BRDA:21,75,1,0
BRDA:21,75,2,0
BRDA:21,75,3,0
BRDA:22,76,0,0
BRDA:22,76,1,0
BRDA:22,77,0,0
BRDA:22,77,1,0
BRDA:22,78,0,0
BRDA:22,78,1,0
BRDA:22,79,0,0
BRDA:22,79,1,0
BRDA:23,80,0,0
BRDA:23,80,1,0
BRDA:23,81,0,0
BRDA:23,81,1,0
BRDA:23,82,0,0
BRDA:23,82,1,0
BRDA:23,83,0,0
BRDA:23,83,1,0
BRDA:23,84,0,0
BRDA:23,84,1,0
BRDA:23,85,0,0
BRDA:23,85,1,0
BRDA:23,86,0,0
BRDA:23,86,1,0
BRDA:24,87,0,0
BRDA:24,87,1,0
BRDA:24,88,0,0
BRDA:24,88,1,0
BRDA:24,89,0,0
BRDA:24,89,1,0
BRDA:24,89,2,0
BRDA:25,90,0,0
BRDA:25,90,1,0
BRDA:25,91,0,0
BRDA:25,91,1,0
BRDA:25,92,0,0
BRDA:25,92,1,0
BRDA:25,93,0,0
BRDA:25,93,1,0
BRDA:25,94,0,0
BRDA:25,94,1,0
BRDA:27,95,0,0
BRDA:27,95,1,0
BRDA:28,96,0,0
BRDA:28,96,1,0
BRDA:28,97,0,0
BRDA:28,97,1,0
BRDA:28,98,0,0
BRDA:28,98,1,0
BRDA:28,99,0,0
BRDA:28,99,1,0
BRDA:28,100,0,0
BRDA:28,100,1,0
BRDA:28,101,0,0
BRDA:28,101,1,0
BRDA:29,102,0,0
BRDA:29,102,1,0
BRDA:29,103,0,0
BRDA:29,103,1,0
BRDA:29,104,0,0
BRDA:29,104,1,0
BRDA:29,104,2,0
BRDA:30,105,0,0
BRDA:30,105,1,0
BRDA:30,106,0,0
BRDA:30,106,1,0
BRDA:30,107,0,0
BRDA:30,107,1,0
BRDA:30,108,0,0
BRDA:30,108,1,0
BRDA:30,109,0,0
BRDA:30,109,1,0
BRDA:30,110,0,0
BRDA:30,110,1,0
BRDA:30,111,0,0
BRDA:30,111,1,0
BRDA:30,111,2,0
BRDA:31,112,0,0
BRDA:31,112,1,0
BRDA:31,112,2,0
BRDA:31,112,3,0
BRDA:31,113,0,0
BRDA:31,113,1,0
BRDA:31,113,2,0
BRDA:31,113,3,0
BRDA:31,114,0,0
BRDA:31,114,1,0
BRDA:31,115,0,0
BRDA:31,115,1,0
BRDA:31,115,2,0
BRDA:31,115,3,0
BRDA:31,116,0,0
BRDA:31,116,1,0
BRDA:32,117,0,0
BRDA:32,117,1,0
BRDA:32,117,2,0
BRDA:32,118,0,0
BRDA:32,118,1,0
BRDA:32,119,0,0
BRDA:32,119,1,0
BRDA:32,120,0,0
BRDA:32,120,1,0
BRDA:32,121,0,0
BRDA:32,121,1,0
BRDA:32,122,0,0
BRDA:32,122,1,0
BRDA:32,122,2,0
BRDA:33,123,0,0
BRDA:33,123,1,0
BRDA:33,123,2,0
BRDA:33,124,0,0
BRDA:33,124,1,0
BRDA:33,125,0,0
BRDA:33,125,1,0
BRDA:33,126,0,0
BRDA:33,126,1,0
BRDA:33,127,0,0
BRDA:33,127,1,0
BRDA:33,127,2,0
BRDA:33,127,3,0
BRDA:34,128,0,0
BRDA:34,128,1,0
BRDA:34,129,0,0
BRDA:34,129,1,0
BRDA:34,129,2,0
BRDA:34,130,0,0
BRDA:34,130,1,0
BRDA:34,131,0,0
BRDA:34,131,1,0
BRDA:34,132,0,0
BRDA:34,132,1,0
BRDA:35,133,0,0
BRDA:35,133,1,0
BRDA:35,134,0,0
BRDA:35,134,1,0
BRDA:35,135,0,0
BRDA:35,135,1,0
BRDA:35,135,2,0
BRDA:35,136,0,0
BRDA:35,136,1,0
BRDA:35,137,0,0
BRDA:35,137,1,0
BRDA:35,137,2,0
BRDA:35,137,3,0
BRDA:35,138,0,0
BRDA:35,138,1,0
BRDA:35,139,0,0
BRDA:35,139,1,0
BRDA:35,140,0,0
BRDA:35,140,1,0
BRDA:36,141,0,0
BRDA:36,141,1,0
BRDA:37,142,0,0
BRDA:37,142,1,0
BRDA:37,142,2,0
BRDA:37,142,3,0
BRDA:37,143,0,0
BRDA:37,143,1,0
BRDA:37,144,0,0
BRDA:37,144,1,0
BRDA:38,145,0,0
BRDA:38,145,1,0
BRDA:38,146,0,0
BRDA:38,146,1,0
BRDA:39,147,0,0
BRDA:39,147,1,0
BRDA:39,148,0,0
BRDA:39,148,1,0
BRDA:39,149,0,0
BRDA:39,149,1,0
BRDA:39,150,0,0
BRDA:39,150,1,0
BRDA:39,151,0,0
BRDA:39,151,1,0
BRDA:39,152,0,0
BRDA:39,152,1,0
BRDA:39,153,0,0
BRDA:39,153,1,0
BRDA:40,154,0,0
BRDA:40,154,1,0
BRDA:40,155,0,0
BRDA:40,155,1,0
BRDA:40,156,0,0
BRDA:40,156,1,0
BRDA:40,156,2,0
BRDA:40,157,0,0
BRDA:40,157,1,0
BRDA:43,158,0,0
BRDA:43,158,1,0
BRDA:43,158,2,0
BRDA:44,159,0,0
BRDA:44,159,1,0
BRDA:44,160,0,0
BRDA:44,160,1,0
BRDA:44,161,0,0
BRDA:44,161,1,0
BRDA:45,162,0,0
BRDA:45,162,1,0
BRDA:45,163,0,0
BRDA:45,163,1,0
BRDA:45,164,0,0
BRDA:45,164,1,0
BRDA:45,165,0,0
BRDA:45,165,1,0
BRDA:45,166,0,0
BRDA:45,166,1,0
BRDA:45,167,0,0
BRDA:45,167,1,0
BRDA:45,168,0,0
BRDA:45,168,1,0
BRDA:45,169,0,0
BRDA:45,169,1,0
BRDA:45,170,0,0
BRDA:45,170,1,0
BRDA:45,171,0,0
BRDA:45,171,1,0
BRF:376
BRH:0
end_of_record
TN:
SF:/Users/hassankhokhar/Desktop/Expanse/app/js/particles.js
FN:1,(anonymous_0)
FN:1,(anonymous_1)
FN:10,pJS
FN:157,(anonymous_3)
FN:187,(anonymous_4)
FN:191,(anonymous_5)
FN:198,(anonymous_6)
FN:230,(anonymous_7)
FN:234,(anonymous_8)
FN:241,(anonymous_9)
FN:400,(anonymous_10)
FN:500,(anonymous_11)
FN:506,(anonymous_12)
FN:637,(anonymous_13)
FN:653,(anonymous_14)
FN:657,(anonymous_15)
FN:676,(anonymous_16)
FN:709,(anonymous_17)
FN:733,(anonymous_18)
FN:753,(anonymous_19)
FN:779,(anonymous_20)
FN:789,(anonymous_21)
FN:924,(anonymous_22)
FN:1022,(anonymous_23)
FN:1062,(anonymous_24)
FN:1076,(anonymous_25)
FN:1100,(anonymous_26)
FN:1113,(anonymous_27)
FN:1148,(anonymous_28)
FN:1164,(anonymous_29)
FN:1187,(anonymous_30)
FN:1204,(anonymous_31)
FN:1209,(anonymous_32)
FN:1225,(anonymous_33)
FN:1236,(anonymous_34)
FN:1243,(anonymous_35)
FN:1265,(anonymous_36)
FN:1270,(anonymous_37)
FN:1280,(anonymous_38)
FN:1296,(anonymous_39)
FN:1312,(anonymous_40)
FN:1348,(anonymous_41)
FN:1373,(anonymous_42)
FN:1389,(anonymous_43)
FN:1416,(anonymous_44)
FN:1429,(anonymous_45)
FN:1435,(anonymous_46)
FN:1440,(anonymous_47)
FN:1449,hexToRgb
FN:1453,(anonymous_49)
FN:1464,clamp
FN:1468,isInArray
FN:1477,(anonymous_52)
FN:1522,(anonymous_53)
FN:1527,(anonymous_54)
FNF:55
FNH:0
FNDA:0,(anonymous_0)
FNDA:0,(anonymous_1)
FNDA:0,pJS
FNDA:0,(anonymous_3)
FNDA:0,(anonymous_4)
FNDA:0,(anonymous_5)
FNDA:0,(anonymous_6)
FNDA:0,(anonymous_7)
FNDA:0,(anonymous_8)
FNDA:0,(anonymous_9)
FNDA:0,(anonymous_10)
FNDA:0,(anonymous_11)
FNDA:0,(anonymous_12)
FNDA:0,(anonymous_13)
FNDA:0,(anonymous_14)
FNDA:0,(anonymous_15)
FNDA:0,(anonymous_16)
FNDA:0,(anonymous_17)
FNDA:0,(anonymous_18)
FNDA:0,(anonymous_19)
FNDA:0,(anonymous_20)
FNDA:0,(anonymous_21)
FNDA:0,(anonymous_22)
FNDA:0,(anonymous_23)
FNDA:0,(anonymous_24)
FNDA:0,(anonymous_25)
FNDA:0,(anonymous_26)
FNDA:0,(anonymous_27)
FNDA:0,(anonymous_28)
FNDA:0,(anonymous_29)
FNDA:0,(anonymous_30)
FNDA:0,(anonymous_31)
FNDA:0,(anonymous_32)
FNDA:0,(anonymous_33)
FNDA:0,(anonymous_34)
FNDA:0,(anonymous_35)
FNDA:0,(anonymous_36)
FNDA:0,(anonymous_37)
FNDA:0,(anonymous_38)
FNDA:0,(anonymous_39)
FNDA:0,(anonymous_40)
FNDA:0,(anonymous_41)
FNDA:0,(anonymous_42)
FNDA:0,(anonymous_43)
FNDA:0,(anonymous_44)
FNDA:0,(anonymous_45)
FNDA:0,(anonymous_46)
FNDA:0,(anonymous_47)
FNDA:0,hexToRgb
FNDA:0,(anonymous_49)
FNDA:0,clamp
FNDA:0,isInArray
FNDA:0,(anonymous_52)
FNDA:0,(anonymous_53)
FNDA:0,(anonymous_54)
DA:1,0
DA:10,0
DA:12,0
DA:15,0
DA:137,0
DA:140,0
DA:141,0
DA:144,0
DA:157,0
DA:159,0
DA:160,0
DA:161,0
DA:164,0
DA:165,0
DA:168,0
DA:169,0
DA:171,0
DA:172,0
DA:173,0
DA:174,0
DA:175,0
DA:176,0
DA:177,0
DA:178,0
DA:179,0
DA:187,0
DA:188,0
DA:191,0
DA:193,0
DA:194,0
DA:196,0
DA:198,0
DA:200,0
DA:201,0
DA:204,0
DA:205,0
DA:206,0
DA:209,0
DA:210,0
DA:213,0
DA:214,0
DA:215,0
DA:216,0
DA:217,0
DA:221,0
DA:230,0
DA:231,0
DA:234,0
DA:235,0
DA:241,0
DA:244,0
DA:245,0
DA:246,0
DA:247,0
DA:248,0
DA:249,0
DA:254,0
DA:255,0
DA:258,0
DA:259,0
DA:260,0
DA:261,0
DA:264,0
DA:265,0
DA:269,0
DA:270,0
DA:272,0
DA:273,0
DA:274,0
DA:276,0
DA:277,0
DA:283,0
DA:284,0
DA:293,0
DA:294,0
DA:300,0
DA:301,0
DA:302,0
DA:306,0
DA:307,0
DA:308,0
DA:309,0
DA:310,0
DA:311,0
DA:316,0
DA:317,0
DA:319,0
DA:320,0
DA:322,0
DA:323,0
DA:325,0
DA:326,0
DA:328,0
DA:329,0
DA:331,0
DA:332,0
DA:334,0
DA:335,0
DA:337,0
DA:338,0
DA:340,0
DA:341,0
DA:343,0
DA:344,0
DA:347,0
DA:348,0
DA:349,0
DA:350,0
DA:351,0
DA:352,0
DA:355,0
DA:356,0
DA:363,0
DA:364,0
DA:370,0
DA:371,0
DA:372,0
DA:373,0
DA:374,0
DA:377,0
DA:380,0
DA:381,0
DA:382,0
DA:386,0
DA:387,0
DA:388,0
DA:389,0
DA:390,0
DA:400,0
DA:402,0
DA:404,0
DA:405,0
DA:407,0
DA:410,0
DA:411,0
DA:413,0
DA:416,0
DA:417,0
DA:419,0
DA:422,0
DA:423,0
DA:425,0
DA:428,0
DA:429,0
DA:432,0
DA:433,0
DA:436,0
DA:437,0
DA:440,0
DA:448,0
DA:451,0
DA:459,0
DA:473,0
DA:474,0
DA:476,0
DA:479,0
DA:480,0
DA:483,0
DA:487,0
DA:489,0
DA:490,0
DA:491,0
DA:492,0
DA:495,0
DA:500,0
DA:501,0
DA:502,0
DA:506,0
DA:508,0
DA:511,0
DA:522,0
DA:523,0
DA:524,0
DA:525,0
DA:529,0
DA:530,0
DA:531,0
DA:532,0
DA:534,0
DA:535,0
DA:537,0
DA:541,0
DA:542,0
DA:543,0
DA:544,0
DA:546,0
DA:547,0
DA:549,0
DA:553,0
DA:554,0
DA:561,0
DA:569,0
DA:570,0
DA:571,0
DA:573,0
DA:574,0
DA:575,0
DA:577,0
DA:578,0
DA:579,0
DA:581,0
DA:582,0
DA:583,0
DA:587,0
DA:589,0
DA:590,0
DA:591,0
DA:592,0
DA:593,0
DA:597,0
DA:598,0
DA:601,0
DA:602,0
DA:605,0
DA:606,0
DA:610,0
DA:611,0
DA:612,0
DA:615,0
DA:616,0
DA:620,0
DA:621,0
DA:625,0
DA:626,0
DA:637,0
DA:640,0
DA:643,0
DA:646,0
DA:647,0
DA:648,0
DA:653,0
DA:654,0
DA:657,0
DA:660,0
DA:661,0
DA:662,0
DA:663,0
DA:664,0
DA:665,0
DA:666,0
DA:669,0
DA:676,0
DA:678,0
DA:679,0
DA:680,0
DA:683,0
DA:685,0
DA:687,0
DA:690,0
DA:691,0
DA:692,0
DA:696,0
DA:697,0
DA:698,0
DA:699,0
DA:700,0
DA:709,0
DA:712,0
DA:713,0
DA:714,0
DA:716,0
DA:718,0
DA:719,0
DA:721,0
DA:722,0
DA:724,0
DA:725,0
DA:733,0
DA:735,0
DA:736,0
DA:737,0
DA:738,0
DA:740,0
DA:741,0
DA:742,0
DA:744,0
DA:745,0
DA:753,0
DA:755,0
DA:757,0
DA:758,0
DA:768,0
DA:769,0
DA:770,0
DA:772,0
DA:779,0
DA:781,0
DA:782,0
DA:783,0
DA:789,0
DA:792,0
DA:804,0
DA:805,0
DA:807,0
DA:810,0
DA:812,0
DA:813,0
DA:814,0
DA:815,0
DA:818,0
DA:819,0
DA:820,0
DA:821,0
DA:823,0
DA:830,0
DA:832,0
DA:833,0
DA:834,0
DA:835,0
DA:838,0
DA:839,0
DA:840,0
DA:849,0
DA:854,0
DA:855,0
DA:861,0
DA:910,0
DA:912,0
DA:914,0
DA:916,0
DA:924,0
DA:926,0
DA:928,0
DA:929,0
DA:930,0
DA:932,0
DA:933,0
DA:934,0
DA:935,0
DA:937,0
DA:942,0
DA:943,0
DA:944,0
DA:946,0
DA:947,0
DA:953,0
DA:955,0
DA:956,0
DA:957,0
DA:958,0
DA:962,0
DA:992,0
DA:993,0
DA:1008,0
DA:1010,0
DA:1011,0
DA:1022,0
DA:1024,0
DA:1026,0
DA:1027,0
DA:1028,0
DA:1031,0
DA:1033,0
DA:1035,0
DA:1038,0
DA:1039,0
DA:1040,0
DA:1044,0
DA:1045,0
DA:1046,0
DA:1047,0
DA:1048,0
DA:1062,0
DA:1065,0
DA:1066,0
DA:1068,0
DA:1073,0
DA:1076,0
DA:1078,0
DA:1079,0
DA:1080,0
DA:1083,0
DA:1084,0
DA:1087,0
DA:1088,0
DA:1090,0
DA:1091,0
DA:1092,0
DA:1095,0
DA:1100,0
DA:1102,0
DA:1103,0
DA:1104,0
DA:1111,0
DA:1113,0
DA:1115,0
DA:1116,0
DA:1117,0
DA:1119,0
DA:1121,0
DA:1124,0
DA:1125,0
DA:1127,0
DA:1128,0
DA:1130,0
DA:1131,0
DA:1134,0
DA:1137,0
DA:1138,0
DA:1141,0
DA:1142,0
DA:1145,0
DA:1146,0
DA:1147,0
DA:1148,0
DA:1149,0
DA:1151,0
DA:1164,0
DA:1166,0
DA:1169,0
DA:1170,0
DA:1171,0
DA:1175,0
DA:1178,0
DA:1179,0
DA:1180,0
DA:1187,0
DA:1188,0
DA:1189,0
DA:1191,0
DA:1192,0
DA:1193,0
DA:1195,0
DA:1196,0
DA:1197,0
DA:1198,0
DA:1204,0
DA:1207,0
DA:1208,0
DA:1209,0
DA:1210,0
DA:1211,0
DA:1213,0
DA:1215,0
DA:1219,0
DA:1220,0
DA:1221,0
DA:1224,0
DA:1225,0
DA:1226,0
DA:1227,0
DA:1228,0
DA:1229,0
DA:1231,0
DA:1236,0
DA:1237,0
DA:1238,0
DA:1239,0
DA:1243,0
DA:1246,0
DA:1247,0
DA:1248,0
DA:1249,0
DA:1250,0
DA:1251,0
DA:1252,0
DA:1253,0
DA:1254,0
DA:1255,0
DA:1256,0
DA:1257,0
DA:1260,0
DA:1261,0
DA:1265,0
DA:1266,0
DA:1270,0
DA:1272,0
DA:1274,0
DA:1276,0
DA:1278,0
DA:1279,0
DA:1280,0
DA:1281,0
DA:1282,0
DA:1283,0
DA:1284,0
DA:1286,0
DA:1287,0
DA:1291,0
DA:1295,0
DA:1296,0
DA:1297,0
DA:1298,0
DA:1300,0
DA:1305,0
DA:1306,0
DA:1312,0
DA:1314,0
DA:1316,0
DA:1318,0
DA:1319,0
DA:1320,0
DA:1321,0
DA:1324,0
DA:1329,0
DA:1330,0
DA:1331,0
DA:1332,0
DA:1334,0
DA:1340,0
DA:1341,0
DA:1342,0
DA:1348,0
DA:1351,0
DA:1353,0
DA:1354,0
DA:1357,0
DA:1358,0
DA:1359,0
DA:1360,0
DA:1366,0
DA:1367,0
DA:1373,0
DA:1376,0
DA:1377,0
DA:1378,0
DA:1379,0
DA:1380,0
DA:1381,0
DA:1384,0
DA:1389,0
DA:1391,0
DA:1392,0
DA:1393,0
DA:1395,0
DA:1406,0
DA:1408,0
DA:1416,0
DA:1417,0
DA:1418,0
DA:1420,0
DA:1421,0
DA:1423,0
DA:1426,0
DA:1429,0
DA:1430,0
DA:1436,0
DA:1440,0
DA:1441,0
DA:1452,0
DA:1453,0
DA:1454,0
DA:1456,0
DA:1457,0
DA:1465,0
DA:1469,0
DA:1475,0
DA:1477,0
DA:1482,0
DA:1483,0
DA:1484,0
DA:1488,0
DA:1489,0
DA:1493,0
DA:1494,0
DA:1495,0
DA:1498,0
DA:1499,0
DA:1500,0
DA:1505,0
DA:1506,0
DA:1509,0
DA:1510,0
DA:1513,0
DA:1516,0
DA:1517,0
DA:1522,0
DA:1525,0
DA:1526,0
DA:1527,0
DA:1528,0
DA:1529,0
DA:1530,0
DA:1531,0
DA:1532,0
DA:1534,0
DA:1535,0
DA:1539,0
LF:578
LH:0
BRDA:1,0,0,0
BRDA:1,0,1,0
BRDA:1,1,0,0
BRDA:1,1,1,0
BRDA:1,2,0,0
BRDA:1,2,1,0
BRDA:1,3,0,0
BRDA:1,3,1,0
BRDA:1,3,2,0
BRDA:1,3,3,0
BRDA:140,4,0,0
BRDA:140,4,1,0
BRDA:159,5,0,0
BRDA:159,5,1,0
BRDA:159,6,0,0
BRDA:159,6,1,0
BRDA:196,7,0,0
BRDA:196,7,1,0
BRDA:196,8,0,0
BRDA:196,8,1,0
BRDA:204,9,0,0
BRDA:204,9,1,0
BRDA:213,10,0,0
BRDA:213,10,1,0
BRDA:244,11,0,0
BRDA:244,11,1,0
BRDA:245,12,0,0
BRDA:245,12,1,0
BRDA:248,13,0,0
BRDA:248,13,1,0
BRDA:254,14,0,0
BRDA:254,14,1,0
BRDA:255,15,0,0
BRDA:255,15,1,0
BRDA:258,16,0,0
BRDA:258,16,1,0
BRDA:259,17,0,0
BRDA:259,17,1,0
BRDA:260,18,0,0
BRDA:260,18,1,0
BRDA:261,19,0,0
BRDA:261,19,1,0
BRDA:264,20,0,0
BRDA:264,20,1,0
BRDA:270,21,0,0
BRDA:270,21,1,0
BRDA:272,22,0,0
BRDA:272,22,1,0
BRDA:276,23,0,0
BRDA:276,23,1,0
BRDA:276,24,0,0
BRDA:276,24,1,0
BRDA:276,24,2,0
BRDA:283,25,0,0
BRDA:283,25,1,0
BRDA:283,26,0,0
BRDA:283,26,1,0
BRDA:283,26,2,0
BRDA:293,27,0,0
BRDA:293,27,1,0
BRDA:300,28,0,0
BRDA:300,28,1,0
BRDA:306,29,0,0
BRDA:306,29,1,0
BRDA:307,30,0,0
BRDA:307,30,1,0
BRDA:310,31,0,0
BRDA:310,31,1,0
BRDA:317,32,0,0
BRDA:317,32,1,0
BRDA:317,32,2,0
BRDA:317,32,3,0
BRDA:317,32,4,0
BRDA:317,32,5,0
BRDA:317,32,6,0
BRDA:317,32,7,0
BRDA:317,32,8,0
BRDA:347,33,0,0
BRDA:347,33,1,0
BRDA:350,34,0,0
BRDA:350,34,1,0
BRDA:371,35,0,0
BRDA:371,35,1,0
BRDA:371,36,0,0
BRDA:371,36,1,0
BRDA:372,37,0,0
BRDA:372,37,1,0
BRDA:380,38,0,0
BRDA:380,38,1,0
BRDA:386,39,0,0
BRDA:386,39,1,0
BRDA:387,40,0,0
BRDA:387,40,1,0
BRDA:387,41,0,0
BRDA:387,41,1,0
BRDA:389,42,0,0
BRDA:389,42,1,0
BRDA:404,43,0,0
BRDA:404,43,1,0
BRDA:410,44,0,0
BRDA:410,44,1,0
BRDA:416,45,0,0
BRDA:416,45,1,0
BRDA:425,46,0,0
BRDA:425,46,1,0
BRDA:425,46,2,0
BRDA:425,46,3,0
BRDA:425,46,4,0
BRDA:425,46,5,0
BRDA:473,47,0,0
BRDA:473,47,1,0
BRDA:479,48,0,0
BRDA:479,48,1,0
BRDA:489,49,0,0
BRDA:489,49,1,0
BRDA:522,50,0,0
BRDA:522,50,1,0
BRDA:529,51,0,0
BRDA:529,51,1,0
BRDA:530,52,0,0
BRDA:530,52,1,0
BRDA:531,53,0,0
BRDA:531,53,1,0
BRDA:534,54,0,0
BRDA:534,54,1,0
BRDA:537,55,0,0
BRDA:537,55,1,0
BRDA:541,56,0,0
BRDA:541,56,1,0
BRDA:542,57,0,0
BRDA:542,57,1,0
BRDA:543,58,0,0
BRDA:543,58,1,0
BRDA:546,59,0,0
BRDA:546,59,1,0
BRDA:549,60,0,0
BRDA:549,60,1,0
BRDA:553,61,0,0
BRDA:553,61,1,0
BRDA:569,62,0,0
BRDA:569,62,1,0
BRDA:573,63,0,0
BRDA:573,63,1,0
BRDA:577,64,0,0
BRDA:577,64,1,0
BRDA:581,65,0,0
BRDA:581,65,1,0
BRDA:587,66,0,0
BRDA:589,67,0,0
BRDA:589,67,1,0
BRDA:590,68,0,0
BRDA:590,68,1,0
BRDA:591,69,0,0
BRDA:591,69,1,0
BRDA:592,70,0,0
BRDA:592,70,1,0
BRDA:597,71,0,0
BRDA:597,71,1,0
BRDA:601,72,0,0
BRDA:601,72,1,0
BRDA:601,73,0,0
BRDA:601,73,1,0
BRDA:605,74,0,0
BRDA:605,74,1,0
BRDA:605,75,0,0
BRDA:605,75,1,0
BRDA:610,76,0,0
BRDA:610,76,1,0
BRDA:610,77,0,0
BRDA:610,77,1,0
BRDA:615,78,0,0
BRDA:615,78,1,0
BRDA:620,79,0,0
BRDA:620,79,1,0
BRDA:625,80,0,0
BRDA:625,80,1,0
BRDA:683,81,0,0
BRDA:683,81,1,0
BRDA:687,82,0,0
BRDA:687,82,1,0
BRDA:716,83,0,0
BRDA:716,83,1,0
BRDA:740,84,0,0
BRDA:740,84,1,0
BRDA:763,85,0,0
BRDA:763,85,1,0
BRDA:764,86,0,0
BRDA:764,86,1,0
BRDA:768,87,0,0
BRDA:768,87,1,0
BRDA:769,88,0,0
BRDA:769,88,1,0
BRDA:782,89,0,0
BRDA:782,89,1,0
BRDA:792,90,0,0
BRDA:792,90,1,0
BRDA:792,91,0,0
BRDA:792,91,1,0
BRDA:805,92,0,0
BRDA:805,92,1,0
BRDA:807,93,0,0
BRDA:807,93,1,0
BRDA:807,94,0,0
BRDA:807,94,1,0
BRDA:810,95,0,0
BRDA:810,95,1,0
BRDA:812,96,0,0
BRDA:812,96,1,0
BRDA:814,97,0,0
BRDA:814,97,1,0
BRDA:820,98,0,0
BRDA:820,98,1,0
BRDA:830,99,0,0
BRDA:830,99,1,0
BRDA:832,100,0,0
BRDA:832,100,1,0
BRDA:834,101,0,0
BRDA:834,101,1,0
BRDA:834,102,0,0
BRDA:834,102,1,0
BRDA:839,103,0,0
BRDA:839,103,1,0
BRDA:839,104,0,0
BRDA:839,104,1,0
BRDA:854,105,0,0
BRDA:854,105,1,0
BRDA:861,106,0,0
BRDA:861,106,1,0
BRDA:861,107,0,0
BRDA:861,107,1,0
BRDA:910,108,0,0
BRDA:910,108,1,0
BRDA:910,109,0,0
BRDA:910,109,1,0
BRDA:910,110,0,0
BRDA:910,110,1,0
BRDA:912,111,0,0
BRDA:912,111,1,0
BRDA:926,112,0,0
BRDA:926,112,1,0
BRDA:926,113,0,0
BRDA:926,113,1,0
BRDA:926,113,2,0
BRDA:942,114,0,0
BRDA:942,114,1,0
BRDA:943,115,0,0
BRDA:943,115,1,0
BRDA:943,116,0,0
BRDA:943,116,1,0
BRDA:944,117,0,0
BRDA:944,117,1,0
BRDA:944,118,0,0
BRDA:944,118,1,0
BRDA:953,119,0,0
BRDA:953,119,1,0
BRDA:953,120,0,0
BRDA:953,120,1,0
BRDA:955,121,0,0
BRDA:955,121,1,0
BRDA:957,122,0,0
BRDA:957,122,1,0
BRDA:962,123,0,0
BRDA:962,123,1,0
BRDA:992,124,0,0
BRDA:992,124,1,0
BRDA:1008,125,0,0
BRDA:1008,125,1,0
BRDA:1024,126,0,0
BRDA:1024,126,1,0
BRDA:1024,127,0,0
BRDA:1024,127,1,0
BRDA:1031,128,0,0
BRDA:1031,128,1,0
BRDA:1035,129,0,0
BRDA:1035,129,1,0
BRDA:1065,130,0,0
BRDA:1065,130,1,0
BRDA:1073,131,0,0
BRDA:1073,131,1,0
BRDA:1073,132,0,0
BRDA:1073,132,1,0
BRDA:1078,133,0,0
BRDA:1078,133,1,0
BRDA:1083,134,0,0
BRDA:1083,134,1,0
BRDA:1084,135,0,0
BRDA:1084,135,1,0
BRDA:1090,136,0,0
BRDA:1090,136,1,0
BRDA:1111,137,0,0
BRDA:1111,137,1,0
BRDA:1119,138,0,0
BRDA:1119,138,1,0
BRDA:1121,139,0,0
BRDA:1121,139,1,0
BRDA:1121,139,2,0
BRDA:1121,139,3,0
BRDA:1124,140,0,0
BRDA:1124,140,1,0
BRDA:1127,141,0,0
BRDA:1127,141,1,0
BRDA:1130,142,0,0
BRDA:1130,142,1,0
BRDA:1166,143,0,0
BRDA:1166,143,1,0
BRDA:1170,144,0,0
BRDA:1170,144,1,0
BRDA:1179,145,0,0
BRDA:1179,145,1,0
BRDA:1195,146,0,0
BRDA:1195,146,1,0
BRDA:1196,147,0,0
BRDA:1196,147,1,0
BRDA:1197,148,0,0
BRDA:1197,148,1,0
BRDA:1210,149,0,0
BRDA:1210,149,1,0
BRDA:1220,150,0,0
BRDA:1220,150,1,0
BRDA:1220,150,2,0
BRDA:1274,151,0,0
BRDA:1274,151,1,0
BRDA:1276,152,0,0
BRDA:1276,152,1,0
BRDA:1281,153,0,0
BRDA:1281,153,1,0
BRDA:1282,154,0,0
BRDA:1282,154,1,0
BRDA:1314,155,0,0
BRDA:1314,155,1,0
BRDA:1316,156,0,0
BRDA:1316,156,1,0
BRDA:1318,157,0,0
BRDA:1318,157,1,0
BRDA:1320,158,0,0
BRDA:1320,158,1,0
BRDA:1324,159,0,0
BRDA:1324,159,1,0
BRDA:1329,160,0,0
BRDA:1329,160,1,0
BRDA:1331,161,0,0
BRDA:1331,161,1,0
BRDA:1334,162,0,0
BRDA:1334,162,1,0
BRDA:1341,163,0,0
BRDA:1341,163,1,0
BRDA:1351,164,0,0
BRDA:1351,164,1,0
BRDA:1353,165,0,0
BRDA:1353,165,1,0
BRDA:1353,166,0,0
BRDA:1353,166,1,0
BRDA:1358,167,0,0
BRDA:1358,167,1,0
BRDA:1391,168,0,0
BRDA:1391,168,1,0
BRDA:1418,169,0,0
BRDA:1418,169,1,0
BRDA:1418,170,0,0
BRDA:1418,170,1,0
BRDA:1418,170,2,0
BRDA:1420,171,0,0
BRDA:1420,171,1,0
BRDA:1430,172,0,0
BRDA:1430,172,1,0
BRDA:1430,172,2,0
BRDA:1430,172,3,0
BRDA:1430,172,4,0
BRDA:1430,172,5,0
BRDA:1441,173,0,0
BRDA:1441,173,1,0
BRDA:1441,173,2,0
BRDA:1441,173,3,0
BRDA:1441,173,4,0
BRDA:1441,173,5,0
BRDA:1457,174,0,0
BRDA:1457,174,1,0
BRDA:1482,175,0,0
BRDA:1482,175,1,0
BRDA:1488,176,0,0
BRDA:1488,176,1,0
BRDA:1498,177,0,0
BRDA:1498,177,1,0
BRDA:1516,178,0,0
BRDA:1516,178,1,0
BRDA:1528,179,0,0
BRDA:1528,179,1,0
BRDA:1529,180,0,0
BRDA:1529,180,1,0
BRDA:1532,181,0,0
BRDA:1532,181,1,0
BRF:391
BRH:0
end_of_record
TN:
SF:/Users/hassankhokhar/Desktop/Expanse/app/js/plugins.js
FN:3,(anonymous_0)
FN:5,noop
FNF:2
FNH:0
FNDA:0,(anonymous_0)
FNDA:0,noop
DA:3,0
DA:5,0
DA:6,0
DA:12,0
DA:13,0
DA:15,0
DA:16,0
DA:19,0
DA:20,0
LF:9
LH:0
BRDA:13,0,0,0
BRDA:13,0,1,0
BRDA:19,1,0,0
BRDA:19,1,1,0
BRF:4
BRH:0
end_of_record
TN:
SF:/Users/hassankhokhar/Desktop/Expanse/app/js/typed.js
FN:1,(anonymous_0)
FN:1,(anonymous_1)
FN:27,(anonymous_2)
FN:31,Typed
FN:39,(anonymous_4)
FN:42,(anonymous_5)
FN:121,init
FN:125,(anonymous_7)
FN:136,build
FN:149,(anonymous_9)
FN:157,typewrite
FN:182,(anonymous_11)
FN:223,(anonymous_12)
FN:240,(anonymous_13)
FN:279,backspace
FN:295,(anonymous_15)
FN:359,initFadeOut
FN:363,(anonymous_17)
FN:371,replaceText
FN:386,shuffleArray
FN:416,reset
FN:433,(anonymous_21)
FN:435,(anonymous_22)
FN:445,(anonymous_23)
FN:446,(anonymous_24)
FN:489,callback
FN:491,preStringTyped
FN:493,onStringTyped
FN:495,resetCallback
FNF:29
FNH:0
FNDA:0,(anonymous_0)
FNDA:0,(anonymous_1)
FNDA:0,(anonymous_2)
FNDA:0,Typed
FNDA:0,(anonymous_4)
FNDA:0,(anonymous_5)
FNDA:0,init
FNDA:0,(anonymous_7)
FNDA:0,build
FNDA:0,(anonymous_9)
FNDA:0,typewrite
FNDA:0,(anonymous_11)
FNDA:0,(anonymous_12)
FNDA:0,(anonymous_13)
FNDA:0,backspace
FNDA:0,(anonymous_15)
FNDA:0,initFadeOut
FNDA:0,(anonymous_17)
FNDA:0,replaceText
FNDA:0,shuffleArray
FNDA:0,reset
FNDA:0,(anonymous_21)
FNDA:0,(anonymous_22)
FNDA:0,(anonymous_23)
FNDA:0,(anonymous_24)
FNDA:0,callback
FNDA:0,preStringTyped
FNDA:0,onStringTyped
FNDA:0,resetCallback
DA:1,0
DA:27,0
DA:31,0
DA:32,0
DA:35,0
DA:38,0
DA:39,0
DA:40,0
DA:42,0
DA:43,0
DA:47,0
DA:48,0
DA:51,0
DA:54,0
DA:57,0
DA:60,0
DA:63,0
DA:66,0
DA:69,0
DA:72,0
DA:73,0
DA:74,0
DA:77,0
DA:78,0
DA:80,0
DA:84,0
DA:87,0
DA:90,0
DA:95,0
DA:98,0
DA:99,0
DA:100,0
DA:103,0
DA:106,0
DA:109,0
DA:111,0
DA:114,0
DA:117,0
DA:124,0
DA:125,0
DA:126,0
DA:129,0
DA:132,0
DA:137,0
DA:139,0
DA:140,0
DA:141,0
DA:142,0
DA:143,0
DA:145,0
DA:146,0
DA:147,0
DA:148,0
DA:149,0
DA:150,0
DA:153,0
DA:159,0
DA:160,0
DA:163,0
DA:164,0
DA:165,0
DA:170,0
DA:171,0
DA:182,0
DA:186,0
DA:187,0
DA:188,0
DA:189,0
DA:190,0
DA:191,0
DA:192,0
DA:193,0
DA:197,0
DA:200,0
DA:202,0
DA:203,0
DA:204,0
DA:205,0
DA:206,0
DA:207,0
DA:210,0
DA:212,0
DA:213,0
DA:214,0
DA:215,0
DA:217,0
DA:218,0
DA:223,0
DA:224,0
DA:226,0
DA:229,0
DA:231,0
DA:233,0
DA:236,0
DA:237,0
DA:240,0
DA:241,0
DA:247,0
DA:248,0
DA:253,0
DA:254,0
DA:255,0
DA:257,0
DA:258,0
DA:259,0
DA:260,0
DA:262,0
DA:267,0
DA:269,0
DA:280,0
DA:282,0
DA:283,0
DA:286,0
DA:287,0
DA:288,0
DA:293,0
DA:295,0
DA:310,0
DA:312,0
DA:313,0
DA:314,0
DA:315,0
DA:316,0
DA:317,0
DA:319,0
DA:320,0
DA:326,0
DA:327,0
DA:331,0
DA:333,0
DA:335,0
DA:339,0
DA:340,0
DA:342,0
DA:343,0
DA:346,0
DA:348,0
DA:350,0
DA:360,0
DA:361,0
DA:362,0
DA:363,0
DA:364,0
DA:365,0
DA:366,0
DA:372,0
DA:373,0
DA:375,0
DA:376,0
DA:377,0
DA:378,0
DA:380,0
DA:387,0
DA:388,0
DA:389,0
DA:390,0
DA:391,0
DA:392,0
DA:394,0
DA:417,0
DA:418,0
DA:419,0
DA:420,0
DA:421,0
DA:422,0
DA:424,0
DA:425,0
DA:426,0
DA:428,0
DA:433,0
DA:434,0
DA:435,0
DA:436,0
DA:437,0
DA:438,0
DA:439,0
DA:440,0
DA:444,0
DA:445,0
DA:446,0
DA:447,0
DA:448,0
DA:449,0
DA:450,0
DA:451,0
DA:452,0
DA:457,0
DA:459,0
LF:188
LH:0
BRDA:1,0,0,0
BRDA:1,0,1,0
BRDA:1,1,0,0
BRDA:1,1,1,0
BRDA:1,2,0,0
BRDA:1,2,1,0
BRDA:1,3,0,0
BRDA:1,3,1,0
BRDA:1,3,2,0
BRDA:1,3,3,0
BRDA:51,4,0,0
BRDA:51,4,1,0
BRDA:54,5,0,0
BRDA:54,5,1,0
BRDA:77,6,0,0
BRDA:77,6,1,0
BRDA:77,7,0,0
BRDA:77,7,1,0
BRDA:129,8,0,0
BRDA:129,8,1,0
BRDA:139,9,0,0
BRDA:139,9,1,0
BRDA:143,10,0,0
BRDA:143,10,1,0
BRDA:145,11,0,0
BRDA:145,11,1,0
BRDA:159,12,0,0
BRDA:159,12,1,0
BRDA:163,13,0,0
BRDA:163,13,1,0
BRDA:163,14,0,0
BRDA:163,14,1,0
BRDA:188,15,0,0
BRDA:188,15,1,0
BRDA:190,16,0,0
BRDA:190,16,1,0
BRDA:200,17,0,0
BRDA:200,17,1,0
BRDA:203,18,0,0
BRDA:203,18,1,0
BRDA:203,19,0,0
BRDA:203,19,1,0
BRDA:206,20,0,0
BRDA:206,20,1,0
BRDA:215,21,0,0
BRDA:215,21,1,0
BRDA:224,22,0,0
BRDA:224,22,1,0
BRDA:229,23,0,0
BRDA:229,23,1,0
BRDA:236,24,0,0
BRDA:236,24,1,0
BRDA:236,25,0,0
BRDA:236,25,1,0
BRDA:247,26,0,0
BRDA:247,26,1,0
BRDA:254,27,0,0
BRDA:254,27,1,0
BRDA:257,28,0,0
BRDA:257,28,1,0
BRDA:259,29,0,0
BRDA:259,29,1,0
BRDA:282,30,0,0
BRDA:282,30,1,0
BRDA:286,31,0,0
BRDA:286,31,1,0
BRDA:310,32,0,0
BRDA:310,32,1,0
BRDA:312,33,0,0
BRDA:312,33,1,0
BRDA:317,34,0,0
BRDA:317,34,1,0
BRDA:331,35,0,0
BRDA:331,35,1,0
BRDA:339,36,0,0
BRDA:339,36,1,0
BRDA:342,37,0,0
BRDA:342,37,1,0
BRDA:346,38,0,0
BRDA:346,38,1,0
BRDA:372,39,0,0
BRDA:372,39,1,0
BRDA:375,40,0,0
BRDA:375,40,1,0
BRDA:377,41,0,0
BRDA:377,41,1,0
BRDA:388,42,0,0
BRDA:388,42,1,0
BRDA:421,43,0,0
BRDA:421,43,1,0
BRDA:421,44,0,0
BRDA:421,44,1,0
BRDA:437,45,0,0
BRDA:437,45,1,0
BRDA:437,46,0,0
BRDA:437,46,1,0
BRDA:438,47,0,0
BRDA:438,47,1,0
BRDA:440,48,0,0
BRDA:440,48,1,0
BRDA:444,49,0,0
BRDA:444,49,1,0
BRDA:449,50,0,0
BRDA:449,50,1,0
BRDA:449,51,0,0
BRDA:449,51,1,0
BRDA:450,52,0,0
BRDA:450,52,1,0
BRDA:452,53,0,0
BRDA:452,53,1,0
BRF:110
BRH:0
end_of_record
TN:
SF:/Users/hassankhokhar/Desktop/Expanse/app/js/waterbubble.js
FN:12,(anonymous_0)
FN:13,(anonymous_1)
FN:35,Waterbubble
FN:40,refresh
FN:45,_init
FN:55,_buildShape
FN:94,_fillWater
FN:133,_drawText
FN:148,_animate
FN:152,(anonymous_9)
FN:156,update
FN:164,step
FNF:12
FNH:0
FNDA:0,(anonymous_0)
FNDA:0,(anonymous_1)
FNDA:0,Waterbubble
FNDA:0,refresh
FNDA:0,_init
FNDA:0,_buildShape
FNDA:0,_fillWater
FNDA:0,_drawText
FNDA:0,_animate
FNDA:0,(anonymous_9)
FNDA:0,update
FNDA:0,step
DA:12,0
DA:13,0
DA:14,0
DA:26,0
DA:27,0
DA:29,0
DA:31,0
DA:36,0
DA:39,0
DA:41,0
DA:42,0
DA:46,0
DA:47,0
DA:49,0
DA:50,0
DA:52,0
DA:57,0
DA:59,0
DA:61,0
DA:62,0
DA:63,0
DA:65,0
DA:66,0
DA:67,0
DA:69,0
DA:72,0
DA:73,0
DA:75,0
DA:77,0
DA:78,0
DA:79,0
DA:80,0
DA:81,0
DA:82,0
DA:85,0
DA:86,0
DA:88,0
DA:91,0
DA:96,0
DA:98,0
DA:101,0
DA:102,0
DA:104,0
DA:105,0
DA:107,0
DA:108,0
DA:112,0
DA:113,0
DA:115,0
DA:118,0
DA:120,0
DA:121,0
DA:122,0
DA:124,0
DA:125,0
DA:127,0
DA:129,0
DA:130,0
DA:134,0
DA:136,0
DA:137,0
DA:139,0
DA:141,0
DA:142,0
DA:144,0
DA:145,0
DA:149,0
DA:152,0
DA:153,0
DA:155,0
DA:156,0
DA:157,0
DA:158,0
DA:159,0
DA:161,0
DA:164,0
DA:165,0
DA:166,0
DA:167,0
DA:168,0
DA:171,0
LF:81
LH:0
BRDA:27,0,0,0
BRDA:27,0,1,0
BRDA:81,1,0,0
BRDA:81,1,1,0
BRDA:85,2,0,0
BRDA:85,2,1,0
BRDA:112,3,0,0
BRDA:112,3,1,0
BRDA:112,4,0,0
BRDA:112,4,1,0
BRDA:112,4,2,0
BRDA:136,5,0,0
BRDA:136,5,1,0
BRDA:137,6,0,0
BRDA:137,6,1,0
BRDA:139,7,0,0
BRDA:139,7,1,0
BRDA:152,8,0,0
BRDA:152,8,1,0
BRDA:152,8,2,0
BRDA:152,8,3,0
BRDA:152,8,4,0
BRDA:157,9,0,0
BRDA:157,9,1,0
BRDA:167,10,0,0
BRDA:167,10,1,0
BRF:26
BRH:0
end_of_record
TN:
SF:/Users/hassankhokhar/Desktop/Expanse/app/js/vendor/jquery-1.12.4.min.js
FN:1,(anonymous_0)
FN:1,(anonymous_1)
FN:2,(anonymous_2)
FN:2,(anonymous_3)
FN:2,(anonymous_4)
FN:2,n
FN:2,r
FN:2,toArray
FN:2,get
FN:2,pushStack
FN:2,each
FN:2,map
FN:2,(anonymous_12)
FN:2,slice
FN:2,first
FN:2,last
FN:2,eq
FN:2,end
FN:2,(anonymous_18)
FN:2,error
FN:2,noop
FN:2,isFunction
FN:2,(anonymous_22)
FN:2,isWindow
FN:2,isNumeric
FN:2,isEmptyObject
FN:2,isPlainObject
FN:2,type
FN:2,globalEval
FN:2,(anonymous_29)
FN:2,camelCase
FN:2,nodeName
FN:2,each
FN:2,trim
FN:2,makeArray
FN:2,inArray
FN:2,merge
FN:2,grep
FN:2,map
FN:2,proxy
FN:2,d
FN:2,now
FN:2,(anonymous_42)
FN:2,s
FN:2,(anonymous_44)
FN:2,B
FN:2,J
FN:2,ca
FN:2,da
FN:2,(anonymous_49)
FN:2,(anonymous_50)
FN:2,fa
FN:2,ga
FN:2,b
FN:2,ha
FN:2,ia
FN:2,ja
FN:2,ka
FN:2,la
FN:2,(anonymous_59)
FN:2,ma
FN:2,(anonymous_61)
FN:2,na
FN:2,(anonymous_63)
FN:2,(anonymous_64)
FN:2,oa
FN:2,(anonymous_66)
FN:2,(anonymous_67)
FN:2,(anonymous_68)
FN:2,(anonymous_69)
FN:2,(anonymous_70)
FN:2,(anonymous_71)
FN:2,(anonymous_72)
FN:2,(anonymous_73)
FN:2,(anonymous_74)
FN:2,(anonymous_75)
FN:2,(anonymous_76)
FN:2,(anonymous_77)
FN:2,(anonymous_78)
FN:2,(anonymous_79)
FN:2,(anonymous_80)
FN:2,(anonymous_81)
FN:2,(anonymous_82)
FN:2,(anonymous_83)
FN:2,(anonymous_84)
FN:2,(anonymous_85)
FN:2,(anonymous_86)
FN:2,(anonymous_87)
FN:2,(anonymous_88)
FN:2,(anonymous_89)
FN:2,(anonymous_90)
FN:2,(anonymous_91)
FN:2,(anonymous_92)
FN:2,ATTR
FN:2,CHILD
FN:2,PSEUDO
FN:2,TAG
FN:2,(anonymous_97)
FN:2,(anonymous_98)
FN:2,CLASS
FN:2,(anonymous_100)
FN:2,ATTR
FN:2,(anonymous_102)
FN:2,CHILD
FN:2,(anonymous_104)
FN:2,(anonymous_105)
FN:2,PSEUDO
FN:2,(anonymous_107)
FN:2,(anonymous_108)
FN:2,(anonymous_109)
FN:2,(anonymous_110)
FN:2,(anonymous_111)
FN:2,(anonymous_112)
FN:2,(anonymous_113)
FN:2,(anonymous_114)
FN:2,(anonymous_115)
FN:2,(anonymous_116)
FN:2,(anonymous_117)
FN:2,target
FN:2,root
FN:2,focus
FN:2,enabled
FN:2,disabled
FN:2,checked
FN:2,selected
FN:2,empty
FN:2,parent
FN:2,header
FN:2,input
FN:2,button
FN:2,text
FN:2,(anonymous_131)
FN:2,(anonymous_132)
FN:2,(anonymous_133)
FN:2,(anonymous_134)
FN:2,(anonymous_135)
FN:2,(anonymous_136)
FN:2,(anonymous_137)
FN:2,pa
FN:2,(anonymous_139)
FN:2,qa
FN:2,ra
FN:2,(anonymous_142)
FN:2,(anonymous_143)
FN:2,sa
FN:2,(anonymous_145)
FN:2,ta
FN:2,ua
FN:2,va
FN:2,(anonymous_149)
FN:2,wa
FN:2,xa
FN:2,f
FN:2,(anonymous_153)
FN:2,(anonymous_154)
FN:2,(anonymous_155)
FN:2,(anonymous_156)
FN:2,(anonymous_157)
FN:2,(anonymous_158)
FN:2,(anonymous_159)
FN:2,(anonymous_160)
FN:2,(anonymous_161)
FN:2,u
FN:2,v
FN:2,z
FN:2,(anonymous_165)
FN:2,(anonymous_166)
FN:2,(anonymous_167)
FN:2,(anonymous_168)
FN:2,(anonymous_169)
FN:2,find
FN:2,(anonymous_171)
FN:2,filter
FN:2,not
FN:2,is
FN:2,(anonymous_175)
FN:2,has
FN:2,(anonymous_177)
FN:2,closest
FN:2,index
FN:2,add
FN:2,addBack
FN:2,F
FN:2,parent
FN:2,parents
FN:2,parentsUntil
FN:2,next
FN:2,prev
FN:2,nextAll
FN:2,prevAll
FN:2,nextUntil
FN:2,prevUntil
FN:2,siblings
FN:2,children
FN:2,contents
FN:2,(anonymous_195)
FN:2,(anonymous_196)
FN:2,H
FN:2,(anonymous_198)
FN:2,(anonymous_199)
FN:2,i
FN:2,add
FN:2,d
FN:2,(anonymous_203)
FN:2,remove
FN:2,(anonymous_205)
FN:2,has
FN:2,empty
FN:2,disable
FN:2,disabled
FN:2,lock
FN:2,locked
FN:2,fireWith
FN:2,fire
FN:2,fired
FN:2,Deferred
FN:2,state
FN:2,always
FN:2,then
FN:2,(anonymous_219)
FN:2,(anonymous_220)
FN:2,(anonymous_221)
FN:2,promise
FN:2,(anonymous_223)
FN:2,(anonymous_224)
FN:2,(anonymous_225)
FN:2,when
FN:2,h
FN:2,(anonymous_228)
FN:2,(anonymous_229)
FN:2,holdReady
FN:2,ready
FN:2,J
FN:2,K
FN:2,(anonymous_234)
FN:2,f
FN:2,(anonymous_236)
FN:2,(anonymous_237)
FN:2,M
FN:2,P
FN:3,Q
FN:3,R
FN:3,S
FN:3,hasData
FN:3,data
FN:3,removeData
FN:3,_data
FN:3,_removeData
FN:3,data
FN:3,(anonymous_249)
FN:3,(anonymous_250)
FN:3,removeData
FN:3,(anonymous_252)
FN:3,queue
FN:3,dequeue
FN:3,g
FN:3,_queueHooks
FN:3,(anonymous_257)
FN:3,queue
FN:3,(anonymous_259)
FN:3,dequeue
FN:3,(anonymous_261)
FN:3,clearQueue
FN:3,promise
FN:3,h
FN:3,(anonymous_265)
FN:3,(anonymous_266)
FN:3,W
FN:3,X
FN:3,(anonymous_269)
FN:3,(anonymous_270)
FN:3,Y
FN:3,b
FN:3,ca
FN:3,(anonymous_274)
FN:3,ea
FN:3,fa
FN:3,ia
FN:3,ja
FN:3,(anonymous_279)
FN:3,pa
FN:3,qa
FN:3,ra
FN:3,sa
FN:3,e
FN:3,(anonymous_285)
FN:3,add
FN:3,(anonymous_287)
FN:3,remove
FN:3,trigger
FN:3,dispatch
FN:3,handlers
FN:3,fix
FN:3,filter
FN:3,filter
FN:3,trigger
FN:3,trigger
FN:3,trigger
FN:3,_default
FN:3,postDispatch
FN:3,simulate
FN:3,(anonymous_301)
FN:3,(anonymous_302)
FN:3,(anonymous_303)
FN:3,preventDefault
FN:3,stopPropagation
FN:3,stopImmediatePropagation
FN:3,(anonymous_307)
FN:3,handle
FN:3,setup
FN:3,(anonymous_310)
FN:3,(anonymous_311)
FN:3,postDispatch
FN:3,teardown
FN:3,setup
FN:3,(anonymous_315)
FN:3,(anonymous_316)
FN:3,(anonymous_317)
FN:3,(anonymous_318)
FN:3,handle
FN:3,teardown
FN:3,(anonymous_321)
FN:3,c
FN:3,setup
FN:3,teardown
FN:3,on
FN:3,one
FN:3,off
FN:3,(anonymous_328)
FN:3,trigger
FN:3,(anonymous_330)
FN:3,triggerHandler
FN:3,Ca
FN:3,Da
FN:3,Ea
FN:3,Fa
FN:3,Ga
FN:3,Ha
FN:3,(anonymous_338)
FN:3,Ia
FN:3,htmlPrefilter
FN:3,clone
FN:3,cleanData
FN:3,detach
FN:3,remove
FN:3,text
FN:3,(anonymous_346)
FN:3,append
FN:3,(anonymous_348)
FN:3,prepend
FN:3,(anonymous_350)
FN:3,before
FN:3,(anonymous_352)
FN:3,after
FN:3,(anonymous_354)
FN:3,empty
FN:3,clone
FN:3,(anonymous_357)
FN:3,html
FN:3,(anonymous_359)
FN:3,replaceWith
FN:3,(anonymous_361)
FN:3,(anonymous_362)
FN:3,(anonymous_363)
FN:3,La
FN:3,Ma
FN:3,Pa
FN:3,(anonymous_367)
FN:3,reliableHiddenOffsets
FN:3,boxSizingReliable
FN:3,pixelMarginRight
FN:3,pixelPosition
FN:3,reliableMarginRight
FN:3,reliableMarginLeft
FN:3,Ra
FN:3,Sa
FN:3,Ra
FN:3,Sa
FN:3,Ua
FN:3,get
FN:3,bb
FN:3,cb
FN:3,db
FN:3,eb
FN:3,fb
FN:3,get
FN:3,style
FN:3,css
FN:3,(anonymous_388)
FN:3,get
FN:3,(anonymous_390)
FN:3,set
FN:3,get
FN:3,set
FN:3,(anonymous_394)
FN:3,(anonymous_395)
FN:4,(anonymous_396)
FN:4,(anonymous_397)
FN:4,expand
FN:4,css
FN:4,(anonymous_400)
FN:4,show
FN:4,hide
FN:4,toggle
FN:4,(anonymous_404)
FN:4,gb
FN:4,init
FN:4,cur
FN:4,run
FN:4,get
FN:4,set
FN:4,set
FN:4,linear
FN:4,swing
FN:4,lb
FN:4,(anonymous_415)
FN:4,mb
FN:4,nb
FN:4,ob
FN:4,(anonymous_419)
FN:4,(anonymous_420)
FN:4,(anonymous_421)
FN:4,(anonymous_422)
FN:4,(anonymous_423)
FN:4,(anonymous_424)
FN:4,pb
FN:4,qb
FN:4,(anonymous_427)
FN:4,i
FN:4,createTween
FN:4,stop
FN:4,(anonymous_431)
FN:4,tweener
FN:4,prefilter
FN:4,(anonymous_434)
FN:4,(anonymous_435)
FN:4,fadeTo
FN:4,animate
FN:4,g
FN:4,stop
FN:4,d
FN:4,(anonymous_441)
FN:4,finish
FN:4,(anonymous_443)
FN:4,(anonymous_444)
FN:4,(anonymous_445)
FN:4,(anonymous_446)
FN:4,(anonymous_447)
FN:4,(anonymous_448)
FN:4,(anonymous_449)
FN:4,(anonymous_450)
FN:4,(anonymous_451)
FN:4,(anonymous_452)
FN:4,(anonymous_453)
FN:4,(anonymous_454)
FN:4,(anonymous_455)
FN:4,val
FN:4,(anonymous_457)
FN:4,(anonymous_458)
FN:4,get
FN:4,get
FN:4,set
FN:4,(anonymous_462)
FN:4,set
FN:4,(anonymous_464)
FN:4,attr
FN:4,removeAttr
FN:4,(anonymous_467)
FN:4,attr
FN:4,set
FN:4,removeAttr
FN:4,set
FN:4,(anonymous_472)
FN:4,(anonymous_473)
FN:4,(anonymous_474)
FN:4,set
FN:4,set
FN:4,(anonymous_477)
FN:4,get
FN:4,set
FN:4,(anonymous_480)
FN:4,set
FN:4,get
FN:4,set
FN:4,prop
FN:4,removeProp
FN:4,(anonymous_486)
FN:4,prop
FN:4,get
FN:4,(anonymous_489)
FN:4,get
FN:4,get
FN:4,set
FN:4,(anonymous_493)
FN:4,Cb
FN:4,addClass
FN:4,(anonymous_496)
FN:4,removeClass
FN:4,(anonymous_498)
FN:4,toggleClass
FN:4,(anonymous_500)
FN:4,(anonymous_501)
FN:4,hasClass
FN:4,(anonymous_503)
FN:4,(anonymous_504)
FN:4,hover
FN:4,(anonymous_506)
FN:4,(anonymous_507)
FN:4,(anonymous_508)
FN:4,Tb
FN:4,(anonymous_510)
FN:4,Ub
FN:4,g
FN:4,(anonymous_513)
FN:4,Vb
FN:4,Wb
FN:4,Xb
FN:4,ajaxSetup
FN:4,ajax
FN:4,getResponseHeader
FN:4,getAllResponseHeaders
FN:4,setRequestHeader
FN:4,overrideMimeType
FN:4,statusCode
FN:4,abort
FN:4,(anonymous_525)
FN:4,y
FN:4,getJSON
FN:4,getScript
FN:4,(anonymous_529)
FN:4,(anonymous_530)
FN:4,(anonymous_531)
FN:4,wrapAll
FN:4,(anonymous_533)
FN:4,(anonymous_534)
FN:4,wrapInner
FN:4,(anonymous_536)
FN:4,(anonymous_537)
FN:4,wrap
[...]
BRDA:3,791,0,0
BRDA:3,791,1,0
BRDA:3,792,0,0
BRDA:3,792,1,0
BRDA:3,792,2,0
BRDA:3,792,3,0
BRDA:3,792,4,0
BRDA:3,792,5,0
BRDA:3,792,6,0
BRDA:3,793,0,0
BRDA:3,793,1,0
BRDA:3,794,0,0
BRDA:3,794,1,0
BRDA:3,795,0,0
BRDA:3,795,1,0
BRDA:3,796,0,0
BRDA:3,796,1,0
BRDA:3,797,0,0
BRDA:3,797,1,0
BRDA:3,798,0,0
BRDA:3,798,1,0
BRDA:3,798,2,0
BRDA:3,799,0,0
BRDA:3,799,1,0
BRDA:3,800,0,0
BRDA:3,800,1,0
BRDA:3,801,0,0
BRDA:3,801,1,0
BRDA:3,802,0,0
BRDA:3,802,1,0
BRDA:3,803,0,0
BRDA:3,803,1,0
BRDA:3,803,2,0
BRDA:3,804,0,0
BRDA:3,804,1,0
BRDA:3,805,0,0
BRDA:3,805,1,0
BRDA:3,806,0,0
BRDA:3,806,1,0
BRDA:3,807,0,0
BRDA:3,807,1,0
BRDA:3,808,0,0
BRDA:3,808,1,0
BRDA:3,809,0,0
BRDA:3,809,1,0
BRDA:3,810,0,0
BRDA:3,810,1,0
BRDA:3,811,0,0
BRDA:3,811,1,0
BRDA:3,811,2,0
BRDA:3,812,0,0
BRDA:3,812,1,0
BRDA:3,813,0,0
BRDA:3,813,1,0
BRDA:3,814,0,0
BRDA:3,814,1,0
BRDA:3,815,0,0
BRDA:3,815,1,0
BRDA:3,815,2,0
BRDA:3,815,3,0
BRDA:3,816,0,0
BRDA:3,816,1,0
BRDA:3,816,2,0
BRDA:3,816,3,0
BRDA:3,816,4,0
BRDA:3,817,0,0
BRDA:3,817,1,0
BRDA:3,818,0,0
BRDA:3,818,1,0
BRDA:3,819,0,0
BRDA:3,819,1,0
BRDA:3,820,0,0
BRDA:3,820,1,0
BRDA:3,821,0,0
BRDA:3,821,1,0
BRDA:3,821,2,0
BRDA:3,821,3,0
BRDA:3,822,0,0
BRDA:3,822,1,0
BRDA:3,822,2,0
BRDA:3,823,0,0
BRDA:3,823,1,0
BRDA:3,824,0,0
BRDA:3,824,1,0
BRDA:3,825,0,0
BRDA:3,825,1,0
BRDA:3,826,0,0
BRDA:3,826,1,0
BRDA:3,827,0,0
BRDA:3,827,1,0
BRDA:3,828,0,0
BRDA:3,828,1,0
BRDA:3,829,0,0
BRDA:3,829,1,0
BRDA:3,830,0,0
BRDA:3,830,1,0
BRDA:3,831,0,0
BRDA:3,831,1,0
BRDA:3,832,0,0
BRDA:3,832,1,0
BRDA:3,833,0,0
BRDA:3,833,1,0
BRDA:3,834,0,0
BRDA:3,834,1,0
BRDA:3,835,0,0
BRDA:3,835,1,0
BRDA:3,836,0,0
BRDA:3,836,1,0
BRDA:3,837,0,0
BRDA:3,837,1,0
BRDA:3,838,0,0
BRDA:3,838,1,0
BRDA:3,839,0,0
BRDA:3,839,1,0
BRDA:3,839,2,0
BRDA:3,840,0,0
BRDA:3,840,1,0
BRDA:3,840,2,0
BRDA:3,841,0,0
BRDA:3,841,1,0
BRDA:3,842,0,0
BRDA:3,842,1,0
BRDA:3,843,0,0
BRDA:3,843,1,0
BRDA:3,844,0,0
BRDA:3,844,1,0
BRDA:3,845,0,0
BRDA:3,845,1,0
BRDA:3,846,0,0
BRDA:3,846,1,0
BRDA:3,847,0,0
BRDA:3,847,1,0
BRDA:3,848,0,0
BRDA:3,848,1,0
BRDA:3,848,2,0
BRDA:3,848,3,0
BRDA:3,849,0,0
BRDA:3,849,1,0
BRDA:3,850,0,0
BRDA:3,850,1,0
BRDA:3,851,0,0
BRDA:3,851,1,0
BRDA:3,852,0,0
BRDA:3,852,1,0
BRDA:3,853,0,0
BRDA:3,853,1,0
BRDA:3,854,0,0
BRDA:3,854,1,0
BRDA:3,854,2,0
BRDA:3,855,0,0
BRDA:3,855,1,0
BRDA:3,856,0,0
BRDA:3,856,1,0
BRDA:3,856,2,0
BRDA:3,856,3,0
BRDA:3,857,0,0
BRDA:3,857,1,0
BRDA:3,857,2,0
BRDA:3,858,0,0
BRDA:3,858,1,0
BRDA:3,859,0,0
BRDA:3,859,1,0
BRDA:3,859,2,0
BRDA:3,860,0,0
BRDA:3,860,1,0
BRDA:3,861,0,0
BRDA:3,861,1,0
BRDA:3,861,2,0
BRDA:3,861,3,0
BRDA:3,862,0,0
BRDA:3,862,1,0
BRDA:3,862,2,0
BRDA:3,863,0,0
BRDA:3,863,1,0
BRDA:3,864,0,0
BRDA:3,864,1,0
BRDA:3,865,0,0
BRDA:3,865,1,0
BRDA:3,866,0,0
BRDA:3,866,1,0
BRDA:3,866,2,0
BRDA:3,867,0,0
BRDA:3,867,1,0
BRDA:3,868,0,0
BRDA:3,868,1,0
BRDA:3,868,2,0
BRDA:3,869,0,0
BRDA:3,869,1,0
BRDA:3,870,0,0
BRDA:3,870,1,0
BRDA:3,871,0,0
BRDA:3,871,1,0
BRDA:3,872,0,0
BRDA:3,872,1,0
BRDA:3,873,0,0
BRDA:3,873,1,0
BRDA:3,874,0,0
BRDA:3,874,1,0
BRDA:3,875,0,0
BRDA:3,875,1,0
BRDA:3,876,0,0
BRDA:3,876,1,0
BRDA:3,877,0,0
BRDA:3,877,1,0
BRDA:3,878,0,0
BRDA:3,878,1,0
BRDA:3,879,0,0
BRDA:3,879,1,0
BRDA:3,880,0,0
BRDA:3,880,1,0
BRDA:3,881,0,0
BRDA:3,881,1,0
BRDA:3,882,0,0
BRDA:3,882,1,0
BRDA:3,883,0,0
BRDA:3,883,1,0
BRDA:3,884,0,0
BRDA:3,884,1,0
BRDA:3,885,0,0
BRDA:3,885,1,0
BRDA:3,886,0,0
BRDA:3,886,1,0
BRDA:3,887,0,0
BRDA:3,887,1,0
BRDA:3,887,2,0
BRDA:3,887,3,0
BRDA:3,888,0,0
BRDA:3,888,1,0
BRDA:3,888,2,0
BRDA:3,888,3,0
BRDA:3,888,4,0
BRDA:3,888,5,0
BRDA:3,889,0,0
BRDA:3,889,1,0
BRDA:3,889,2,0
BRDA:3,890,0,0
BRDA:3,890,1,0
BRDA:3,891,0,0
BRDA:3,891,1,0
BRDA:3,892,0,0
BRDA:3,892,1,0
BRDA:3,893,0,0
BRDA:3,893,1,0
BRDA:3,894,0,0
BRDA:3,894,1,0
BRDA:4,895,0,0
BRDA:4,895,1,0
BRDA:4,896,0,0
BRDA:4,896,1,0
BRDA:4,897,0,0
BRDA:4,897,1,0
BRDA:4,898,0,0
BRDA:4,898,1,0
BRDA:4,899,0,0
BRDA:4,899,1,0
BRDA:4,900,0,0
BRDA:4,900,1,0
BRDA:4,901,0,0
BRDA:4,901,1,0
BRDA:4,902,0,0
BRDA:4,902,1,0
BRDA:4,903,0,0
BRDA:4,903,1,0
BRDA:4,904,0,0
BRDA:4,904,1,0
BRDA:4,905,0,0
BRDA:4,905,1,0
BRDA:4,906,0,0
BRDA:4,906,1,0
BRDA:4,907,0,0
BRDA:4,907,1,0
BRDA:4,908,0,0
BRDA:4,908,1,0
BRDA:4,909,0,0
BRDA:4,909,1,0
BRDA:4,910,0,0
BRDA:4,910,1,0
BRDA:4,911,0,0
BRDA:4,911,1,0
BRDA:4,911,2,0
BRDA:4,912,0,0
BRDA:4,912,1,0
BRDA:4,913,0,0
BRDA:4,913,1,0
BRDA:4,914,0,0
BRDA:4,914,1,0
BRDA:4,915,0,0
BRDA:4,915,1,0
BRDA:4,916,0,0
BRDA:4,916,1,0
BRDA:4,916,2,0
BRDA:4,917,0,0
BRDA:4,917,1,0
BRDA:4,917,2,0
BRDA:4,918,0,0
BRDA:4,918,1,0
BRDA:4,919,0,0
BRDA:4,919,1,0
BRDA:4,920,0,0
BRDA:4,920,1,0
BRDA:4,921,0,0
BRDA:4,921,1,0
BRDA:4,922,0,0
BRDA:4,922,1,0
BRDA:4,923,0,0
BRDA:4,923,1,0
BRDA:4,924,0,0
BRDA:4,924,1,0
BRDA:4,925,0,0
BRDA:4,925,1,0
BRDA:4,925,2,0
BRDA:4,925,3,0
BRDA:4,926,0,0
BRDA:4,926,1,0
BRDA:4,927,0,0
BRDA:4,927,1,0
BRDA:4,928,0,0
BRDA:4,928,1,0
BRDA:4,928,2,0
BRDA:4,929,0,0
BRDA:4,929,1,0
BRDA:4,930,0,0
BRDA:4,930,1,0
BRDA:4,931,0,0
BRDA:4,931,1,0
BRDA:4,932,0,0
BRDA:4,932,1,0
BRDA:4,933,0,0
BRDA:4,933,1,0
BRDA:4,934,0,0
BRDA:4,934,1,0
BRDA:4,935,0,0
BRDA:4,935,1,0
BRDA:4,936,0,0
BRDA:4,936,1,0
BRDA:4,937,0,0
BRDA:4,937,1,0
BRDA:4,938,0,0
BRDA:4,938,1,0
BRDA:4,939,0,0
BRDA:4,939,1,0
BRDA:4,940,0,0
BRDA:4,940,1,0
BRDA:4,941,0,0
BRDA:4,941,1,0
BRDA:4,942,0,0
BRDA:4,942,1,0
BRDA:4,943,0,0
BRDA:4,943,1,0
BRDA:4,944,0,0
BRDA:4,944,1,0
BRDA:4,945,0,0
BRDA:4,945,1,0
BRDA:4,946,0,0
BRDA:4,946,1,0
BRDA:4,947,0,0
BRDA:4,947,1,0
BRDA:4,948,0,0
BRDA:4,948,1,0
BRDA:4,949,0,0
BRDA:4,949,1,0
BRDA:4,950,0,0
BRDA:4,950,1,0
BRDA:4,951,0,0
BRDA:4,951,1,0
BRDA:4,952,0,0
BRDA:4,952,1,0
BRDA:4,953,0,0
BRDA:4,953,1,0
BRDA:4,953,2,0
BRDA:4,953,3,0
BRDA:4,953,4,0
BRDA:4,954,0,0
BRDA:4,954,1,0
BRDA:4,954,2,0
BRDA:4,954,3,0
BRDA:4,954,4,0
BRDA:4,955,0,0
BRDA:4,955,1,0
BRDA:4,956,0,0
BRDA:4,956,1,0
BRDA:4,957,0,0
BRDA:4,957,1,0
BRDA:4,958,0,0
BRDA:4,958,1,0
BRDA:4,958,2,0
BRDA:4,959,0,0
BRDA:4,959,1,0
BRDA:4,960,0,0
BRDA:4,960,1,0
BRDA:4,961,0,0
BRDA:4,961,1,0
BRDA:4,961,2,0
BRDA:4,962,0,0
BRDA:4,962,1,0
BRDA:4,963,0,0
BRDA:4,963,1,0
BRDA:4,964,0,0
BRDA:4,964,1,0
BRDA:4,965,0,0
BRDA:4,965,1,0
BRDA:4,965,2,0
BRDA:4,966,0,0
BRDA:4,966,1,0
BRDA:4,967,0,0
BRDA:4,967,1,0
BRDA:4,968,0,0
BRDA:4,968,1,0
BRDA:4,969,0,0
BRDA:4,969,1,0
BRDA:4,969,2,0
BRDA:4,970,0,0
BRDA:4,970,1,0
BRDA:4,970,2,0
BRDA:4,971,0,0
BRDA:4,971,1,0
BRDA:4,972,0,0
BRDA:4,972,1,0
BRDA:4,973,0,0
BRDA:4,973,1,0
BRDA:4,974,0,0
BRDA:4,974,1,0
BRDA:4,974,2,0
BRDA:4,975,0,0
BRDA:4,975,1,0
BRDA:4,976,0,0
BRDA:4,976,1,0
BRDA:4,977,0,0
BRDA:4,977,1,0
BRDA:4,978,0,0
BRDA:4,978,1,0
BRDA:4,979,0,0
BRDA:4,979,1,0
BRDA:4,980,0,0
BRDA:4,980,1,0
BRDA:4,981,0,0
BRDA:4,981,1,0
BRDA:4,982,0,0
BRDA:4,982,1,0
BRDA:4,983,0,0
BRDA:4,983,1,0
BRDA:4,984,0,0
BRDA:4,984,1,0
BRDA:4,985,0,0
BRDA:4,985,1,0
BRDA:4,986,0,0
BRDA:4,986,1,0
BRDA:4,987,0,0
BRDA:4,987,1,0
BRDA:4,988,0,0
BRDA:4,988,1,0
BRDA:4,989,0,0
BRDA:4,989,1,0
BRDA:4,990,0,0
BRDA:4,990,1,0
BRDA:4,991,0,0
BRDA:4,991,1,0
BRDA:4,991,2,0
BRDA:4,991,3,0
BRDA:4,992,0,0
BRDA:4,992,1,0
BRDA:4,993,0,0
BRDA:4,993,1,0
BRDA:4,994,0,0
BRDA:4,994,1,0
BRDA:4,995,0,0
BRDA:4,995,1,0
BRDA:4,995,2,0
BRDA:4,996,0,0
BRDA:4,996,1,0
BRDA:4,997,0,0
BRDA:4,997,1,0
BRDA:4,998,0,0
BRDA:4,998,1,0
BRDA:4,999,0,0
BRDA:4,999,1,0
BRDA:4,1000,0,0
BRDA:4,1000,1,0
BRDA:4,1001,0,0
BRDA:4,1001,1,0
BRDA:4,1002,0,0
BRDA:4,1002,1,0
BRDA:4,1003,0,0
BRDA:4,1003,1,0
BRDA:4,1004,0,0
BRDA:4,1004,1,0
BRDA:4,1004,2,0
BRDA:4,1005,0,0
BRDA:4,1005,1,0
BRDA:4,1006,0,0
BRDA:4,1006,1,0
BRDA:4,1006,2,0
BRDA:4,1007,0,0
BRDA:4,1007,1,0
BRDA:4,1008,0,0
BRDA:4,1008,1,0
BRDA:4,1009,0,0
BRDA:4,1009,1,0
BRDA:4,1010,0,0
BRDA:4,1010,1,0
BRDA:4,1011,0,0
BRDA:4,1011,1,0
BRDA:4,1012,0,0
BRDA:4,1012,1,0
BRDA:4,1012,2,0
BRDA:4,1013,0,0
BRDA:4,1013,1,0
BRDA:4,1014,0,0
BRDA:4,1014,1,0
BRDA:4,1014,2,0
BRDA:4,1015,0,0
BRDA:4,1015,1,0
BRDA:4,1016,0,0
BRDA:4,1016,1,0
BRDA:4,1017,0,0
BRDA:4,1017,1,0
BRDA:4,1017,2,0
BRDA:4,1018,0,0
BRDA:4,1018,1,0
BRDA:4,1019,0,0
BRDA:4,1019,1,0
BRDA:4,1020,0,0
BRDA:4,1020,1,0
BRDA:4,1021,0,0
BRDA:4,1021,1,0
BRDA:4,1022,0,0
BRDA:4,1022,1,0
BRDA:4,1023,0,0
BRDA:4,1023,1,0
BRDA:4,1024,0,0
BRDA:4,1024,1,0
BRDA:4,1024,2,0
BRDA:4,1025,0,0
BRDA:4,1025,1,0
BRDA:4,1025,2,0
BRDA:4,1026,0,0
BRDA:4,1026,1,0
BRDA:4,1027,0,0
BRDA:4,1027,1,0
BRDA:4,1028,0,0
BRDA:4,1028,1,0
BRDA:4,1028,2,0
BRDA:4,1029,0,0
BRDA:4,1029,1,0
BRDA:4,1030,0,0
BRDA:4,1030,1,0
BRDA:4,1031,0,0
BRDA:4,1031,1,0
BRDA:4,1032,0,0
BRDA:4,1032,1,0
BRDA:4,1033,0,0
BRDA:4,1033,1,0
BRDA:4,1033,2,0
BRDA:4,1034,0,0
BRDA:4,1034,1,0
BRDA:4,1035,0,0
BRDA:4,1035,1,0
BRDA:4,1036,0,0
BRDA:4,1036,1,0
BRDA:4,1037,0,0
BRDA:4,1037,1,0
BRDA:4,1038,0,0
BRDA:4,1038,1,0
BRDA:4,1039,0,0
BRDA:4,1039,1,0
BRDA:4,1040,0,0
BRDA:4,1040,1,0
BRDA:4,1041,0,0
BRDA:4,1041,1,0
BRDA:4,1042,0,0
BRDA:4,1042,1,0
BRDA:4,1043,0,0
BRDA:4,1043,1,0
BRDA:4,1044,0,0
BRDA:4,1044,1,0
BRDA:4,1045,0,0
BRDA:4,1045,1,0
BRDA:4,1046,0,0
BRDA:4,1046,1,0
BRDA:4,1047,0,0
BRDA:4,1047,1,0
BRDA:4,1048,0,0
BRDA:4,1048,1,0
BRDA:4,1049,0,0
BRDA:4,1049,1,0
BRDA:4,1050,0,0
BRDA:4,1050,1,0
BRDA:4,1051,0,0
BRDA:4,1051,1,0
BRDA:4,1051,2,0
BRDA:4,1052,0,0
BRDA:4,1052,1,0
BRDA:4,1052,2,0
BRDA:4,1053,0,0
BRDA:4,1053,1,0
BRDA:4,1054,0,0
BRDA:4,1054,1,0
BRDA:4,1055,0,0
BRDA:4,1055,1,0
BRDA:4,1056,0,0
BRDA:4,1056,1,0
BRDA:4,1056,2,0
BRDA:4,1057,0,0
BRDA:4,1057,1,0
BRDA:4,1058,0,0
BRDA:4,1058,1,0
BRDA:4,1058,2,0
BRDA:4,1059,0,0
BRDA:4,1059,1,0
BRDA:4,1060,0,0
BRDA:4,1060,1,0
BRDA:4,1061,0,0
BRDA:4,1061,1,0
BRDA:4,1061,2,0
BRDA:4,1062,0,0
BRDA:4,1062,1,0
BRDA:4,1063,0,0
BRDA:4,1063,1,0
BRDA:4,1064,0,0
BRDA:4,1064,1,0
BRDA:4,1065,0,0
BRDA:4,1065,1,0
BRDA:4,1066,0,0
BRDA:4,1066,1,0
BRDA:4,1067,0,0
BRDA:4,1067,1,0
BRDA:4,1068,0,0
BRDA:4,1068,1,0
BRDA:4,1069,0,0
BRDA:4,1069,1,0
BRDA:4,1070,0,0
BRDA:4,1070,1,0
BRDA:4,1071,0,0
BRDA:4,1071,1,0
BRDA:4,1072,0,0
BRDA:4,1072,1,0
BRDA:4,1073,0,0
BRDA:4,1073,1,0
BRDA:4,1074,0,0
BRDA:4,1074,1,0
BRDA:4,1075,0,0
BRDA:4,1075,1,0
BRDA:4,1076,0,0
BRDA:4,1076,1,0
BRDA:4,1077,0,0
BRDA:4,1077,1,0
BRDA:4,1078,0,0
BRDA:4,1078,1,0
BRDA:4,1079,0,0
BRDA:4,1079,1,0
BRDA:4,1080,0,0
BRDA:4,1080,1,0
BRDA:4,1081,0,0
BRDA:4,1081,1,0
BRDA:4,1082,0,0
BRDA:4,1082,1,0
BRDA:4,1083,0,0
BRDA:4,1083,1,0
BRDA:4,1084,0,0
BRDA:4,1084,1,0
BRDA:4,1085,0,0
BRDA:4,1085,1,0
BRDA:4,1086,0,0
BRDA:4,1086,1,0
BRDA:4,1086,2,0
BRDA:4,1087,0,0
BRDA:4,1087,1,0
BRDA:4,1088,0,0
BRDA:4,1088,1,0
BRDA:4,1089,0,0
BRDA:4,1089,1,0
BRDA:4,1090,0,0
BRDA:4,1090,1,0
BRDA:4,1091,0,0
BRDA:4,1091,1,0
BRDA:4,1092,0,0
BRDA:4,1092,1,0
BRDA:4,1093,0,0
BRDA:4,1093,1,0
BRDA:4,1094,0,0
BRDA:4,1094,1,0
BRDA:4,1095,0,0
BRDA:4,1095,1,0
BRDA:4,1096,0,0
BRDA:4,1096,1,0
BRDA:4,1097,0,0
BRDA:4,1097,1,0
BRDA:4,1097,2,0
BRDA:4,1098,0,0
BRDA:4,1098,1,0
BRDA:4,1099,0,0
BRDA:4,1099,1,0
BRDA:4,1100,0,0
BRDA:4,1100,1,0
BRDA:4,1101,0,0
BRDA:4,1101,1,0
BRDA:4,1102,0,0
BRDA:4,1102,1,0
BRDA:4,1103,0,0
BRDA:4,1103,1,0
BRDA:4,1103,2,0
BRDA:4,1103,3,0
BRDA:4,1104,0,0
BRDA:4,1104,1,0
BRDA:4,1105,0,0
BRDA:4,1105,1,0
BRDA:4,1106,0,0
BRDA:4,1106,1,0
BRDA:4,1107,0,0
BRDA:4,1107,1,0
BRDA:4,1108,0,0
BRDA:4,1108,1,0
BRDA:4,1109,0,0
BRDA:4,1109,1,0
BRDA:4,1110,0,0
BRDA:4,1110,1,0
BRDA:4,1110,2,0
BRDA:4,1111,0,0
BRDA:4,1111,1,0
BRDA:4,1112,0,0
BRDA:4,1112,1,0
BRDA:4,1112,2,0
BRDA:4,1113,0,0
BRDA:4,1113,1,0
BRDA:4,1114,0,0
BRDA:4,1114,1,0
BRDA:4,1115,0,0
BRDA:4,1115,1,0
BRDA:4,1116,0,0
BRDA:4,1116,1,0
BRDA:4,1117,0,0
BRDA:4,1117,1,0
BRDA:4,1118,0,0
BRDA:4,1118,1,0
BRDA:4,1119,0,0
BRDA:4,1119,1,0
BRDA:4,1120,0,0
BRDA:4,1120,1,0
BRDA:4,1121,0,0
BRDA:4,1121,1,0
BRDA:4,1122,0,0
BRDA:4,1122,1,0
BRDA:4,1123,0,0
BRDA:4,1123,1,0
BRDA:4,1124,0,0
BRDA:4,1124,1,0
BRDA:4,1125,0,0
BRDA:4,1125,1,0
BRDA:4,1126,0,0
BRDA:4,1126,1,0
BRDA:4,1127,0,0
BRDA:4,1127,1,0
BRDA:4,1128,0,0
BRDA:4,1128,1,0
BRDA:4,1129,0,0
BRDA:4,1129,1,0
BRDA:4,1129,2,0
BRDA:4,1130,0,0
BRDA:4,1130,1,0
BRDA:4,1131,0,0
BRDA:4,1131,1,0
BRDA:4,1132,0,0
BRDA:4,1132,1,0
BRDA:4,1133,0,0
BRDA:4,1133,1,0
BRDA:4,1134,0,0
BRDA:4,1134,1,0
BRDA:4,1135,0,0
BRDA:4,1135,1,0
BRDA:4,1136,0,0
BRDA:4,1136,1,0
BRDA:4,1137,0,0
BRDA:4,1137,1,0
BRDA:4,1138,0,0
BRDA:4,1138,1,0
BRDA:4,1139,0,0
BRDA:4,1139,1,0
BRDA:4,1140,0,0
BRDA:4,1140,1,0
BRDA:4,1141,0,0
BRDA:4,1141,1,0
BRDA:4,1142,0,0
BRDA:4,1142,1,0
BRDA:4,1143,0,0
BRDA:4,1143,1,0
BRDA:4,1143,2,0
BRDA:4,1144,0,0
BRDA:4,1144,1,0
BRDA:4,1144,2,0
BRDA:4,1144,3,0
BRDA:4,1145,0,0
BRDA:4,1145,1,0
BRDA:4,1146,0,0
BRDA:4,1146,1,0
BRDA:4,1147,0,0
BRDA:4,1147,1,0
BRDA:4,1148,0,0
BRDA:4,1148,1,0
BRDA:4,1148,2,0
BRDA:4,1148,3,0
BRDA:4,1149,0,0
BRDA:4,1149,1,0
BRDA:4,1150,0,0
BRDA:4,1150,1,0
BRDA:4,1151,0,0
BRDA:4,1151,1,0
BRDA:4,1152,0,0
BRDA:4,1152,1,0
BRDA:4,1153,0,0
BRDA:4,1153,1,0
BRDA:4,1153,2,0
BRDA:4,1153,3,0
BRDA:4,1154,0,0
BRDA:4,1154,1,0
BRDA:4,1155,0,0
BRDA:4,1155,1,0
BRDA:4,1155,2,0
BRDA:4,1156,0,0
BRDA:4,1156,1,0
BRDA:4,1157,0,0
BRDA:4,1157,1,0
BRDA:4,1158,0,0
BRDA:4,1158,1,0
BRDA:4,1159,0,0
BRDA:4,1159,1,0
BRDA:4,1160,0,0
BRDA:4,1160,1,0
BRDA:4,1161,0,0
BRDA:4,1161,1,0
BRDA:4,1162,0,0
BRDA:4,1162,1,0
BRDA:4,1163,0,0
BRDA:4,1163,1,0
BRDA:4,1164,0,0
BRDA:4,1164,1,0
BRDA:4,1165,0,0
BRDA:4,1165,1,0
BRDA:4,1165,2,0
BRDA:4,1165,3,0
BRDA:4,1165,4,0
BRDA:4,1166,0,0
BRDA:4,1166,1,0
BRDA:4,1167,0,0
BRDA:4,1167,1,0
BRDA:4,1168,0,0
BRDA:4,1168,1,0
BRDA:4,1169,0,0
BRDA:4,1169,1,0
BRDA:4,1170,0,0
BRDA:4,1170,1,0
BRDA:4,1170,2,0
BRDA:4,1171,0,0
BRDA:4,1171,1,0
BRDA:4,1172,0,0
BRDA:4,1172,1,0
BRDA:4,1173,0,0
BRDA:4,1173,1,0
BRDA:4,1174,0,0
BRDA:4,1174,1,0
BRDA:4,1174,2,0
BRDA:4,1175,0,0
BRDA:4,1175,1,0
BRDA:4,1176,0,0
BRDA:4,1176,1,0
BRDA:4,1177,0,0
BRDA:4,1177,1,0
BRDA:4,1178,0,0
BRDA:4,1178,1,0
BRDA:4,1179,0,0
BRDA:4,1179,1,0
BRDA:4,1180,0,0
BRDA:4,1180,1,0
BRDA:4,1180,2,0
BRDA:4,1181,0,0
BRDA:4,1181,1,0
BRDA:4,1182,0,0
BRDA:4,1182,1,0
BRDA:4,1183,0,0
BRDA:4,1183,1,0
BRDA:4,1184,0,0
BRDA:4,1184,1,0
BRDA:4,1185,0,0
BRDA:4,1185,1,0
BRDA:4,1186,0,0
BRDA:4,1186,1,0
BRDA:4,1187,0,0
BRDA:4,1187,1,0
BRDA:4,1188,0,0
BRDA:4,1188,1,0
BRDA:4,1189,0,0
BRDA:4,1189,1,0
BRDA:4,1189,2,0
BRDA:4,1190,0,0
BRDA:4,1190,1,0
BRDA:4,1191,0,0
BRDA:4,1191,1,0
BRDA:4,1192,0,0
BRDA:4,1192,1,0
BRDA:4,1193,0,0
BRDA:4,1193,1,0
BRDA:4,1194,0,0
BRDA:4,1194,1,0
BRDA:4,1195,0,0
BRDA:4,1195,1,0
BRDA:4,1196,0,0
BRDA:4,1196,1,0
BRDA:4,1197,0,0
BRDA:4,1197,1,0
BRDA:4,1198,0,0
BRDA:4,1198,1,0
BRDA:4,1199,0,0
BRDA:4,1199,1,0
BRDA:4,1200,0,0
BRDA:4,1200,1,0
BRDA:4,1201,0,0
BRDA:4,1201,1,0
BRDA:4,1202,0,0
BRDA:4,1202,1,0
BRDA:4,1203,0,0
BRDA:4,1203,1,0
BRDA:4,1204,0,0
BRDA:4,1204,1,0
BRDA:4,1205,0,0
BRDA:4,1205,1,0
BRDA:4,1206,0,0
BRDA:4,1206,1,0
BRDA:4,1207,0,0
BRDA:4,1207,1,0
BRDA:4,1208,0,0
BRDA:4,1208,1,0
BRDA:4,1209,0,0
BRDA:4,1209,1,0
BRDA:4,1209,2,0
BRDA:4,1210,0,0
BRDA:4,1210,1,0
BRDA:4,1211,0,0
BRDA:4,1211,1,0
BRDA:4,1212,0,0
BRDA:4,1212,1,0
BRDA:4,1213,0,0
BRDA:4,1213,1,0
BRDA:4,1214,0,0
BRDA:4,1214,1,0
BRDA:4,1215,0,0
BRDA:4,1215,1,0
BRDA:4,1216,0,0
BRDA:4,1216,1,0
BRDA:4,1216,2,0
BRDA:4,1217,0,0
BRDA:4,1217,1,0
BRDA:4,1218,0,0
BRDA:4,1218,1,0
BRDA:4,1219,0,0
BRDA:4,1219,1,0
BRDA:4,1220,0,0
BRDA:4,1220,1,0
BRDA:4,1221,0,0
BRDA:4,1221,1,0
BRDA:4,1222,0,0
BRDA:4,1222,1,0
BRDA:4,1223,0,0
BRDA:4,1223,1,0
BRDA:4,1224,0,0
BRDA:4,1224,1,0
BRDA:4,1225,0,0
BRDA:4,1225,1,0
BRDA:4,1226,0,0
BRDA:4,1226,1,0
BRDA:4,1227,0,0
BRDA:4,1227,1,0
BRDA:4,1228,0,0
BRDA:4,1228,1,0
BRDA:4,1229,0,0
BRDA:4,1229,1,0
BRDA:4,1229,2,0
BRDA:4,1230,0,0
BRDA:4,1230,1,0
BRDA:4,1231,0,0
BRDA:4,1231,1,0
BRDA:4,1231,2,0
BRDA:4,1231,3,0
BRDA:4,1231,4,0
BRDA:4,1231,5,0
BRDA:4,1232,0,0
BRDA:4,1232,1,0
BRDA:4,1233,0,0
BRDA:4,1233,1,0
BRDA:4,1234,0,0
BRDA:4,1234,1,0
BRDA:4,1235,0,0
BRDA:4,1235,1,0
BRDA:4,1236,0,0
BRDA:4,1236,1,0
BRDA:4,1237,0,0
BRDA:4,1237,1,0
BRDA:4,1237,2,0
BRDA:4,1238,0,0
BRDA:4,1238,1,0
BRDA:4,1239,0,0
BRDA:4,1239,1,0
BRDA:4,1240,0,0
BRDA:4,1240,1,0
BRDA:4,1241,0,0
BRDA:4,1241,1,0
BRDA:4,1242,0,0
BRDA:4,1242,1,0
BRDA:4,1243,0,0
BRDA:4,1243,1,0
BRDA:4,1244,0,0
BRDA:4,1244,1,0
BRDA:4,1244,2,0
BRDA:4,1245,0,0
BRDA:4,1245,1,0
BRDA:4,1245,2,0
BRDA:4,1246,0,0
BRDA:4,1246,1,0
BRDA:4,1246,2,0
BRDA:4,1247,0,0
BRDA:4,1247,1,0
BRDA:4,1248,0,0
BRDA:4,1248,1,0
BRDA:4,1248,2,0
BRDA:4,1249,0,0
BRDA:4,1249,1,0
BRDA:4,1250,0,0
BRDA:4,1250,1,0
BRDA:4,1251,0,0
BRDA:4,1251,1,0
BRDA:4,1252,0,0
BRDA:4,1252,1,0
BRDA:4,1253,0,0
BRDA:4,1253,1,0
BRDA:4,1253,2,0
BRDA:4,1254,0,0
BRDA:4,1254,1,0
BRDA:4,1255,0,0
BRDA:4,1255,1,0
BRDA:4,1256,0,0
BRDA:4,1256,1,0
BRDA:4,1257,0,0
BRDA:4,1257,1,0
BRDA:4,1258,0,0
BRDA:4,1258,1,0
BRDA:4,1259,0,0
BRDA:4,1259,1,0
BRDA:4,1260,0,0
BRDA:4,1260,1,0
BRDA:4,1261,0,0
BRDA:4,1261,1,0
BRDA:4,1262,0,0
BRDA:4,1262,1,0
BRDA:4,1263,0,0
BRDA:4,1263,1,0
BRDA:4,1263,2,0
BRDA:4,1264,0,0
BRDA:4,1264,1,0
BRDA:4,1265,0,0
BRDA:4,1265,1,0
BRDA:4,1265,2,0
BRDA:4,1265,3,0
BRDA:4,1266,0,0
BRDA:4,1266,1,0
BRDA:4,1267,0,0
BRDA:4,1267,1,0
BRDA:4,1268,0,0
BRDA:4,1268,1,0
BRDA:4,1269,0,0
BRDA:4,1269,1,0
BRDA:4,1270,0,0
BRDA:4,1270,1,0
BRDA:4,1271,0,0
BRDA:4,1271,1,0
BRDA:4,1272,0,0
BRDA:4,1272,1,0
BRDA:4,1272,2,0
BRDA:4,1272,3,0
BRDA:4,1273,0,0
BRDA:4,1273,1,0
BRDA:4,1274,0,0
BRDA:4,1274,1,0
BRDA:4,1275,0,0
BRDA:4,1275,1,0
BRDA:4,1276,0,0
BRDA:4,1276,1,0
BRDA:4,1277,0,0
BRDA:4,1277,1,0
BRDA:4,1278,0,0
BRDA:4,1278,1,0
BRDA:4,1279,0,0
BRDA:4,1279,1,0
BRDA:4,1280,0,0
BRDA:4,1280,1,0
BRDA:4,1281,0,0
BRDA:4,1281,1,0
BRDA:4,1282,0,0
BRDA:4,1282,1,0
BRDA:4,1283,0,0
BRDA:4,1283,1,0
BRDA:4,1283,2,0
BRDA:4,1284,0,0
BRDA:4,1284,1,0
BRDA:4,1285,0,0
BRDA:4,1285,1,0
BRDA:4,1286,0,0
BRDA:4,1286,1,0
BRDA:4,1287,0,0
BRDA:4,1287,1,0
BRDA:4,1288,0,0
BRDA:4,1288,1,0
BRDA:4,1289,0,0
BRDA:4,1289,1,0
BRDA:4,1290,0,0
BRDA:4,1290,1,0
BRDA:4,1290,2,0
BRDA:4,1291,0,0
BRDA:4,1291,1,0
BRDA:4,1292,0,0
BRDA:4,1292,1,0
BRDA:4,1293,0,0
BRDA:4,1293,1,0
BRDA:4,1294,0,0
BRDA:4,1294,1,0
BRDA:4,1295,0,0
BRDA:4,1295,1,0
BRDA:4,1295,2,0
BRDA:4,1296,0,0
BRDA:4,1296,1,0
BRDA:4,1297,0,0
BRDA:4,1297,1,0
BRDA:4,1298,0,0
BRDA:4,1298,1,0
BRDA:4,1299,0,0
BRDA:4,1299,1,0
BRDA:4,1300,0,0
BRDA:4,1300,1,0
BRDA:4,1301,0,0
BRDA:4,1301,1,0
BRDA:4,1302,0,0
BRDA:4,1302,1,0
BRDA:4,1303,0,0
BRDA:4,1303,1,0
BRDA:4,1304,0,0
BRDA:4,1304,1,0
BRDA:4,1305,0,0
BRDA:4,1305,1,0
BRDA:4,1305,2,0
BRDA:4,1306,0,0
BRDA:4,1306,1,0
BRDA:4,1307,0,0
BRDA:4,1307,1,0
BRDA:4,1308,0,0
BRDA:4,1308,1,0
BRDA:4,1309,0,0
BRDA:4,1309,1,0
BRDA:4,1310,0,0
BRDA:4,1310,1,0
BRDA:4,1311,0,0
BRDA:4,1311,1,0
BRDA:4,1312,0,0
BRDA:4,1312,1,0
BRDA:4,1313,0,0
BRDA:4,1313,1,0
BRDA:4,1314,0,0
BRDA:4,1314,1,0
BRDA:4,1315,0,0
BRDA:4,1315,1,0
BRDA:4,1316,0,0
BRDA:4,1316,1,0
BRDA:4,1317,0,0
BRDA:4,1317,1,0
BRDA:4,1318,0,0
BRDA:4,1318,1,0
BRDA:4,1319,0,0
BRDA:4,1319,1,0
BRDA:4,1320,0,0
BRDA:4,1320,1,0
BRDA:4,1321,0,0
BRDA:4,1321,1,0
BRDA:4,1322,0,0
BRDA:4,1322,1,0
BRDA:4,1323,0,0
BRDA:4,1323,1,0
BRDA:4,1324,0,0
BRDA:4,1324,1,0
BRDA:4,1325,0,0
BRDA:4,1325,1,0
BRDA:4,1326,0,0
BRDA:4,1326,1,0
BRDA:4,1326,2,0
BRDA:4,1327,0,0
BRDA:4,1327,1,0
BRDA:4,1328,0,0
BRDA:4,1328,1,0
BRDA:4,1329,0,0
BRDA:4,1329,1,0
BRDA:4,1330,0,0
BRDA:4,1330,1,0
BRDA:4,1331,0,0
BRDA:4,1331,1,0
BRDA:4,1332,0,0
BRDA:4,1332,1,0
BRDA:4,1333,0,0
BRDA:4,1333,1,0
BRDA:4,1334,0,0
BRDA:4,1334,1,0
BRDA:4,1335,0,0
BRDA:4,1335,1,0
BRDA:5,1336,0,0
BRDA:5,1336,1,0
BRDA:5,1336,2,0
BRDA:5,1337,0,0
BRDA:5,1337,1,0
BRDA:5,1338,0,0
BRDA:5,1338,1,0
BRDA:5,1339,0,0
BRDA:5,1339,1,0
BRDA:5,1340,0,0
BRDA:5,1340,1,0
BRDA:5,1341,0,0
BRDA:5,1341,1,0
BRDA:5,1342,0,0
BRDA:5,1342,1,0
BRDA:5,1343,0,0
BRDA:5,1343,1,0
BRDA:5,1344,0,0
BRDA:5,1344,1,0
BRDA:5,1345,0,0
BRDA:5,1345,1,0
BRDA:5,1346,0,0
BRDA:5,1346,1,0
BRDA:5,1346,2,0
BRDA:5,1347,0,0
BRDA:5,1347,1,0
BRDA:5,1348,0,0
BRDA:5,1348,1,0
BRDA:5,1348,2,0
BRDA:5,1349,0,0
BRDA:5,1349,1,0
BRF:2998
BRH:0
end_of_record
TN:
SF:/Users/hassankhokhar/Desktop/Expanse/app/utils/asyncInjectors.js
FN:13,checkStore
FN:31,injectAsyncReducer
FN:32,injectReducer
FN:50,injectAsyncSagas
FN:51,injectSagas
FN:71,getAsyncInjectors
FNF:6
FNH:6
FNDA:12,checkStore
FNDA:5,injectAsyncReducer
FNDA:8,injectReducer
FNDA:3,injectAsyncSagas
FNDA:4,injectSagas
FNDA:2,getAsyncInjectors
DA:14,12
DA:22,12
DA:32,5
DA:33,8
DA:35,8
DA:40,4
DA:42,2
DA:43,2
DA:51,3
DA:52,4
DA:54,4
DA:59,2
DA:64,2
DA:72,2
DA:74,1
LF:15
LH:15
BRDA:33,0,0,7
BRDA:33,0,1,1
BRDA:36,1,0,8
BRDA:36,1,1,7
BRDA:36,1,2,6
BRDA:40,2,0,2
BRDA:40,2,1,2
BRDA:52,3,0,3
BRDA:52,3,1,1
BRF:9
BRH:9
end_of_record
